[2019-07-16 01:00:06] 5d2d4bc212e50 REGULAR DEBUG - "Notification::sendPixelClick Starting."
[2019-07-16 01:00:06] 5d2d4bc212e50 REGULAR DEBUG - "Google::__construct Request to Google: Pixel:  | Pub: "
[2019-07-16 01:00:06] 5d2d4bc212e50 REGULAR DEBUG - "Notification::sendPixelClick Ending."
[2019-07-16 01:00:06] 5d2d4bc212e50 REGULAR DEBUG - "Notification::savePixel Starting."
[2019-07-16 01:00:06] 5d2d4bc212e50 REGULAR DEBUG - "Pixel Log saved for Msisdn:542634640306 | MedioId: 588 | PaqueteId: 785"
[2019-07-16 01:00:06] 5d2d4bc212e50 REGULAR DEBUG - "Notification::savePixel Ending."
[2019-07-16 01:00:06] 5d2d4bc212e50 REGULAR DEBUG - "Notification::deletePresubscription Starting."
[2019-07-16 01:00:06] 5d2d4bc212e50 REGULAR DEBUG - "Notification::deletePresubscription Ending."
[2019-07-16 01:00:06] 5d2d4bc212e50 REGULAR DEBUG - "Notification::sendPixelClick Starting."
[2019-07-16 01:00:06] 5d2d4bc212e50 REGULAR DEBUG - "Google::__construct Request to Google: Pixel:  | Pub: "
[2019-07-16 01:00:06] 5d2d4bc212e50 REGULAR DEBUG - "Notification::sendPixelClick Ending."
[2019-07-16 01:00:06] 5d2d4bc212e50 REGULAR DEBUG - "Notification::savePixel Starting."
[2019-07-16 01:00:06] 5d2d4bc212e50 REGULAR DEBUG - "Pixel Log saved for Msisdn:543415760974 | MedioId: 588 | PaqueteId: 785"
[2019-07-16 01:00:06] 5d2d4bc212e50 REGULAR DEBUG - "Notification::savePixel Ending."
[2019-07-16 01:00:06] 5d2d4bc212e50 REGULAR DEBUG - "Notification::deletePresubscription Starting."
[2019-07-16 01:00:06] 5d2d4bc212e50 REGULAR DEBUG - "Notification::deletePresubscription Ending."
[2019-07-16 01:30:04] 5d2d52c9c58b8 REGULAR DEBUG - "Notification::sendPixelClick Starting."
[2019-07-16 01:30:04] 5d2d52c9c58b8 REGULAR DEBUG - "Google::__construct Request to Google: Pixel:  | Pub: "
[2019-07-16 01:30:04] 5d2d52c9c58b8 REGULAR DEBUG - "Notification::sendPixelClick Ending."
[2019-07-16 01:30:04] 5d2d52c9c58b8 REGULAR DEBUG - "Notification::savePixel Starting."
[2019-07-16 01:30:04] 5d2d52c9c58b8 REGULAR DEBUG - "Pixel Log saved for Msisdn:543884758855 | MedioId: 588 | PaqueteId: 785"
[2019-07-16 01:30:04] 5d2d52c9c58b8 REGULAR DEBUG - "Notification::savePixel Ending."
[2019-07-16 01:30:04] 5d2d52c9c58b8 REGULAR DEBUG - "Notification::deletePresubscription Starting."
[2019-07-16 01:30:04] 5d2d52c9c58b8 REGULAR DEBUG - "Notification::deletePresubscription Ending."
[2019-07-16 01:30:04] 5d2d52c9c58b8 REGULAR DEBUG - "Notification::sendPixelClick Starting."
[2019-07-16 01:30:04] 5d2d52c9c58b8 REGULAR DEBUG - "Google::__construct Request to Google: Pixel:  | Pub: "
[2019-07-16 01:30:04] 5d2d52c9c58b8 REGULAR DEBUG - "Notification::sendPixelClick Ending."
[2019-07-16 01:30:04] 5d2d52c9c58b8 REGULAR DEBUG - "Notification::savePixel Starting."
[2019-07-16 01:30:04] 5d2d52c9c58b8 REGULAR DEBUG - "Pixel Log saved for Msisdn:543856410694 | MedioId: 588 | PaqueteId: 785"
[2019-07-16 01:30:04] 5d2d52c9c58b8 REGULAR DEBUG - "Notification::savePixel Ending."
[2019-07-16 01:30:04] 5d2d52c9c58b8 REGULAR DEBUG - "Notification::deletePresubscription Starting."
[2019-07-16 01:30:04] 5d2d52c9c58b8 REGULAR DEBUG - "Notification::deletePresubscription Ending."
[2019-07-16 02:00:04] 5d2d59d19d84a REGULAR DEBUG - "Notification::sendPixelClick Starting."
[2019-07-16 02:00:04] 5d2d59d19d84a REGULAR DEBUG - "Google::__construct Request to Google: Pixel:  | Pub: "
[2019-07-16 02:00:04] 5d2d59d19d84a REGULAR DEBUG - "Notification::sendPixelClick Ending."
[2019-07-16 02:00:04] 5d2d59d19d84a REGULAR DEBUG - "Notification::savePixel Starting."
[2019-07-16 02:00:04] 5d2d59d19d84a REGULAR DEBUG - "Pixel Log saved for Msisdn:543877586363 | MedioId: 588 | PaqueteId: 785"
[2019-07-16 02:00:04] 5d2d59d19d84a REGULAR DEBUG - "Notification::savePixel Ending."
[2019-07-16 02:00:04] 5d2d59d19d84a REGULAR DEBUG - "Notification::deletePresubscription Starting."
[2019-07-16 02:00:04] 5d2d59d19d84a REGULAR DEBUG - "Notification::deletePresubscription Ending."
[2019-07-16 02:15:06] 5d2d5d55c89cb REGULAR DEBUG - "Notification::sendPixelClick Starting."
[2019-07-16 02:15:06] 5d2d5d55c89cb REGULAR DEBUG - "Google::__construct Request to Google: Pixel:  | Pub: "
[2019-07-16 02:15:06] 5d2d5d55c89cb REGULAR DEBUG - "Notification::sendPixelClick Ending."
[2019-07-16 02:15:06] 5d2d5d55c89cb REGULAR DEBUG - "Notification::savePixel Starting."
[2019-07-16 02:15:06] 5d2d5d55c89cb REGULAR DEBUG - "Pixel Log saved for Msisdn:543625201721 | MedioId: 588 | PaqueteId: 785"
[2019-07-16 02:15:06] 5d2d5d55c89cb REGULAR DEBUG - "Notification::savePixel Ending."
[2019-07-16 02:15:06] 5d2d5d55c89cb REGULAR DEBUG - "Notification::deletePresubscription Starting."
[2019-07-16 02:15:06] 5d2d5d55c89cb REGULAR DEBUG - "Notification::deletePresubscription Ending."
[2019-07-16 03:00:03] 5d2d67e13758f REGULAR DEBUG - "Notification::sendPixelClick Starting."
[2019-07-16 03:00:03] 5d2d67e13758f REGULAR DEBUG - "Google::__construct Request to Google: Pixel:  | Pub: "
[2019-07-16 03:00:03] 5d2d67e13758f REGULAR DEBUG - "Notification::sendPixelClick Ending."
[2019-07-16 03:00:03] 5d2d67e13758f REGULAR DEBUG - "Notification::savePixel Starting."
[2019-07-16 03:00:03] 5d2d67e13758f REGULAR DEBUG - "Pixel Log saved for Msisdn:543834942549 | MedioId: 588 | PaqueteId: 785"
[2019-07-16 03:00:03] 5d2d67e13758f REGULAR DEBUG - "Notification::savePixel Ending."
[2019-07-16 03:00:03] 5d2d67e13758f REGULAR DEBUG - "Notification::deletePresubscription Starting."
[2019-07-16 03:00:03] 5d2d67e13758f REGULAR DEBUG - "Notification::deletePresubscription Ending."
[2019-07-16 03:15:03] 5d2d6b65a974f REGULAR DEBUG - "Notification::sendPixelClick Starting."
[2019-07-16 03:15:03] 5d2d6b65a974f REGULAR DEBUG - "Google::__construct Request to Google: Pixel:  | Pub: "
[2019-07-16 03:15:03] 5d2d6b65a974f REGULAR DEBUG - "Notification::sendPixelClick Ending."
[2019-07-16 03:15:03] 5d2d6b65a974f REGULAR DEBUG - "Notification::savePixel Starting."
[2019-07-16 03:15:03] 5d2d6b65a974f REGULAR DEBUG - "Pixel Log saved for Msisdn:543755695083 | MedioId: 588 | PaqueteId: 785"
[2019-07-16 03:15:03] 5d2d6b65a974f REGULAR DEBUG - "Notification::savePixel Ending."
[2019-07-16 03:15:03] 5d2d6b65a974f REGULAR DEBUG - "Notification::deletePresubscription Starting."
[2019-07-16 03:15:03] 5d2d6b65a974f REGULAR DEBUG - "Notification::deletePresubscription Ending."
[2019-07-16 03:15:03] 5d2d6b65a974f REGULAR DEBUG - "Notification::sendPixelClick Starting."
[2019-07-16 03:15:03] 5d2d6b65a974f REGULAR DEBUG - "Google::__construct Request to Google: Pixel:  | Pub: "
[2019-07-16 03:15:03] 5d2d6b65a974f REGULAR DEBUG - "Notification::sendPixelClick Ending."
[2019-07-16 03:15:03] 5d2d6b65a974f REGULAR DEBUG - "Notification::savePixel Starting."
[2019-07-16 03:15:03] 5d2d6b65a974f REGULAR DEBUG - "Pixel Log saved for Msisdn:543875867872 | MedioId: 588 | PaqueteId: 785"
[2019-07-16 03:15:03] 5d2d6b65a974f REGULAR DEBUG - "Notification::savePixel Ending."
[2019-07-16 03:15:03] 5d2d6b65a974f REGULAR DEBUG - "Notification::deletePresubscription Starting."
[2019-07-16 03:15:03] 5d2d6b65a974f REGULAR DEBUG - "Notification::deletePresubscription Ending."
[2019-07-16 03:30:03] 5d2d6ee998adf REGULAR DEBUG - "Notification::sendPixelClick Starting."
[2019-07-16 03:30:03] 5d2d6ee998adf REGULAR DEBUG - "Google::__construct Request to Google: Pixel:  | Pub: "
[2019-07-16 03:30:03] 5d2d6ee998adf REGULAR DEBUG - "Notification::sendPixelClick Ending."
[2019-07-16 03:30:03] 5d2d6ee998adf REGULAR DEBUG - "Notification::savePixel Starting."
[2019-07-16 03:30:03] 5d2d6ee998adf REGULAR DEBUG - "Pixel Log saved for Msisdn:541169984950 | MedioId: 588 | PaqueteId: 785"
[2019-07-16 03:30:03] 5d2d6ee998adf REGULAR DEBUG - "Notification::savePixel Ending."
[2019-07-16 03:30:03] 5d2d6ee998adf REGULAR DEBUG - "Notification::deletePresubscription Starting."
[2019-07-16 03:30:03] 5d2d6ee998adf REGULAR DEBUG - "Notification::deletePresubscription Ending."
[2019-07-16 04:15:04] 5d2d79756352e REGULAR DEBUG - "Notification::sendPixelClick Starting."
[2019-07-16 04:15:04] 5d2d79756352e REGULAR DEBUG - "Google::__construct Request to Google: Pixel:  | Pub: "
[2019-07-16 04:15:04] 5d2d79756352e REGULAR DEBUG - "Notification::sendPixelClick Ending."
[2019-07-16 04:15:04] 5d2d79756352e REGULAR DEBUG - "Notification::savePixel Starting."
[2019-07-16 04:15:04] 5d2d79756352e REGULAR DEBUG - "Pixel Log saved for Msisdn:542235315609 | MedioId: 588 | PaqueteId: 785"
[2019-07-16 04:15:04] 5d2d79756352e REGULAR DEBUG - "Notification::savePixel Ending."
[2019-07-16 04:15:04] 5d2d79756352e REGULAR DEBUG - "Notification::deletePresubscription Starting."
[2019-07-16 04:15:04] 5d2d79756352e REGULAR DEBUG - "Notification::deletePresubscription Ending."
[2019-07-16 06:05:03] 5d2d933d9943a REGULAR DEBUG - "Notification::sendPixelClick Starting."
[2019-07-16 06:05:03] 5d2d933d9943a REGULAR DEBUG - "Google::__construct Request to Google: Pixel:  | Pub: "
[2019-07-16 06:05:03] 5d2d933d9943a REGULAR DEBUG - "Notification::sendPixelClick Ending."
[2019-07-16 06:05:03] 5d2d933d9943a REGULAR DEBUG - "Notification::savePixel Starting."
[2019-07-16 06:05:03] 5d2d933d9943a REGULAR DEBUG - "Pixel Log saved for Msisdn:542616239232 | MedioId: 588 | PaqueteId: 785"
[2019-07-16 06:05:03] 5d2d933d9943a REGULAR DEBUG - "Notification::savePixel Ending."
[2019-07-16 06:05:03] 5d2d933d9943a REGULAR DEBUG - "Notification::deletePresubscription Starting."
[2019-07-16 06:05:03] 5d2d933d9943a REGULAR DEBUG - "Notification::deletePresubscription Ending."
[2019-07-16 06:13:03] 5d2d951e27bcf REGULAR DEBUG - "Notification::sendPixelClick Starting."
[2019-07-16 06:13:03] 5d2d951e27bcf REGULAR DEBUG - "Google::__construct Request to Google: Pixel:  | Pub: "
[2019-07-16 06:13:03] 5d2d951e27bcf REGULAR DEBUG - "Notification::sendPixelClick Ending."
[2019-07-16 06:13:03] 5d2d951e27bcf REGULAR DEBUG - "Notification::savePixel Starting."
[2019-07-16 06:13:03] 5d2d951e27bcf REGULAR DEBUG - "Pixel Log saved for Msisdn:541165568397 | MedioId: 588 | PaqueteId: 785"
[2019-07-16 06:13:03] 5d2d951e27bcf REGULAR DEBUG - "Notification::savePixel Ending."
[2019-07-16 06:13:03] 5d2d951e27bcf REGULAR DEBUG - "Notification::deletePresubscription Starting."
[2019-07-16 06:13:03] 5d2d951e27bcf REGULAR DEBUG - "Notification::deletePresubscription Ending."
[2019-07-16 06:49:02] 5d2d9d8d4ec22 REGULAR DEBUG - "Notification::sendPixelClick Starting."
[2019-07-16 06:49:02] 5d2d9d8d4ec22 REGULAR DEBUG - "Google::__construct Request to Google: Pixel:  | Pub: "
[2019-07-16 06:49:02] 5d2d9d8d4ec22 REGULAR DEBUG - "Notification::sendPixelClick Ending."
[2019-07-16 06:49:02] 5d2d9d8d4ec22 REGULAR DEBUG - "Notification::savePixel Starting."
[2019-07-16 06:49:02] 5d2d9d8d4ec22 REGULAR DEBUG - "Pixel Log saved for Msisdn:543855075628 | MedioId: 588 | PaqueteId: 785"
[2019-07-16 06:49:02] 5d2d9d8d4ec22 REGULAR DEBUG - "Notification::savePixel Ending."
[2019-07-16 06:49:02] 5d2d9d8d4ec22 REGULAR DEBUG - "Notification::deletePresubscription Starting."
[2019-07-16 06:49:02] 5d2d9d8d4ec22 REGULAR DEBUG - "Notification::deletePresubscription Ending."
[2019-07-16 09:04:03] 5d2dbd320c524 REGULAR DEBUG - "Notification::sendPixelClick Starting."
[2019-07-16 09:04:03] 5d2dbd320c524 REGULAR DEBUG - "Google::__construct Request to Google: Pixel:  | Pub: "
[2019-07-16 09:04:03] 5d2dbd320c524 REGULAR DEBUG - "Notification::sendPixelClick Ending."
[2019-07-16 09:04:03] 5d2dbd320c524 REGULAR DEBUG - "Notification::savePixel Starting."
[2019-07-16 09:04:03] 5d2dbd320c524 REGULAR DEBUG - "Pixel Log saved for Msisdn:543886654736 | MedioId: 588 | PaqueteId: 785"
[2019-07-16 09:04:03] 5d2dbd320c524 REGULAR DEBUG - "Notification::savePixel Ending."
[2019-07-16 09:04:03] 5d2dbd320c524 REGULAR DEBUG - "Notification::deletePresubscription Starting."
[2019-07-16 09:04:03] 5d2dbd320c524 REGULAR DEBUG - "Notification::deletePresubscription Ending."
[2019-07-16 09:06:03] 5d2dbda9d6872 REGULAR DEBUG - "Notification::sendPixelClick Starting."
[2019-07-16 09:06:03] 5d2dbda9d6872 REGULAR DEBUG - "Google::__construct Request to Google: Pixel:  | Pub: "
[2019-07-16 09:06:03] 5d2dbda9d6872 REGULAR DEBUG - "Notification::sendPixelClick Ending."
[2019-07-16 09:06:03] 5d2dbda9d6872 REGULAR DEBUG - "Notification::savePixel Starting."
[2019-07-16 09:06:03] 5d2dbda9d6872 REGULAR DEBUG - "Pixel Log saved for Msisdn:543854742948 | MedioId: 588 | PaqueteId: 785"
[2019-07-16 09:06:03] 5d2dbda9d6872 REGULAR DEBUG - "Notification::savePixel Ending."
[2019-07-16 09:06:03] 5d2dbda9d6872 REGULAR DEBUG - "Notification::deletePresubscription Starting."
[2019-07-16 09:06:03] 5d2dbda9d6872 REGULAR DEBUG - "Notification::deletePresubscription Ending."
[2019-07-16 09:22:03] 5d2dc16a0810c REGULAR DEBUG - "Notification::sendPixelClick Starting."
[2019-07-16 09:22:03] 5d2dc16a0810c REGULAR DEBUG - "Google::__construct Request to Google: Pixel:  | Pub: "
[2019-07-16 09:22:03] 5d2dc16a0810c REGULAR DEBUG - "Notification::sendPixelClick Ending."
[2019-07-16 09:22:03] 5d2dc16a0810c REGULAR DEBUG - "Notification::savePixel Starting."
[2019-07-16 09:22:03] 5d2dc16a0810c REGULAR DEBUG - "Pixel Log saved for Msisdn:543886654736 | MedioId: 588 | PaqueteId: 785"
[2019-07-16 09:22:03] 5d2dc16a0810c REGULAR DEBUG - "Notification::savePixel Ending."
[2019-07-16 09:22:03] 5d2dc16a0810c REGULAR DEBUG - "Notification::deletePresubscription Starting."
[2019-07-16 09:22:03] 5d2dc16a0810c REGULAR DEBUG - "Notification::deletePresubscription Ending."
[2019-07-16 09:28:03] 5d2dc2d220e50 REGULAR DEBUG - "Notification::sendPixelClick Starting."
[2019-07-16 09:28:03] 5d2dc2d220e50 REGULAR DEBUG - "Google::__construct Request to Google: Pixel:  | Pub: "
[2019-07-16 09:28:03] 5d2dc2d220e50 REGULAR DEBUG - "Notification::sendPixelClick Ending."
[2019-07-16 09:28:03] 5d2dc2d220e50 REGULAR DEBUG - "Notification::savePixel Starting."
[2019-07-16 09:28:03] 5d2dc2d220e50 REGULAR DEBUG - "Pixel Log saved for Msisdn:542304255377 | MedioId: 588 | PaqueteId: 785"
[2019-07-16 09:28:03] 5d2dc2d220e50 REGULAR DEBUG - "Notification::savePixel Ending."
[2019-07-16 09:28:03] 5d2dc2d220e50 REGULAR DEBUG - "Notification::deletePresubscription Starting."
[2019-07-16 09:28:03] 5d2dc2d220e50 REGULAR DEBUG - "Notification::deletePresubscription Ending."
[2019-07-16 09:46:03] 5d2dc70a0421a REGULAR DEBUG - "Notification::sendPixelClick Starting."
[2019-07-16 09:46:03] 5d2dc70a0421a REGULAR DEBUG - "Google::__construct Request to Google: Pixel:  | Pub: "
[2019-07-16 09:46:03] 5d2dc70a0421a REGULAR DEBUG - "Notification::sendPixelClick Ending."
[2019-07-16 09:46:03] 5d2dc70a0421a REGULAR DEBUG - "Notification::savePixel Starting."
[2019-07-16 09:46:03] 5d2dc70a0421a REGULAR DEBUG - "Pixel Log saved for Msisdn:543854742948 | MedioId: 588 | PaqueteId: 785"
[2019-07-16 09:46:03] 5d2dc70a0421a REGULAR DEBUG - "Notification::savePixel Ending."
[2019-07-16 09:46:03] 5d2dc70a0421a REGULAR DEBUG - "Notification::deletePresubscription Starting."
[2019-07-16 09:46:03] 5d2dc70a0421a REGULAR DEBUG - "Notification::deletePresubscription Ending."
[2019-07-16 09:59:02] 5d2dca1569f2d REGULAR DEBUG - "Notification::sendPixelClick Starting."
[2019-07-16 09:59:02] 5d2dca1569f2d REGULAR DEBUG - "Google::__construct Request to Google: Pixel:  | Pub: "
[2019-07-16 09:59:02] 5d2dca1569f2d REGULAR DEBUG - "Notification::sendPixelClick Ending."
[2019-07-16 09:59:02] 5d2dca1569f2d REGULAR DEBUG - "Notification::savePixel Starting."
[2019-07-16 09:59:02] 5d2dca1569f2d REGULAR DEBUG - "Pixel Log saved for Msisdn:543877532179 | MedioId: 588 | PaqueteId: 785"
[2019-07-16 09:59:02] 5d2dca1569f2d REGULAR DEBUG - "Notification::savePixel Ending."
[2019-07-16 09:59:02] 5d2dca1569f2d REGULAR DEBUG - "Notification::deletePresubscription Starting."
[2019-07-16 09:59:02] 5d2dca1569f2d REGULAR DEBUG - "Notification::deletePresubscription Ending."
[2019-07-16 10:13:02] 5d2dcd5d8e2d5 REGULAR DEBUG - "Notification::sendPixelClick Starting."
[2019-07-16 10:13:02] 5d2dcd5d8e2d5 REGULAR DEBUG - "Google::__construct Request to Google: Pixel:  | Pub: "
[2019-07-16 10:13:02] 5d2dcd5d8e2d5 REGULAR DEBUG - "Notification::sendPixelClick Ending."
[2019-07-16 10:13:02] 5d2dcd5d8e2d5 REGULAR DEBUG - "Notification::savePixel Starting."
[2019-07-16 10:13:02] 5d2dcd5d8e2d5 REGULAR DEBUG - "Pixel Log saved for Msisdn:543886654736 | MedioId: 588 | PaqueteId: 785"
[2019-07-16 10:13:02] 5d2dcd5d8e2d5 REGULAR DEBUG - "Notification::savePixel Ending."
[2019-07-16 10:13:02] 5d2dcd5d8e2d5 REGULAR DEBUG - "Notification::deletePresubscription Starting."
[2019-07-16 10:13:02] 5d2dcd5d8e2d5 REGULAR DEBUG - "Notification::deletePresubscription Ending."
