[2019-07-16 00:30:03] 5d2d44ba2ad19 REGULAR DEBUG - "Notification::sendPixelClick Starting."
[2019-07-16 00:30:03] 5d2d44ba2ad19 REGULAR DEBUG - "Google::__construct Request to Google: Pixel: EAIaIQobChMIrf2ytL244wIV5QizAB0K3gErEAEYASAAEgKdDvD_BwE@5ca789bda1686d2786acfbe2@5cfa7a3d695fb00933d344d9 | Pub: "
[2019-07-16 00:30:03] 5d2d44ba2ad19 REGULAR DEBUG - "Hit Google Msisdn: 19394600448 | Pixel : EAIaIQobChMIrf2ytL244wIV5QizAB0K3gErEAEYASAAEgKdDvD_BwE@5ca789bda1686d2786acfbe2@5cfa7a3d695fb00933d344d9 | Response: OK"
[2019-07-16 00:30:03] 5d2d44ba2ad19 REGULAR DEBUG - "Notification::sendPixelClick Ending."
[2019-07-16 00:30:03] 5d2d44ba2ad19 REGULAR DEBUG - "Notification::savePixel Starting."
[2019-07-16 00:30:03] 5d2d44ba2ad19 REGULAR DEBUG - "Pixel Log saved for Msisdn:19394600448 | MedioId: 208 | PaqueteId: 624"
[2019-07-16 00:30:03] 5d2d44ba2ad19 REGULAR DEBUG - "Notification::savePixel Ending."
[2019-07-16 00:30:03] 5d2d44ba2ad19 REGULAR DEBUG - "Notification::deletePresubscription Starting."
[2019-07-16 00:30:03] 5d2d44ba2ad19 REGULAR DEBUG - "Notification::deletePresubscription Ending."
[2019-07-16 02:15:03] 5d2d5d55c89cb REGULAR DEBUG - "Notification::sendPixelClick Starting."
[2019-07-16 02:15:03] 5d2d5d55c89cb REGULAR DEBUG - "Google::__construct Request to Google: Pixel: EAIaIQobChMIk9StydO44wIVYZVbCh13LwsUEAEYASAAEgI54fD_BwE@5ca789bda1686d2786acfbe2@5cfa7a3d695fb00933d344d9 | Pub: "
[2019-07-16 02:15:03] 5d2d5d55c89cb REGULAR DEBUG - "Hit Google Msisdn: 19394177885 | Pixel : EAIaIQobChMIk9StydO44wIVYZVbCh13LwsUEAEYASAAEgI54fD_BwE@5ca789bda1686d2786acfbe2@5cfa7a3d695fb00933d344d9 | Response: OK"
[2019-07-16 02:15:03] 5d2d5d55c89cb REGULAR DEBUG - "Notification::sendPixelClick Ending."
[2019-07-16 02:15:03] 5d2d5d55c89cb REGULAR DEBUG - "Notification::savePixel Starting."
[2019-07-16 02:15:03] 5d2d5d55c89cb REGULAR DEBUG - "Pixel Log saved for Msisdn:19394177885 | MedioId: 208 | PaqueteId: 624"
[2019-07-16 02:15:03] 5d2d5d55c89cb REGULAR DEBUG - "Notification::savePixel Ending."
[2019-07-16 02:15:03] 5d2d5d55c89cb REGULAR DEBUG - "Notification::deletePresubscription Starting."
[2019-07-16 02:15:03] 5d2d5d55c89cb REGULAR DEBUG - "Notification::deletePresubscription Ending."
[2019-07-16 08:45:03] 5d2db8be04604 REGULAR DEBUG - "Notification::sendPixelClick Starting."
[2019-07-16 08:45:03] 5d2db8be04604 REGULAR DEBUG - "Google::__construct Request to Google: Pixel: EAIaIQobChMI2NnG46u54wIVR2zBCh39Ag-UEAEYASAAEgLLt_D_BwE@5ca789bda1686d2786acfbe2@5cf1c7fd695fb00933cde6ed | Pub: "
[2019-07-16 08:45:04] 5d2db8be04604 REGULAR DEBUG - "Hit Google Msisdn: 19394005325 | Pixel : EAIaIQobChMI2NnG46u54wIVR2zBCh39Ag-UEAEYASAAEgLLt_D_BwE@5ca789bda1686d2786acfbe2@5cf1c7fd695fb00933cde6ed | Response: OK"
[2019-07-16 08:45:04] 5d2db8be04604 REGULAR DEBUG - "Notification::sendPixelClick Ending."
[2019-07-16 08:45:04] 5d2db8be04604 REGULAR DEBUG - "Notification::savePixel Starting."
[2019-07-16 08:45:04] 5d2db8be04604 REGULAR DEBUG - "Pixel Log saved for Msisdn:19394005325 | MedioId: 65 | PaqueteId: 787"
[2019-07-16 08:45:04] 5d2db8be04604 REGULAR DEBUG - "Notification::savePixel Ending."
[2019-07-16 08:45:04] 5d2db8be04604 REGULAR DEBUG - "Notification::deletePresubscription Starting."
[2019-07-16 08:45:04] 5d2db8be04604 REGULAR DEBUG - "Notification::deletePresubscription Ending."
[2019-07-16 08:46:02] 5d2db8f983079 REGULAR DEBUG - "Notification::sendPixelClick Starting."
[2019-07-16 08:46:02] 5d2db8f983079 REGULAR DEBUG - "Google::__construct Request to Google: Pixel: EAIaIQobChMInuTv46u54wIVLMjjBx1AwwmkEAEYASAAEgKedPD_BwE@5ca789bda1686d2786acfbe2@5cf1c7fd695fb00933cde6ed | Pub: "
[2019-07-16 08:46:02] 5d2db8f983079 REGULAR DEBUG - "Hit Google Msisdn: 17873906225 | Pixel : EAIaIQobChMInuTv46u54wIVLMjjBx1AwwmkEAEYASAAEgKedPD_BwE@5ca789bda1686d2786acfbe2@5cf1c7fd695fb00933cde6ed | Response: OK"
[2019-07-16 08:46:02] 5d2db8f983079 REGULAR DEBUG - "Notification::sendPixelClick Ending."
[2019-07-16 08:46:02] 5d2db8f983079 REGULAR DEBUG - "Notification::savePixel Starting."
[2019-07-16 08:46:02] 5d2db8f983079 REGULAR DEBUG - "Pixel Log saved for Msisdn:17873906225 | MedioId: 65 | PaqueteId: 787"
[2019-07-16 08:46:02] 5d2db8f983079 REGULAR DEBUG - "Notification::savePixel Ending."
[2019-07-16 08:46:02] 5d2db8f983079 REGULAR DEBUG - "Notification::deletePresubscription Starting."
[2019-07-16 08:46:02] 5d2db8f983079 REGULAR DEBUG - "Notification::deletePresubscription Ending."
[2019-07-16 08:49:02] 5d2db9ad8dd28 REGULAR DEBUG - "Notification::sendPixelClick Starting."
[2019-07-16 08:49:02] 5d2db9ad8dd28 REGULAR DEBUG - "Google::__construct Request to Google: Pixel: EAIaIQobChMIxqOzh6254wIVVQWBCh0TuA2eEAEYASAAEgJRCPD_BwE@5ca789bda1686d2786acfbe2@5cf1c7fd695fb00933cde6ed | Pub: "
[2019-07-16 08:49:02] 5d2db9ad8dd28 REGULAR DEBUG - "Hit Google Msisdn: 17873763398 | Pixel : EAIaIQobChMIxqOzh6254wIVVQWBCh0TuA2eEAEYASAAEgJRCPD_BwE@5ca789bda1686d2786acfbe2@5cf1c7fd695fb00933cde6ed | Response: OK"
[2019-07-16 08:49:02] 5d2db9ad8dd28 REGULAR DEBUG - "Notification::sendPixelClick Ending."
[2019-07-16 08:49:02] 5d2db9ad8dd28 REGULAR DEBUG - "Notification::savePixel Starting."
[2019-07-16 08:49:02] 5d2db9ad8dd28 REGULAR DEBUG - "Pixel Log saved for Msisdn:17873763398 | MedioId: 65 | PaqueteId: 787"
[2019-07-16 08:49:02] 5d2db9ad8dd28 REGULAR DEBUG - "Notification::savePixel Ending."
[2019-07-16 08:49:02] 5d2db9ad8dd28 REGULAR DEBUG - "Notification::deletePresubscription Starting."
[2019-07-16 08:49:02] 5d2db9ad8dd28 REGULAR DEBUG - "Notification::deletePresubscription Ending."
[2019-07-16 09:21:02] 5d2dc12d9346d REGULAR DEBUG - "Notification::sendPixelClick Starting."
[2019-07-16 09:21:02] 5d2dc12d9346d REGULAR DEBUG - "Google::__construct Request to Google: Pixel: EAIaIQobChMI5775zJO14wIVg3TBCh1VYg9iEAEYASAAEgIo0PD_BwE@5ca789bda1686d2786acfbe2@5cf1c7fd695fb00933cde6ed | Pub: "
[2019-07-16 09:21:02] 5d2dc12d9346d REGULAR DEBUG - "Hit Google Msisdn: 19394177080 | Pixel : EAIaIQobChMI5775zJO14wIVg3TBCh1VYg9iEAEYASAAEgIo0PD_BwE@5ca789bda1686d2786acfbe2@5cf1c7fd695fb00933cde6ed | Response: OK"
[2019-07-16 09:21:02] 5d2dc12d9346d REGULAR DEBUG - "Notification::sendPixelClick Ending."
[2019-07-16 09:21:02] 5d2dc12d9346d REGULAR DEBUG - "Notification::savePixel Starting."
[2019-07-16 09:21:02] 5d2dc12d9346d REGULAR DEBUG - "Pixel Log saved for Msisdn:19394177080 | MedioId: 65 | PaqueteId: 787"
[2019-07-16 09:21:02] 5d2dc12d9346d REGULAR DEBUG - "Notification::savePixel Ending."
[2019-07-16 09:21:02] 5d2dc12d9346d REGULAR DEBUG - "Notification::deletePresubscription Starting."
[2019-07-16 09:21:02] 5d2dc12d9346d REGULAR DEBUG - "Notification::deletePresubscription Ending."
[2019-07-16 10:41:02] 5d2dd3ed580ec REGULAR DEBUG - "Notification::sendPixelClick Starting."
[2019-07-16 10:41:02] 5d2dd3ed580ec REGULAR DEBUG - "Google::__construct Request to Google: Pixel: EAIaIQobChMIxIPa9sW54wIVIgmzAB00PQUlEAEYASAAEgJOHvD_BwE@5ca789bda1686d2786acfbe2@5cfa7a3d695fb00933d344d9 | Pub: "
[2019-07-16 10:41:02] 5d2dd3ed580ec REGULAR DEBUG - "Hit Google Msisdn: 17875192581 | Pixel : EAIaIQobChMIxIPa9sW54wIVIgmzAB00PQUlEAEYASAAEgJOHvD_BwE@5ca789bda1686d2786acfbe2@5cfa7a3d695fb00933d344d9 | Response: OK"
[2019-07-16 10:41:02] 5d2dd3ed580ec REGULAR DEBUG - "Notification::sendPixelClick Ending."
[2019-07-16 10:41:02] 5d2dd3ed580ec REGULAR DEBUG - "Notification::savePixel Starting."
[2019-07-16 10:41:02] 5d2dd3ed580ec REGULAR DEBUG - "Pixel Log saved for Msisdn:17875192581 | MedioId: 208 | PaqueteId: 624"
[2019-07-16 10:41:02] 5d2dd3ed580ec REGULAR DEBUG - "Notification::savePixel Ending."
[2019-07-16 10:41:02] 5d2dd3ed580ec REGULAR DEBUG - "Notification::deletePresubscription Starting."
[2019-07-16 10:41:02] 5d2dd3ed580ec REGULAR DEBUG - "Notification::deletePresubscription Ending."
