[2019-07-02 01:30:03] 5d1addc969a62 REGULAR DEBUG - "Notification::sendPixelClick Starting."
[2019-07-02 01:30:03] 5d1addc969a62 REGULAR DEBUG - "Google::__construct Request to Google: Pixel: Cj0KCQjw3uboBRDCARIsAO2XcYDtKMufphF2EWMfpZVlxkqcdWdR5HapTojlNMCChQV8TL-EJP_r_tgaAtb8EALw_wcB@5ca789bda1686d2786acfbe2@5cc1d6376f00a41f8cc80447 | Pub: "
[2019-07-02 01:30:03] 5d1addc969a62 REGULAR DEBUG - "Hit Google Msisdn: 50689389811 | Pixel : Cj0KCQjw3uboBRDCARIsAO2XcYDtKMufphF2EWMfpZVlxkqcdWdR5HapTojlNMCChQV8TL-EJP_r_tgaAtb8EALw_wcB@5ca789bda1686d2786acfbe2@5cc1d6376f00a41f8cc80447 | Response: OK"
[2019-07-02 01:30:03] 5d1addc969a62 REGULAR DEBUG - "Notification::sendPixelClick Ending."
[2019-07-02 01:30:03] 5d1addc969a62 REGULAR DEBUG - "Notification::savePixel Starting."
[2019-07-02 01:30:03] 5d1addc969a62 REGULAR DEBUG - "Pixel Log saved for Msisdn:50689389811 | MedioId: 565 | PaqueteId: 794"
[2019-07-02 01:30:03] 5d1addc969a62 REGULAR DEBUG - "Notification::savePixel Ending."
[2019-07-02 01:30:03] 5d1addc969a62 REGULAR DEBUG - "Notification::deletePresubscription Starting."
[2019-07-02 01:30:03] 5d1addc969a62 REGULAR DEBUG - "Notification::deletePresubscription Ending."
[2019-07-02 01:45:03] 5d1ae14dc08f7 REGULAR DEBUG - "Notification::sendPixelClick Starting."
[2019-07-02 01:45:03] 5d1ae14dc08f7 REGULAR DEBUG - "Google::__construct Request to Google: Pixel: EAIaIQobChMIhfTw0LSV4wIV1VOGCh3udQPVEAEYASAAEgIEV_D_BwE@5ca789bda1686d2786acfbe2@5cc1d6376f00a41f8cc80447 | Pub: "
[2019-07-02 01:45:03] 5d1ae14dc08f7 REGULAR DEBUG - "Hit Google Msisdn: 50689100349 | Pixel : EAIaIQobChMIhfTw0LSV4wIV1VOGCh3udQPVEAEYASAAEgIEV_D_BwE@5ca789bda1686d2786acfbe2@5cc1d6376f00a41f8cc80447 | Response: OK"
[2019-07-02 01:45:03] 5d1ae14dc08f7 REGULAR DEBUG - "Notification::sendPixelClick Ending."
[2019-07-02 01:45:03] 5d1ae14dc08f7 REGULAR DEBUG - "Notification::savePixel Starting."
[2019-07-02 01:45:03] 5d1ae14dc08f7 REGULAR DEBUG - "Pixel Log saved for Msisdn:50689100349 | MedioId: 565 | PaqueteId: 794"
[2019-07-02 01:45:03] 5d1ae14dc08f7 REGULAR DEBUG - "Notification::savePixel Ending."
[2019-07-02 01:45:03] 5d1ae14dc08f7 REGULAR DEBUG - "Notification::deletePresubscription Starting."
[2019-07-02 01:45:03] 5d1ae14dc08f7 REGULAR DEBUG - "Notification::deletePresubscription Ending."
[2019-07-02 02:15:04] 5d1ae855d2a05 REGULAR DEBUG - "Notification::sendPixelClick Starting."
[2019-07-02 02:15:04] 5d1ae855d2a05 REGULAR DEBUG - "Google::__construct Request to Google: Pixel: EAIaIQobChMI4ezJ67mV4wIVxRyHCh1ypgM6EAEYASAAEgJiL_D_BwE@5ca789bda1686d2786acfbe2@5cc1d6376f00a41f8cc80447 | Pub: "
[2019-07-02 02:15:04] 5d1ae855d2a05 REGULAR DEBUG - "Hit Google Msisdn: 50663371637 | Pixel : EAIaIQobChMI4ezJ67mV4wIVxRyHCh1ypgM6EAEYASAAEgJiL_D_BwE@5ca789bda1686d2786acfbe2@5cc1d6376f00a41f8cc80447 | Response: OK"
[2019-07-02 02:15:04] 5d1ae855d2a05 REGULAR DEBUG - "Notification::sendPixelClick Ending."
[2019-07-02 02:15:04] 5d1ae855d2a05 REGULAR DEBUG - "Notification::savePixel Starting."
[2019-07-02 02:15:04] 5d1ae855d2a05 REGULAR DEBUG - "Pixel Log saved for Msisdn:50663371637 | MedioId: 565 | PaqueteId: 794"
[2019-07-02 02:15:04] 5d1ae855d2a05 REGULAR DEBUG - "Notification::savePixel Ending."
[2019-07-02 02:15:04] 5d1ae855d2a05 REGULAR DEBUG - "Notification::deletePresubscription Starting."
[2019-07-02 02:15:04] 5d1ae855d2a05 REGULAR DEBUG - "Notification::deletePresubscription Ending."
[2019-07-02 02:15:04] 5d1ae855d2a05 REGULAR DEBUG - "Notification::sendPixelClick Starting."
[2019-07-02 02:15:04] 5d1ae855d2a05 REGULAR DEBUG - "Google::__construct Request to Google: Pixel: Cj0KCQjw3uboBRDCARIsAO2XcYCkUTxrUc5X8ifnWQKGq41Itkqy9pm_kJeWCFYFmKDDri83BxwyAgoaAmh7EALw_wcB@5ca789bda1686d2786acfbe2@5cc1d6376f00a41f8cc80447 | Pub: "
[2019-07-02 02:15:04] 5d1ae855d2a05 REGULAR DEBUG - "Hit Google Msisdn: 50683160439 | Pixel : Cj0KCQjw3uboBRDCARIsAO2XcYCkUTxrUc5X8ifnWQKGq41Itkqy9pm_kJeWCFYFmKDDri83BxwyAgoaAmh7EALw_wcB@5ca789bda1686d2786acfbe2@5cc1d6376f00a41f8cc80447 | Response: OK"
[2019-07-02 02:15:04] 5d1ae855d2a05 REGULAR DEBUG - "Notification::sendPixelClick Ending."
[2019-07-02 02:15:04] 5d1ae855d2a05 REGULAR DEBUG - "Notification::savePixel Starting."
[2019-07-02 02:15:04] 5d1ae855d2a05 REGULAR DEBUG - "Pixel Log saved for Msisdn:50683160439 | MedioId: 565 | PaqueteId: 794"
[2019-07-02 02:15:04] 5d1ae855d2a05 REGULAR DEBUG - "Notification::savePixel Ending."
[2019-07-02 02:15:04] 5d1ae855d2a05 REGULAR DEBUG - "Notification::deletePresubscription Starting."
[2019-07-02 02:15:04] 5d1ae855d2a05 REGULAR DEBUG - "Notification::deletePresubscription Ending."
[2019-07-02 02:30:03] 5d1aebd9e675a REGULAR DEBUG - "Notification::sendPixelClick Starting."
[2019-07-02 02:30:03] 5d1aebd9e675a REGULAR DEBUG - "Google::__construct Request to Google: Pixel: EAIaIQobChMI5NO1vL6V4wIVixzDCh1mawrFEAEYASAAEgJw3_D_BwE@5ca789bda1686d2786acfbe2@5cc1d6376f00a41f8cc80447 | Pub: "
[2019-07-02 02:30:04] 5d1aebd9e675a REGULAR DEBUG - "Hit Google Msisdn: 50688744111 | Pixel : EAIaIQobChMI5NO1vL6V4wIVixzDCh1mawrFEAEYASAAEgJw3_D_BwE@5ca789bda1686d2786acfbe2@5cc1d6376f00a41f8cc80447 | Response: OK"
[2019-07-02 02:30:04] 5d1aebd9e675a REGULAR DEBUG - "Notification::sendPixelClick Ending."
[2019-07-02 02:30:04] 5d1aebd9e675a REGULAR DEBUG - "Notification::savePixel Starting."
[2019-07-02 02:30:04] 5d1aebd9e675a REGULAR DEBUG - "Pixel Log saved for Msisdn:50688744111 | MedioId: 565 | PaqueteId: 794"
[2019-07-02 02:30:04] 5d1aebd9e675a REGULAR DEBUG - "Notification::savePixel Ending."
[2019-07-02 02:30:04] 5d1aebd9e675a REGULAR DEBUG - "Notification::deletePresubscription Starting."
[2019-07-02 02:30:04] 5d1aebd9e675a REGULAR DEBUG - "Notification::deletePresubscription Ending."
[2019-07-02 02:45:03] 5d1aef5dceff4 REGULAR DEBUG - "Notification::sendPixelClick Starting."
[2019-07-02 02:45:03] 5d1aef5dceff4 REGULAR DEBUG - "Google::__construct Request to Google: Pixel: Cj0KCQjw3uboBRDCARIsAO2XcYBW8RVXSic8CQ-lPFbq_Qx5pSa8SPC2IsKUxCjtu9QbtXH2qRcB0r0aAhyAEALw_wcB@5ca789bda1686d2786acfbe2@5cc1d6376f00a41f8cc80447 | Pub: "
[2019-07-02 02:45:04] 5d1aef5dceff4 REGULAR DEBUG - "Hit Google Msisdn: 50687533205 | Pixel : Cj0KCQjw3uboBRDCARIsAO2XcYBW8RVXSic8CQ-lPFbq_Qx5pSa8SPC2IsKUxCjtu9QbtXH2qRcB0r0aAhyAEALw_wcB@5ca789bda1686d2786acfbe2@5cc1d6376f00a41f8cc80447 | Response: OK"
[2019-07-02 02:45:04] 5d1aef5dceff4 REGULAR DEBUG - "Notification::sendPixelClick Ending."
[2019-07-02 02:45:04] 5d1aef5dceff4 REGULAR DEBUG - "Notification::savePixel Starting."
[2019-07-02 02:45:04] 5d1aef5dceff4 REGULAR DEBUG - "Pixel Log saved for Msisdn:50687533205 | MedioId: 565 | PaqueteId: 794"
[2019-07-02 02:45:04] 5d1aef5dceff4 REGULAR DEBUG - "Notification::savePixel Ending."
[2019-07-02 02:45:04] 5d1aef5dceff4 REGULAR DEBUG - "Notification::deletePresubscription Starting."
[2019-07-02 02:45:04] 5d1aef5dceff4 REGULAR DEBUG - "Notification::deletePresubscription Ending."
[2019-07-02 03:00:04] 5d1af2e24f48d REGULAR DEBUG - "Notification::sendPixelClick Starting."
[2019-07-02 03:00:04] 5d1af2e24f48d REGULAR DEBUG - "Google::__construct Request to Google: Pixel: EAIaIQobChMI7YP-rMWV4wIVTxCHCh0vtwRnEAEYASAAEgIVWPD_BwE@5ca789bda1686d2786acfbe2@5cc1d6376f00a41f8cc80447 | Pub: "
[2019-07-02 03:00:04] 5d1af2e24f48d REGULAR DEBUG - "Hit Google Msisdn: 50683355246 | Pixel : EAIaIQobChMI7YP-rMWV4wIVTxCHCh0vtwRnEAEYASAAEgIVWPD_BwE@5ca789bda1686d2786acfbe2@5cc1d6376f00a41f8cc80447 | Response: OK"
[2019-07-02 03:00:04] 5d1af2e24f48d REGULAR DEBUG - "Notification::sendPixelClick Ending."
[2019-07-02 03:00:04] 5d1af2e24f48d REGULAR DEBUG - "Notification::savePixel Starting."
[2019-07-02 03:00:04] 5d1af2e24f48d REGULAR DEBUG - "Pixel Log saved for Msisdn:50683355246 | MedioId: 565 | PaqueteId: 794"
[2019-07-02 03:00:04] 5d1af2e24f48d REGULAR DEBUG - "Notification::savePixel Ending."
[2019-07-02 03:00:04] 5d1af2e24f48d REGULAR DEBUG - "Notification::deletePresubscription Starting."
[2019-07-02 03:00:04] 5d1af2e24f48d REGULAR DEBUG - "Notification::deletePresubscription Ending."
[2019-07-02 06:39:02] 5d1b26354f47c REGULAR DEBUG - "Notification::sendPixelClick Starting."
[2019-07-02 06:39:02] 5d1b26354f47c REGULAR DEBUG - "Google::__construct Request to Google: Pixel: EAIaIQobChMIgP6t5feV4wIVhBiGCh2LvQJ6EAEYASAAEgL8evD_BwE@5ca789bda1686d2786acfbe2@5cc1d6376f00a41f8cc80447 | Pub: "
[2019-07-02 06:39:02] 5d1b26354f47c REGULAR DEBUG - "Hit Google Msisdn: 50686869154 | Pixel : EAIaIQobChMIgP6t5feV4wIVhBiGCh2LvQJ6EAEYASAAEgL8evD_BwE@5ca789bda1686d2786acfbe2@5cc1d6376f00a41f8cc80447 | Response: OK"
[2019-07-02 06:39:02] 5d1b26354f47c REGULAR DEBUG - "Notification::sendPixelClick Ending."
[2019-07-02 06:39:02] 5d1b26354f47c REGULAR DEBUG - "Notification::savePixel Starting."
[2019-07-02 06:39:02] 5d1b26354f47c REGULAR DEBUG - "Pixel Log saved for Msisdn:50686869154 | MedioId: 565 | PaqueteId: 794"
[2019-07-02 06:39:02] 5d1b26354f47c REGULAR DEBUG - "Notification::savePixel Ending."
[2019-07-02 06:39:02] 5d1b26354f47c REGULAR DEBUG - "Notification::deletePresubscription Starting."
[2019-07-02 06:39:02] 5d1b26354f47c REGULAR DEBUG - "Notification::deletePresubscription Ending."
[2019-07-02 07:44:03] 5d1b3571d4330 REGULAR DEBUG - "Notification::sendPixelClick Starting."
[2019-07-02 07:44:03] 5d1b3571d4330 REGULAR DEBUG - "Google::__construct Request to Google: Pixel: Cj0KCQjwgezoBRDNARIsAGzEfe6BC6ZntzlARUf0w5QX1uekRSnAu4QyZ8Hw9-HUyWzvRUgyIqWqTIgaAqlUEALw_wcB@5ca789bda1686d2786acfbe2@5cc1d6376f00a41f8cc80447 | Pub: "
[2019-07-02 07:44:03] 5d1b3571d4330 REGULAR DEBUG - "Hit Google Msisdn: 50683014845 | Pixel : Cj0KCQjwgezoBRDNARIsAGzEfe6BC6ZntzlARUf0w5QX1uekRSnAu4QyZ8Hw9-HUyWzvRUgyIqWqTIgaAqlUEALw_wcB@5ca789bda1686d2786acfbe2@5cc1d6376f00a41f8cc80447 | Response: OK"
[2019-07-02 07:44:03] 5d1b3571d4330 REGULAR DEBUG - "Notification::sendPixelClick Ending."
[2019-07-02 07:44:03] 5d1b3571d4330 REGULAR DEBUG - "Notification::savePixel Starting."
[2019-07-02 07:44:03] 5d1b3571d4330 REGULAR DEBUG - "Pixel Log saved for Msisdn:50683014845 | MedioId: 565 | PaqueteId: 794"
[2019-07-02 07:44:03] 5d1b3571d4330 REGULAR DEBUG - "Notification::savePixel Ending."
[2019-07-02 07:44:03] 5d1b3571d4330 REGULAR DEBUG - "Notification::deletePresubscription Starting."
[2019-07-02 07:44:03] 5d1b3571d4330 REGULAR DEBUG - "Notification::deletePresubscription Ending."
[2019-07-02 07:55:03] 5d1b38055ec0b REGULAR DEBUG - "Notification::sendPixelClick Starting."
[2019-07-02 07:55:03] 5d1b38055ec0b REGULAR DEBUG - "Google::__construct Request to Google: Pixel: EAIaIQobChMIk57d04iW4wIVwxaGCh3WxgA6EAEYASAAEgK5z_D_BwE@5ca789bda1686d2786acfbe2@5cc1d6376f00a41f8cc80447 | Pub: "
[2019-07-02 07:55:03] 5d1b38055ec0b REGULAR DEBUG - "Hit Google Msisdn: 50685456483 | Pixel : EAIaIQobChMIk57d04iW4wIVwxaGCh3WxgA6EAEYASAAEgK5z_D_BwE@5ca789bda1686d2786acfbe2@5cc1d6376f00a41f8cc80447 | Response: OK"
[2019-07-02 07:55:03] 5d1b38055ec0b REGULAR DEBUG - "Notification::sendPixelClick Ending."
[2019-07-02 07:55:03] 5d1b38055ec0b REGULAR DEBUG - "Notification::savePixel Starting."
[2019-07-02 07:55:03] 5d1b38055ec0b REGULAR DEBUG - "Pixel Log saved for Msisdn:50685456483 | MedioId: 565 | PaqueteId: 794"
[2019-07-02 07:55:03] 5d1b38055ec0b REGULAR DEBUG - "Notification::savePixel Ending."
[2019-07-02 07:55:03] 5d1b38055ec0b REGULAR DEBUG - "Notification::deletePresubscription Starting."
[2019-07-02 07:55:03] 5d1b38055ec0b REGULAR DEBUG - "Notification::deletePresubscription Ending."
[2019-07-02 08:15:03] 5d1b3cb5a9c2f REGULAR DEBUG - "Notification::sendPixelClick Starting."
[2019-07-02 08:15:03] 5d1b3cb5a9c2f REGULAR DEBUG - "Google::__construct Request to Google: Pixel: Cj0KCQjwgezoBRDNARIsAGzEfe5NOBPicXZ61652UhdPHJBwgqNEGQRgRM21Ju_pj6ExruePm9NnLS4aAkkpEALw_wcB@5ca789bda1686d2786acfbe2@5cc1d6376f00a41f8cc80447 | Pub: "
[2019-07-02 08:15:03] 5d1b3cb5a9c2f REGULAR DEBUG - "Hit Google Msisdn: 50687577606 | Pixel : Cj0KCQjwgezoBRDNARIsAGzEfe5NOBPicXZ61652UhdPHJBwgqNEGQRgRM21Ju_pj6ExruePm9NnLS4aAkkpEALw_wcB@5ca789bda1686d2786acfbe2@5cc1d6376f00a41f8cc80447 | Response: OK"
[2019-07-02 08:15:03] 5d1b3cb5a9c2f REGULAR DEBUG - "Notification::sendPixelClick Ending."
[2019-07-02 08:15:03] 5d1b3cb5a9c2f REGULAR DEBUG - "Notification::savePixel Starting."
[2019-07-02 08:15:03] 5d1b3cb5a9c2f REGULAR DEBUG - "Pixel Log saved for Msisdn:50687577606 | MedioId: 565 | PaqueteId: 794"
[2019-07-02 08:15:03] 5d1b3cb5a9c2f REGULAR DEBUG - "Notification::savePixel Ending."
[2019-07-02 08:15:03] 5d1b3cb5a9c2f REGULAR DEBUG - "Notification::deletePresubscription Starting."
[2019-07-02 08:15:03] 5d1b3cb5a9c2f REGULAR DEBUG - "Notification::deletePresubscription Ending."
[2019-07-02 08:18:02] 5d1b3d692b26b REGULAR DEBUG - "Notification::sendPixelClick Starting."
[2019-07-02 08:18:02] 5d1b3d692b26b REGULAR DEBUG - "Google::__construct Request to Google: Pixel: Cj0KCQjwgezoBRDNARIsAGzEfe70R8Mkw73EOh9NhGmsahMkkjjeXyFlU0tAedAVcb9t1Ku_eJ-Wo44aAtt8EALw_wcB@5ca789bda1686d2786acfbe2@5cc1d6376f00a41f8cc80447 | Pub: "
[2019-07-02 08:18:03] 5d1b3d692b26b REGULAR DEBUG - "Hit Google Msisdn: 50689656109 | Pixel : Cj0KCQjwgezoBRDNARIsAGzEfe70R8Mkw73EOh9NhGmsahMkkjjeXyFlU0tAedAVcb9t1Ku_eJ-Wo44aAtt8EALw_wcB@5ca789bda1686d2786acfbe2@5cc1d6376f00a41f8cc80447 | Response: OK"
[2019-07-02 08:18:03] 5d1b3d692b26b REGULAR DEBUG - "Notification::sendPixelClick Ending."
[2019-07-02 08:18:03] 5d1b3d692b26b REGULAR DEBUG - "Notification::savePixel Starting."
[2019-07-02 08:18:03] 5d1b3d692b26b REGULAR DEBUG - "Pixel Log saved for Msisdn:50689656109 | MedioId: 565 | PaqueteId: 794"
[2019-07-02 08:18:03] 5d1b3d692b26b REGULAR DEBUG - "Notification::savePixel Ending."
[2019-07-02 08:18:03] 5d1b3d692b26b REGULAR DEBUG - "Notification::deletePresubscription Starting."
[2019-07-02 08:18:03] 5d1b3d692b26b REGULAR DEBUG - "Notification::deletePresubscription Ending."
[2019-07-02 09:23:03] 5d1b4ca5b6c51 REGULAR DEBUG - "Notification::sendPixelClick Starting."
[2019-07-02 09:23:03] 5d1b4ca5b6c51 REGULAR DEBUG - "Google::__construct Request to Google: Pixel: EAIaIQobChMIrOuokJyW4wIVzyqHCh2d5w4pEAEYASAAEgK5cvD_BwE@5ca789bda1686d2786acfbe2@5cc1d6376f00a41f8cc80447 | Pub: "
[2019-07-02 09:23:03] 5d1b4ca5b6c51 REGULAR DEBUG - "Hit Google Msisdn: 50685446026 | Pixel : EAIaIQobChMIrOuokJyW4wIVzyqHCh2d5w4pEAEYASAAEgK5cvD_BwE@5ca789bda1686d2786acfbe2@5cc1d6376f00a41f8cc80447 | Response: OK"
[2019-07-02 09:23:03] 5d1b4ca5b6c51 REGULAR DEBUG - "Notification::sendPixelClick Ending."
[2019-07-02 09:23:03] 5d1b4ca5b6c51 REGULAR DEBUG - "Notification::savePixel Starting."
[2019-07-02 09:23:03] 5d1b4ca5b6c51 REGULAR DEBUG - "Pixel Log saved for Msisdn:50685446026 | MedioId: 565 | PaqueteId: 794"
[2019-07-02 09:23:03] 5d1b4ca5b6c51 REGULAR DEBUG - "Notification::savePixel Ending."
[2019-07-02 09:23:03] 5d1b4ca5b6c51 REGULAR DEBUG - "Notification::deletePresubscription Starting."
[2019-07-02 09:23:03] 5d1b4ca5b6c51 REGULAR DEBUG - "Notification::deletePresubscription Ending."
[2019-07-02 09:43:03] 5d1b51561fe77 REGULAR DEBUG - "Notification::sendPixelClick Starting."
[2019-07-02 09:43:03] 5d1b51561fe77 REGULAR DEBUG - "Google::__construct Request to Google: Pixel: EAIaIQobChMIyems052W4wIViSeHCh3itgKMEAEYASAAEgIDHfD_BwE@5ca789bda1686d2786acfbe2@5cc1d6376f00a41f8cc80447 | Pub: "
[2019-07-02 09:43:03] 5d1b51561fe77 REGULAR DEBUG - "Hit Google Msisdn: 50687249746 | Pixel : EAIaIQobChMIyems052W4wIViSeHCh3itgKMEAEYASAAEgIDHfD_BwE@5ca789bda1686d2786acfbe2@5cc1d6376f00a41f8cc80447 | Response: OK"
[2019-07-02 09:43:03] 5d1b51561fe77 REGULAR DEBUG - "Notification::sendPixelClick Ending."
[2019-07-02 09:43:03] 5d1b51561fe77 REGULAR DEBUG - "Notification::savePixel Starting."
[2019-07-02 09:43:03] 5d1b51561fe77 REGULAR DEBUG - "Pixel Log saved for Msisdn:50687249746 | MedioId: 565 | PaqueteId: 794"
[2019-07-02 09:43:03] 5d1b51561fe77 REGULAR DEBUG - "Notification::savePixel Ending."
[2019-07-02 09:43:03] 5d1b51561fe77 REGULAR DEBUG - "Notification::deletePresubscription Starting."
[2019-07-02 09:43:03] 5d1b51561fe77 REGULAR DEBUG - "Notification::deletePresubscription Ending."
[2019-07-02 09:45:04] 5d1b51ce63f02 REGULAR DEBUG - "Notification::sendPixelClick Starting."
[2019-07-02 09:45:04] 5d1b51ce63f02 REGULAR DEBUG - "Google::__construct Request to Google: Pixel: Cj0KCQjwgezoBRDNARIsAGzEfe6NpqU62GVBV5xT1PE3DidlC05xaIDtCdSJybHqugU8Uhhb7cY9YyAaAkI1EALw_wcB@5ca789bda1686d2786acfbe2@5cc1d6376f00a41f8cc80447 | Pub: "
[2019-07-02 09:45:04] 5d1b51ce63f02 REGULAR DEBUG - "Hit Google Msisdn: 50683572316 | Pixel : Cj0KCQjwgezoBRDNARIsAGzEfe6NpqU62GVBV5xT1PE3DidlC05xaIDtCdSJybHqugU8Uhhb7cY9YyAaAkI1EALw_wcB@5ca789bda1686d2786acfbe2@5cc1d6376f00a41f8cc80447 | Response: OK"
[2019-07-02 09:45:04] 5d1b51ce63f02 REGULAR DEBUG - "Notification::sendPixelClick Ending."
[2019-07-02 09:45:04] 5d1b51ce63f02 REGULAR DEBUG - "Notification::savePixel Starting."
[2019-07-02 09:45:04] 5d1b51ce63f02 REGULAR DEBUG - "Pixel Log saved for Msisdn:50683572316 | MedioId: 565 | PaqueteId: 794"
[2019-07-02 09:45:04] 5d1b51ce63f02 REGULAR DEBUG - "Notification::savePixel Ending."
[2019-07-02 09:45:04] 5d1b51ce63f02 REGULAR DEBUG - "Notification::deletePresubscription Starting."
[2019-07-02 09:45:04] 5d1b51ce63f02 REGULAR DEBUG - "Notification::deletePresubscription Ending."
[2019-07-02 09:45:04] 5d1b51ce63f02 REGULAR DEBUG - "Notification::sendPixelClick Starting."
[2019-07-02 09:45:04] 5d1b51ce63f02 REGULAR DEBUG - "Google::__construct Request to Google: Pixel: EAIaIQobChMI177EwqGW4wIVymTTCh2B8AZWEAEYASAAEgLPxPD_BwE@5ca789bda1686d2786acfbe2@5cc1d6376f00a41f8cc80447 | Pub: "
[2019-07-02 09:45:04] 5d1b51ce63f02 REGULAR DEBUG - "Hit Google Msisdn: 50688386275 | Pixel : EAIaIQobChMI177EwqGW4wIVymTTCh2B8AZWEAEYASAAEgLPxPD_BwE@5ca789bda1686d2786acfbe2@5cc1d6376f00a41f8cc80447 | Response: OK"
[2019-07-02 09:45:04] 5d1b51ce63f02 REGULAR DEBUG - "Notification::sendPixelClick Ending."
[2019-07-02 09:45:04] 5d1b51ce63f02 REGULAR DEBUG - "Notification::savePixel Starting."
[2019-07-02 09:45:04] 5d1b51ce63f02 REGULAR DEBUG - "Pixel Log saved for Msisdn:50688386275 | MedioId: 565 | PaqueteId: 794"
[2019-07-02 09:45:04] 5d1b51ce63f02 REGULAR DEBUG - "Notification::savePixel Ending."
[2019-07-02 09:45:04] 5d1b51ce63f02 REGULAR DEBUG - "Notification::deletePresubscription Starting."
[2019-07-02 09:45:04] 5d1b51ce63f02 REGULAR DEBUG - "Notification::deletePresubscription Ending."
[2019-07-02 10:08:03] 5d1b573201ad2 REGULAR DEBUG - "Notification::sendPixelClick Starting."
[2019-07-02 10:08:03] 5d1b573201ad2 REGULAR DEBUG - "Google::__construct Request to Google: Pixel: EAIaIQobChMInYS0yKaW4wIVjIrtCh1EfAHDEAEYASAAEgIfQvD_BwE@5ca789bda1686d2786acfbe2@5cc1d6376f00a41f8cc80447 | Pub: "
[2019-07-02 10:08:04] 5d1b573201ad2 REGULAR DEBUG - "Hit Google Msisdn: 50661155080 | Pixel : EAIaIQobChMInYS0yKaW4wIVjIrtCh1EfAHDEAEYASAAEgIfQvD_BwE@5ca789bda1686d2786acfbe2@5cc1d6376f00a41f8cc80447 | Response: OK"
[2019-07-02 10:08:04] 5d1b573201ad2 REGULAR DEBUG - "Notification::sendPixelClick Ending."
[2019-07-02 10:08:04] 5d1b573201ad2 REGULAR DEBUG - "Notification::savePixel Starting."
[2019-07-02 10:08:04] 5d1b573201ad2 REGULAR DEBUG - "Pixel Log saved for Msisdn:50661155080 | MedioId: 565 | PaqueteId: 794"
[2019-07-02 10:08:04] 5d1b573201ad2 REGULAR DEBUG - "Notification::savePixel Ending."
[2019-07-02 10:08:04] 5d1b573201ad2 REGULAR DEBUG - "Notification::deletePresubscription Starting."
[2019-07-02 10:08:04] 5d1b573201ad2 REGULAR DEBUG - "Notification::deletePresubscription Ending."
[2019-07-02 10:32:03] 5d1b5cd220e7d REGULAR DEBUG - "Notification::sendPixelClick Starting."
[2019-07-02 10:32:03] 5d1b5cd220e7d REGULAR DEBUG - "Google::__construct Request to Google: Pixel: EAIaIQobChMIgLH39auW4wIVgp2HCh0JCQbiEAEYASAAEgINCvD_BwE@5ca789bda1686d2786acfbe2@5cdf1134b300f602ffd8d3ea | Pub: "
[2019-07-02 10:32:04] 5d1b5cd220e7d REGULAR DEBUG - "Hit Google Msisdn: 50661406380 | Pixel : EAIaIQobChMIgLH39auW4wIVgp2HCh0JCQbiEAEYASAAEgINCvD_BwE@5ca789bda1686d2786acfbe2@5cdf1134b300f602ffd8d3ea | Response: OK"
[2019-07-02 10:32:04] 5d1b5cd220e7d REGULAR DEBUG - "Notification::sendPixelClick Ending."
[2019-07-02 10:32:04] 5d1b5cd220e7d REGULAR DEBUG - "Notification::savePixel Starting."
[2019-07-02 10:32:04] 5d1b5cd220e7d REGULAR DEBUG - "Pixel Log saved for Msisdn:50661406380 | MedioId: 565 | PaqueteId: 794"
[2019-07-02 10:32:04] 5d1b5cd220e7d REGULAR DEBUG - "Notification::savePixel Ending."
[2019-07-02 10:32:04] 5d1b5cd220e7d REGULAR DEBUG - "Notification::deletePresubscription Starting."
[2019-07-02 10:32:04] 5d1b5cd220e7d REGULAR DEBUG - "Notification::deletePresubscription Ending."
[2019-07-02 10:33:03] 5d1b5d0dc18a5 REGULAR DEBUG - "Notification::sendPixelClick Starting."
[2019-07-02 10:33:03] 5d1b5d0dc18a5 REGULAR DEBUG - "Google::__construct Request to Google: Pixel: Cj0KCQjwgezoBRDNARIsAGzEfe4MFF8rihfaenFT3-uzw_YPzopJFkkbBHElGWyM3OpqKIHoT_fJ2NwaAvTeEALw_wcB@5ca789bda1686d2786acfbe2@5cdf1134b300f602ffd8d3ea | Pub: "
[2019-07-02 10:33:03] 5d1b5d0dc18a5 REGULAR DEBUG - "Hit Google Msisdn: 50683912879 | Pixel : Cj0KCQjwgezoBRDNARIsAGzEfe4MFF8rihfaenFT3-uzw_YPzopJFkkbBHElGWyM3OpqKIHoT_fJ2NwaAvTeEALw_wcB@5ca789bda1686d2786acfbe2@5cdf1134b300f602ffd8d3ea | Response: OK"
[2019-07-02 10:33:03] 5d1b5d0dc18a5 REGULAR DEBUG - "Notification::sendPixelClick Ending."
[2019-07-02 10:33:03] 5d1b5d0dc18a5 REGULAR DEBUG - "Notification::savePixel Starting."
[2019-07-02 10:33:03] 5d1b5d0dc18a5 REGULAR DEBUG - "Pixel Log saved for Msisdn:50683912879 | MedioId: 565 | PaqueteId: 794"
[2019-07-02 10:33:03] 5d1b5d0dc18a5 REGULAR DEBUG - "Notification::savePixel Ending."
[2019-07-02 10:33:03] 5d1b5d0dc18a5 REGULAR DEBUG - "Notification::deletePresubscription Starting."
[2019-07-02 10:33:03] 5d1b5d0dc18a5 REGULAR DEBUG - "Notification::deletePresubscription Ending."
[2019-07-02 11:06:03] 5d1b64c9dbed8 REGULAR DEBUG - "Notification::sendPixelClick Starting."
[2019-07-02 11:06:03] 5d1b64c9dbed8 REGULAR DEBUG - "Google::__construct Request to Google: Pixel: Cj0KCQjwgezoBRDNARIsAGzEfe60VOpp3ZoSRXaDmmwDcwiEXU922Vn6frK-uOMIbewbhtioyP5uieQaAleSEALw_wcB@5ca789bda1686d2786acfbe2@5cc1d6376f00a41f8cc80447 | Pub: "
[2019-07-02 11:06:03] 5d1b64c9dbed8 REGULAR DEBUG - "Hit Google Msisdn: 50686167851 | Pixel : Cj0KCQjwgezoBRDNARIsAGzEfe60VOpp3ZoSRXaDmmwDcwiEXU922Vn6frK-uOMIbewbhtioyP5uieQaAleSEALw_wcB@5ca789bda1686d2786acfbe2@5cc1d6376f00a41f8cc80447 | Response: OK"
[2019-07-02 11:06:03] 5d1b64c9dbed8 REGULAR DEBUG - "Notification::sendPixelClick Ending."
[2019-07-02 11:06:03] 5d1b64c9dbed8 REGULAR DEBUG - "Notification::savePixel Starting."
[2019-07-02 11:06:03] 5d1b64c9dbed8 REGULAR DEBUG - "Pixel Log saved for Msisdn:50686167851 | MedioId: 565 | PaqueteId: 794"
[2019-07-02 11:06:03] 5d1b64c9dbed8 REGULAR DEBUG - "Notification::savePixel Ending."
[2019-07-02 11:06:03] 5d1b64c9dbed8 REGULAR DEBUG - "Notification::deletePresubscription Starting."
[2019-07-02 11:06:03] 5d1b64c9dbed8 REGULAR DEBUG - "Notification::deletePresubscription Ending."
[2019-07-02 11:09:03] 5d1b657d6188c REGULAR DEBUG - "Notification::sendPixelClick Starting."
[2019-07-02 11:09:03] 5d1b657d6188c REGULAR DEBUG - "Google::__construct Request to Google: Pixel: Cj0KCQjwgezoBRDNARIsAGzEfe7RrdmuzCuNTYqyoMLTnjBKOHV7nMnBKO-BbAct4lNpwfNsU5XKJp4aAq8rEALw_wcB@5ca789bda1686d2786acfbe2@5cc1d6376f00a41f8cc80447 | Pub: "
[2019-07-02 11:09:03] 5d1b657d6188c REGULAR DEBUG - "Hit Google Msisdn: 50684105700 | Pixel : Cj0KCQjwgezoBRDNARIsAGzEfe7RrdmuzCuNTYqyoMLTnjBKOHV7nMnBKO-BbAct4lNpwfNsU5XKJp4aAq8rEALw_wcB@5ca789bda1686d2786acfbe2@5cc1d6376f00a41f8cc80447 | Response: OK"
[2019-07-02 11:09:03] 5d1b657d6188c REGULAR DEBUG - "Notification::sendPixelClick Ending."
[2019-07-02 11:09:03] 5d1b657d6188c REGULAR DEBUG - "Notification::savePixel Starting."
[2019-07-02 11:09:03] 5d1b657d6188c REGULAR DEBUG - "Pixel Log saved for Msisdn:50684105700 | MedioId: 565 | PaqueteId: 794"
[2019-07-02 11:09:03] 5d1b657d6188c REGULAR DEBUG - "Notification::savePixel Ending."
[2019-07-02 11:09:03] 5d1b657d6188c REGULAR DEBUG - "Notification::deletePresubscription Starting."
[2019-07-02 11:09:03] 5d1b657d6188c REGULAR DEBUG - "Notification::deletePresubscription Ending."
[2019-07-02 11:42:02] 5d1b6d393627c REGULAR DEBUG - "Notification::sendPixelClick Starting."
[2019-07-02 11:42:02] 5d1b6d393627c REGULAR DEBUG - "Google::__construct Request to Google: Pixel: EAIaIQobChMIuNnL37uW4wIVN8bjBx0ldQQMEAEYASAAEgLKDvD_BwE@5ca789bda1686d2786acfbe2@5cc1d6376f00a41f8cc80447 | Pub: "
[2019-07-02 11:42:03] 5d1b6d393627c REGULAR DEBUG - "Hit Google Msisdn: 50683860832 | Pixel : EAIaIQobChMIuNnL37uW4wIVN8bjBx0ldQQMEAEYASAAEgLKDvD_BwE@5ca789bda1686d2786acfbe2@5cc1d6376f00a41f8cc80447 | Response: OK"
[2019-07-02 11:42:03] 5d1b6d393627c REGULAR DEBUG - "Notification::sendPixelClick Ending."
[2019-07-02 11:42:03] 5d1b6d393627c REGULAR DEBUG - "Notification::savePixel Starting."
[2019-07-02 11:42:03] 5d1b6d393627c REGULAR DEBUG - "Pixel Log saved for Msisdn:50683860832 | MedioId: 565 | PaqueteId: 794"
[2019-07-02 11:42:03] 5d1b6d393627c REGULAR DEBUG - "Notification::savePixel Ending."
[2019-07-02 11:42:03] 5d1b6d393627c REGULAR DEBUG - "Notification::deletePresubscription Starting."
[2019-07-02 11:42:03] 5d1b6d393627c REGULAR DEBUG - "Notification::deletePresubscription Ending."
[2019-07-02 11:44:02] 5d1b6db142447 REGULAR DEBUG - "Notification::sendPixelClick Starting."
[2019-07-02 11:44:02] 5d1b6db142447 REGULAR DEBUG - "Google::__construct Request to Google: Pixel: EAIaIQobChMIkpajsruW4wIViQYGAB36YgeGEAEYASAAEgLCNvD_BwE@5ca789bda1686d2786acfbe2@5cc1d6376f00a41f8cc80447 | Pub: "
[2019-07-02 11:44:03] 5d1b6db142447 REGULAR DEBUG - "Hit Google Msisdn: 50685295056 | Pixel : EAIaIQobChMIkpajsruW4wIViQYGAB36YgeGEAEYASAAEgLCNvD_BwE@5ca789bda1686d2786acfbe2@5cc1d6376f00a41f8cc80447 | Response: OK"
[2019-07-02 11:44:03] 5d1b6db142447 REGULAR DEBUG - "Notification::sendPixelClick Ending."
[2019-07-02 11:44:03] 5d1b6db142447 REGULAR DEBUG - "Notification::savePixel Starting."
[2019-07-02 11:44:03] 5d1b6db142447 REGULAR DEBUG - "Pixel Log saved for Msisdn:50685295056 | MedioId: 565 | PaqueteId: 794"
[2019-07-02 11:44:03] 5d1b6db142447 REGULAR DEBUG - "Notification::savePixel Ending."
[2019-07-02 11:44:03] 5d1b6db142447 REGULAR DEBUG - "Notification::deletePresubscription Starting."
[2019-07-02 11:44:03] 5d1b6db142447 REGULAR DEBUG - "Notification::deletePresubscription Ending."
[2019-07-02 11:44:03] 5d1b6db142447 REGULAR DEBUG - "Notification::sendPixelClick Starting."
[2019-07-02 11:44:03] 5d1b6db142447 REGULAR DEBUG - "Google::__construct Request to Google: Pixel: Cj0KCQjwgezoBRDNARIsAGzEfe5V8-HImwuSoacuODiXdIBxo7aJVTBxQz6FR1tX1IkbuBGe1AZBWmEaAkzFEALw_wcB@5ca789bda1686d2786acfbe2@5cc1d6376f00a41f8cc80447 | Pub: "
[2019-07-02 11:44:03] 5d1b6db142447 REGULAR DEBUG - "Hit Google Msisdn: 50671310771 | Pixel : Cj0KCQjwgezoBRDNARIsAGzEfe5V8-HImwuSoacuODiXdIBxo7aJVTBxQz6FR1tX1IkbuBGe1AZBWmEaAkzFEALw_wcB@5ca789bda1686d2786acfbe2@5cc1d6376f00a41f8cc80447 | Response: OK"
[2019-07-02 11:44:03] 5d1b6db142447 REGULAR DEBUG - "Notification::sendPixelClick Ending."
[2019-07-02 11:44:03] 5d1b6db142447 REGULAR DEBUG - "Notification::savePixel Starting."
[2019-07-02 11:44:03] 5d1b6db142447 REGULAR DEBUG - "Pixel Log saved for Msisdn:50671310771 | MedioId: 565 | PaqueteId: 794"
[2019-07-02 11:44:03] 5d1b6db142447 REGULAR DEBUG - "Notification::savePixel Ending."
[2019-07-02 11:44:03] 5d1b6db142447 REGULAR DEBUG - "Notification::deletePresubscription Starting."
[2019-07-02 11:44:03] 5d1b6db142447 REGULAR DEBUG - "Notification::deletePresubscription Ending."
[2019-07-02 11:56:03] 5d1b7081d4175 REGULAR DEBUG - "Notification::sendPixelClick Starting."
[2019-07-02 11:56:03] 5d1b7081d4175 REGULAR DEBUG - "Google::__construct Request to Google: Pixel: Cj0KCQjwgezoBRDNARIsAGzEfe6sOBzEh3lVspNiWybFfpmGMdOolyQzIG0rAwK388022xqVjMBUvMsaApFAEALw_wcB@5ca789bda1686d2786acfbe2@5cc1d6376f00a41f8cc80447 | Pub: "
[2019-07-02 11:56:03] 5d1b7081d4175 REGULAR DEBUG - "Hit Google Msisdn: 50686880439 | Pixel : Cj0KCQjwgezoBRDNARIsAGzEfe6sOBzEh3lVspNiWybFfpmGMdOolyQzIG0rAwK388022xqVjMBUvMsaApFAEALw_wcB@5ca789bda1686d2786acfbe2@5cc1d6376f00a41f8cc80447 | Response: OK"
[2019-07-02 11:56:03] 5d1b7081d4175 REGULAR DEBUG - "Notification::sendPixelClick Ending."
[2019-07-02 11:56:03] 5d1b7081d4175 REGULAR DEBUG - "Notification::savePixel Starting."
[2019-07-02 11:56:03] 5d1b7081d4175 REGULAR DEBUG - "Pixel Log saved for Msisdn:50686880439 | MedioId: 565 | PaqueteId: 794"
[2019-07-02 11:56:03] 5d1b7081d4175 REGULAR DEBUG - "Notification::savePixel Ending."
[2019-07-02 11:56:03] 5d1b7081d4175 REGULAR DEBUG - "Notification::deletePresubscription Starting."
[2019-07-02 11:56:03] 5d1b7081d4175 REGULAR DEBUG - "Notification::deletePresubscription Ending."
[2019-07-02 12:08:03] 5d1b73521c93b REGULAR DEBUG - "Notification::sendPixelClick Starting."
[2019-07-02 12:08:03] 5d1b73521c93b REGULAR DEBUG - "Google::__construct Request to Google: Pixel: EAIaIQobChMI04_0vsGW4wIVAxCHCh3_XQzpEAEYASAAEgJXsPD_BwE@5ca789bda1686d2786acfbe2@5cc1d6376f00a41f8cc80447 | Pub: "
[2019-07-02 12:08:03] 5d1b73521c93b REGULAR DEBUG - "Hit Google Msisdn: 50685996331 | Pixel : EAIaIQobChMI04_0vsGW4wIVAxCHCh3_XQzpEAEYASAAEgJXsPD_BwE@5ca789bda1686d2786acfbe2@5cc1d6376f00a41f8cc80447 | Response: OK"
[2019-07-02 12:08:03] 5d1b73521c93b REGULAR DEBUG - "Notification::sendPixelClick Ending."
[2019-07-02 12:08:03] 5d1b73521c93b REGULAR DEBUG - "Notification::savePixel Starting."
[2019-07-02 12:08:03] 5d1b73521c93b REGULAR DEBUG - "Pixel Log saved for Msisdn:50685996331 | MedioId: 565 | PaqueteId: 794"
[2019-07-02 12:08:03] 5d1b73521c93b REGULAR DEBUG - "Notification::savePixel Ending."
[2019-07-02 12:08:03] 5d1b73521c93b REGULAR DEBUG - "Notification::deletePresubscription Starting."
[2019-07-02 12:08:03] 5d1b73521c93b REGULAR DEBUG - "Notification::deletePresubscription Ending."
[2019-07-02 15:47:03] 5d1ba6a5b5425 REGULAR DEBUG - "Notification::sendPixelClick Starting."
[2019-07-02 15:47:03] 5d1ba6a5b5425 REGULAR DEBUG - "Google::__construct Request to Google: Pixel: EAIaIQobChMI1sinj_KW4wIVicjjBx1tQQoiEAEYASAAEgLRdfD_BwE@5ca789bda1686d2786acfbe2@5cc1d6376f00a41f8cc80447 | Pub: "
[2019-07-02 15:47:03] 5d1ba6a5b5425 REGULAR DEBUG - "Hit Google Msisdn: 50685528438 | Pixel : EAIaIQobChMI1sinj_KW4wIVicjjBx1tQQoiEAEYASAAEgLRdfD_BwE@5ca789bda1686d2786acfbe2@5cc1d6376f00a41f8cc80447 | Response: OK"
[2019-07-02 15:47:03] 5d1ba6a5b5425 REGULAR DEBUG - "Notification::sendPixelClick Ending."
[2019-07-02 15:47:03] 5d1ba6a5b5425 REGULAR DEBUG - "Notification::savePixel Starting."
[2019-07-02 15:47:03] 5d1ba6a5b5425 REGULAR DEBUG - "Pixel Log saved for Msisdn:50685528438 | MedioId: 565 | PaqueteId: 794"
[2019-07-02 15:47:03] 5d1ba6a5b5425 REGULAR DEBUG - "Notification::savePixel Ending."
[2019-07-02 15:47:03] 5d1ba6a5b5425 REGULAR DEBUG - "Notification::deletePresubscription Starting."
[2019-07-02 15:47:03] 5d1ba6a5b5425 REGULAR DEBUG - "Notification::deletePresubscription Ending."
[2019-07-02 15:50:03] 5d1ba75a26ae0 REGULAR DEBUG - "Notification::sendPixelClick Starting."
[2019-07-02 15:50:03] 5d1ba75a26ae0 REGULAR DEBUG - "Google::__construct Request to Google: Pixel: EAIaIQobChMI8sKdkfOW4wIVDjtPCh0ztQu1EAEYASAAEgJD5PD_BwE@5ca789bda1686d2786acfbe2@5cc1d6376f00a41f8cc80447 | Pub: "
[2019-07-02 15:50:04] 5d1ba75a26ae0 REGULAR DEBUG - "Hit Google Msisdn: 50688326597 | Pixel : EAIaIQobChMI8sKdkfOW4wIVDjtPCh0ztQu1EAEYASAAEgJD5PD_BwE@5ca789bda1686d2786acfbe2@5cc1d6376f00a41f8cc80447 | Response: OK"
[2019-07-02 15:50:04] 5d1ba75a26ae0 REGULAR DEBUG - "Notification::sendPixelClick Ending."
[2019-07-02 15:50:04] 5d1ba75a26ae0 REGULAR DEBUG - "Notification::savePixel Starting."
[2019-07-02 15:50:04] 5d1ba75a26ae0 REGULAR DEBUG - "Pixel Log saved for Msisdn:50688326597 | MedioId: 565 | PaqueteId: 794"
[2019-07-02 15:50:04] 5d1ba75a26ae0 REGULAR DEBUG - "Notification::savePixel Ending."
[2019-07-02 15:50:04] 5d1ba75a26ae0 REGULAR DEBUG - "Notification::deletePresubscription Starting."
[2019-07-02 15:50:04] 5d1ba75a26ae0 REGULAR DEBUG - "Notification::deletePresubscription Ending."
[2019-07-02 15:56:03] 5d1ba8c1c6af3 REGULAR DEBUG - "Notification::sendPixelClick Starting."
[2019-07-02 15:56:03] 5d1ba8c1c6af3 REGULAR DEBUG - "Google::__construct Request to Google: Pixel: EAIaIQobChMI-fW_v_SW4wIVWTlPCh0DPQWjEAEYASAAEgJ0i_D_BwE@5ca789bda1686d2786acfbe2@5cc1d6376f00a41f8cc80447 | Pub: "
[2019-07-02 15:56:03] 5d1ba8c1c6af3 REGULAR DEBUG - "Hit Google Msisdn: 50660341035 | Pixel : EAIaIQobChMI-fW_v_SW4wIVWTlPCh0DPQWjEAEYASAAEgJ0i_D_BwE@5ca789bda1686d2786acfbe2@5cc1d6376f00a41f8cc80447 | Response: OK"
[2019-07-02 15:56:03] 5d1ba8c1c6af3 REGULAR DEBUG - "Notification::sendPixelClick Ending."
[2019-07-02 15:56:03] 5d1ba8c1c6af3 REGULAR DEBUG - "Notification::savePixel Starting."
[2019-07-02 15:56:03] 5d1ba8c1c6af3 REGULAR DEBUG - "Pixel Log saved for Msisdn:50660341035 | MedioId: 565 | PaqueteId: 794"
[2019-07-02 15:56:03] 5d1ba8c1c6af3 REGULAR DEBUG - "Notification::savePixel Ending."
[2019-07-02 15:56:03] 5d1ba8c1c6af3 REGULAR DEBUG - "Notification::deletePresubscription Starting."
[2019-07-02 15:56:03] 5d1ba8c1c6af3 REGULAR DEBUG - "Notification::deletePresubscription Ending."
