[2019-07-16 02:15:05] 5d2d5d55c89cb REGULAR DEBUG - "Notification::sendPixelClick Starting."
[2019-07-16 02:15:05] 5d2d5d55c89cb REGULAR DEBUG - "Google::__construct Request to Google: Pixel: EAIaIQobChMI-Ia_jdS44wIViHZiCh0tkQ91EAEYASAAEgLEfvD_BwE@5ca789bda1686d2786acfbe2@5d29f822e647e71c2b73f928 | Pub: "
[2019-07-16 02:15:06] 5d2d5d55c89cb REGULAR DEBUG - "Hit Google Msisdn: 595991798299 | Pixel : EAIaIQobChMI-Ia_jdS44wIViHZiCh0tkQ91EAEYASAAEgLEfvD_BwE@5ca789bda1686d2786acfbe2@5d29f822e647e71c2b73f928 | Response: OK"
[2019-07-16 02:15:06] 5d2d5d55c89cb REGULAR DEBUG - "Notification::sendPixelClick Ending."
[2019-07-16 02:15:06] 5d2d5d55c89cb REGULAR DEBUG - "Notification::savePixel Starting."
[2019-07-16 02:15:06] 5d2d5d55c89cb REGULAR DEBUG - "Pixel Log saved for Msisdn:595991798299 | MedioId: 141 | PaqueteId: 781"
[2019-07-16 02:15:06] 5d2d5d55c89cb REGULAR DEBUG - "Notification::savePixel Ending."
[2019-07-16 02:15:06] 5d2d5d55c89cb REGULAR DEBUG - "Notification::deletePresubscription Starting."
[2019-07-16 02:15:06] 5d2d5d55c89cb REGULAR DEBUG - "Notification::deletePresubscription Ending."
[2019-07-16 09:05:02] 5d2dbd6d4afdd REGULAR DEBUG - "Notification::sendPixelClick Starting."
[2019-07-16 09:05:02] 5d2dbd6d4afdd REGULAR DEBUG - "Google::__construct Request to Google: Pixel: CjwKCAjw67XpBRBqEiwA5RCoca_7ZaDIHde139U1qqGwWwIRtEOzU4VRuVPW_OBe_pc0NxerBDTSWBoCnVIQAvD_BwE@5ca789bda1686d2786acfbe2@5d29f822e647e71c2b73f928 | Pub: "
[2019-07-16 09:05:02] 5d2dbd6d4afdd REGULAR DEBUG - "Hit Google Msisdn: 595984969800 | Pixel : CjwKCAjw67XpBRBqEiwA5RCoca_7ZaDIHde139U1qqGwWwIRtEOzU4VRuVPW_OBe_pc0NxerBDTSWBoCnVIQAvD_BwE@5ca789bda1686d2786acfbe2@5d29f822e647e71c2b73f928 | Response: OK"
[2019-07-16 09:05:02] 5d2dbd6d4afdd REGULAR DEBUG - "Notification::sendPixelClick Ending."
[2019-07-16 09:05:02] 5d2dbd6d4afdd REGULAR DEBUG - "Notification::savePixel Starting."
[2019-07-16 09:05:02] 5d2dbd6d4afdd REGULAR DEBUG - "Pixel Log saved for Msisdn:595984969800 | MedioId: 141 | PaqueteId: 781"
[2019-07-16 09:05:02] 5d2dbd6d4afdd REGULAR DEBUG - "Notification::savePixel Ending."
[2019-07-16 09:05:02] 5d2dbd6d4afdd REGULAR DEBUG - "Notification::deletePresubscription Starting."
[2019-07-16 09:05:02] 5d2dbd6d4afdd REGULAR DEBUG - "Notification::deletePresubscription Ending."
[2019-07-16 09:07:02] 5d2dbde534c94 REGULAR DEBUG - "Notification::sendPixelClick Starting."
[2019-07-16 09:07:02] 5d2dbde534c94 REGULAR DEBUG - "Google::__construct Request to Google: Pixel: CjwKCAjw67XpBRBqEiwA5RCocVPPpGM31SLQKFyFHl4OBCEsyz3AY9sFmYf-k8oNCona5-7b1vzVyxoCTTsQAvD_BwE@5ca789bda1686d2786acfbe2@5d29f822e647e71c2b73f928 | Pub: "
[2019-07-16 09:07:02] 5d2dbde534c94 REGULAR DEBUG - "Hit Google Msisdn: 595973891496 | Pixel : CjwKCAjw67XpBRBqEiwA5RCocVPPpGM31SLQKFyFHl4OBCEsyz3AY9sFmYf-k8oNCona5-7b1vzVyxoCTTsQAvD_BwE@5ca789bda1686d2786acfbe2@5d29f822e647e71c2b73f928 | Response: OK"
[2019-07-16 09:07:02] 5d2dbde534c94 REGULAR DEBUG - "Notification::sendPixelClick Ending."
[2019-07-16 09:07:02] 5d2dbde534c94 REGULAR DEBUG - "Notification::savePixel Starting."
[2019-07-16 09:07:02] 5d2dbde534c94 REGULAR DEBUG - "Pixel Log saved for Msisdn:595973891496 | MedioId: 141 | PaqueteId: 781"
[2019-07-16 09:07:02] 5d2dbde534c94 REGULAR DEBUG - "Notification::savePixel Ending."
[2019-07-16 09:07:02] 5d2dbde534c94 REGULAR DEBUG - "Notification::deletePresubscription Starting."
[2019-07-16 09:07:03] 5d2dbde534c94 REGULAR DEBUG - "Notification::deletePresubscription Ending."
[2019-07-16 09:40:02] 5d2dc5a187a40 REGULAR DEBUG - "Notification::sendPixelClick Starting."
[2019-07-16 09:40:02] 5d2dc5a187a40 REGULAR DEBUG - "Google::__construct Request to Google: Pixel: CjwKCAjw67XpBRBqEiwA5RCocZPt7cmw3i-UNoF7nR28I7Y1pCeYb1re0SDNvf_Zo0Aj6ijtBrLeshoCSl8QAvD_BwE@5ca789bda1686d2786acfbe2@5d29f822e647e71c2b73f928 | Pub: "
[2019-07-16 09:40:02] 5d2dc5a187a40 REGULAR DEBUG - "Hit Google Msisdn: 595986475965 | Pixel : CjwKCAjw67XpBRBqEiwA5RCocZPt7cmw3i-UNoF7nR28I7Y1pCeYb1re0SDNvf_Zo0Aj6ijtBrLeshoCSl8QAvD_BwE@5ca789bda1686d2786acfbe2@5d29f822e647e71c2b73f928 | Response: OK"
[2019-07-16 09:40:02] 5d2dc5a187a40 REGULAR DEBUG - "Notification::sendPixelClick Ending."
[2019-07-16 09:40:02] 5d2dc5a187a40 REGULAR DEBUG - "Notification::savePixel Starting."
[2019-07-16 09:40:02] 5d2dc5a187a40 REGULAR DEBUG - "Pixel Log saved for Msisdn:595986475965 | MedioId: 141 | PaqueteId: 781"
[2019-07-16 09:40:02] 5d2dc5a187a40 REGULAR DEBUG - "Notification::savePixel Ending."
[2019-07-16 09:40:02] 5d2dc5a187a40 REGULAR DEBUG - "Notification::deletePresubscription Starting."
[2019-07-16 09:40:02] 5d2dc5a187a40 REGULAR DEBUG - "Notification::deletePresubscription Ending."
[2019-07-16 09:52:02] 5d2dc871e9a4d REGULAR DEBUG - "Notification::sendPixelClick Starting."
[2019-07-16 09:52:02] 5d2dc871e9a4d REGULAR DEBUG - "Google::__construct Request to Google: Pixel: EAIaIQobChMI9bT39rq54wIVxnliCh3Nowj3EAEYASAAEgLsr_D_BwE@5ca789bda1686d2786acfbe2@5d29f822e647e71c2b73f928 | Pub: "
[2019-07-16 09:52:03] 5d2dc871e9a4d REGULAR DEBUG - "Hit Google Msisdn: 595976519564 | Pixel : EAIaIQobChMI9bT39rq54wIVxnliCh3Nowj3EAEYASAAEgLsr_D_BwE@5ca789bda1686d2786acfbe2@5d29f822e647e71c2b73f928 | Response: OK"
[2019-07-16 09:52:03] 5d2dc871e9a4d REGULAR DEBUG - "Notification::sendPixelClick Ending."
[2019-07-16 09:52:03] 5d2dc871e9a4d REGULAR DEBUG - "Notification::savePixel Starting."
[2019-07-16 09:52:03] 5d2dc871e9a4d REGULAR DEBUG - "Pixel Log saved for Msisdn:595976519564 | MedioId: 141 | PaqueteId: 781"
[2019-07-16 09:52:03] 5d2dc871e9a4d REGULAR DEBUG - "Notification::savePixel Ending."
[2019-07-16 09:52:03] 5d2dc871e9a4d REGULAR DEBUG - "Notification::deletePresubscription Starting."
[2019-07-16 09:52:03] 5d2dc871e9a4d REGULAR DEBUG - "Notification::deletePresubscription Ending."
[2019-07-16 10:23:03] 5d2dcfb5615ec REGULAR DEBUG - "Notification::sendPixelClick Starting."
[2019-07-16 10:23:03] 5d2dcfb5615ec REGULAR DEBUG - "Google::__construct Request to Google: Pixel: EAIaIQobChMI2qTNh8K54wIVyH5iCh0Pjw_FEAEYASAAEgLLC_D_BwE@5ca789bda1686d2786acfbe2@5d29f822e647e71c2b73f928 | Pub: "
[2019-07-16 10:23:03] 5d2dcfb5615ec REGULAR DEBUG - "Hit Google Msisdn: 595972886769 | Pixel : EAIaIQobChMI2qTNh8K54wIVyH5iCh0Pjw_FEAEYASAAEgLLC_D_BwE@5ca789bda1686d2786acfbe2@5d29f822e647e71c2b73f928 | Response: OK"
[2019-07-16 10:23:03] 5d2dcfb5615ec REGULAR DEBUG - "Notification::sendPixelClick Ending."
[2019-07-16 10:23:03] 5d2dcfb5615ec REGULAR DEBUG - "Notification::savePixel Starting."
[2019-07-16 10:23:03] 5d2dcfb5615ec REGULAR DEBUG - "Pixel Log saved for Msisdn:595972886769 | MedioId: 141 | PaqueteId: 781"
[2019-07-16 10:23:03] 5d2dcfb5615ec REGULAR DEBUG - "Notification::savePixel Ending."
[2019-07-16 10:23:03] 5d2dcfb5615ec REGULAR DEBUG - "Notification::deletePresubscription Starting."
[2019-07-16 10:23:03] 5d2dcfb5615ec REGULAR DEBUG - "Notification::deletePresubscription Ending."
[2019-07-16 10:29:02] 5d2dd11d646e7 REGULAR DEBUG - "Notification::sendPixelClick Starting."
[2019-07-16 10:29:02] 5d2dd11d646e7 REGULAR DEBUG - "Google::__construct Request to Google: Pixel: EAIaIQobChMIm-aJ1L-54wIVmwKtBh1ZYQS1EAEYASAAEgJAxvD_BwE@5ca789bda1686d2786acfbe2@5d29f822e647e71c2b73f928 | Pub: "
[2019-07-16 10:29:02] 5d2dd11d646e7 REGULAR DEBUG - "Hit Google Msisdn: 595984283767 | Pixel : EAIaIQobChMIm-aJ1L-54wIVmwKtBh1ZYQS1EAEYASAAEgJAxvD_BwE@5ca789bda1686d2786acfbe2@5d29f822e647e71c2b73f928 | Response: OK"
[2019-07-16 10:29:02] 5d2dd11d646e7 REGULAR DEBUG - "Notification::sendPixelClick Ending."
[2019-07-16 10:29:02] 5d2dd11d646e7 REGULAR DEBUG - "Notification::savePixel Starting."
[2019-07-16 10:29:02] 5d2dd11d646e7 REGULAR DEBUG - "Pixel Log saved for Msisdn:595984283767 | MedioId: 141 | PaqueteId: 781"
[2019-07-16 10:29:02] 5d2dd11d646e7 REGULAR DEBUG - "Notification::savePixel Ending."
[2019-07-16 10:29:02] 5d2dd11d646e7 REGULAR DEBUG - "Notification::deletePresubscription Starting."
[2019-07-16 10:29:02] 5d2dd11d646e7 REGULAR DEBUG - "Notification::deletePresubscription Ending."
