[2019-07-16 00:45:02] 5d2d483d922c7 REGULAR DEBUG - "Notification::sendPixelClick Starting."
[2019-07-16 00:45:02] 5d2d483d922c7 REGULAR DEBUG - "Google::__construct Request to Google: Pixel: EAIaIQobChMIt_HQ_Li44wIVA-VbCh1Zig6dEAEYASAAEgI0HfD_BwE@5ca789bda1686d2786acfbe2@5cc04a056f00a41f8cc803f3 | Pub: "
[2019-07-16 00:45:03] 5d2d483d922c7 REGULAR DEBUG - "Hit Google Msisdn: 56968230555 | Pixel : EAIaIQobChMIt_HQ_Li44wIVA-VbCh1Zig6dEAEYASAAEgI0HfD_BwE@5ca789bda1686d2786acfbe2@5cc04a056f00a41f8cc803f3 | Response: OK"
[2019-07-16 00:45:03] 5d2d483d922c7 REGULAR DEBUG - "Notification::sendPixelClick Ending."
[2019-07-16 00:45:03] 5d2d483d922c7 REGULAR DEBUG - "Notification::savePixel Starting."
[2019-07-16 00:45:03] 5d2d483d922c7 REGULAR DEBUG - "Pixel Log saved for Msisdn:56968230555 | MedioId: 422 | PaqueteId: 805"
[2019-07-16 00:45:03] 5d2d483d922c7 REGULAR DEBUG - "Notification::savePixel Ending."
[2019-07-16 00:45:03] 5d2d483d922c7 REGULAR DEBUG - "Notification::deletePresubscription Starting."
[2019-07-16 00:45:03] 5d2d483d922c7 REGULAR DEBUG - "Notification::deletePresubscription Ending."
[2019-07-16 00:45:03] 5d2d483d922c7 REGULAR DEBUG - "Notification::sendPixelClick Starting."
[2019-07-16 00:45:03] 5d2d483d922c7 REGULAR DEBUG - "Notification::deletePresubscription Starting."
[2019-07-16 00:45:03] 5d2d483d922c7 REGULAR DEBUG - "Notification::deletePresubscription Ending."
[2019-07-16 00:45:03] 5d2d483d922c7 REGULAR DEBUG - "Notification::sendPixelClick Starting."
[2019-07-16 00:45:03] 5d2d483d922c7 REGULAR DEBUG - "Notification::deletePresubscription Starting."
[2019-07-16 00:45:03] 5d2d483d922c7 REGULAR DEBUG - "Notification::deletePresubscription Ending."
[2019-07-16 01:15:04] 5d2d4f4686730 REGULAR DEBUG - "Notification::sendPixelClick Starting."
[2019-07-16 01:15:04] 5d2d4f4686730 REGULAR DEBUG - "Notification::deletePresubscription Starting."
[2019-07-16 01:15:04] 5d2d4f4686730 REGULAR DEBUG - "Notification::deletePresubscription Ending."
[2019-07-16 01:15:04] 5d2d4f4686730 REGULAR DEBUG - "Notification::sendPixelClick Starting."
[2019-07-16 01:15:04] 5d2d4f4686730 REGULAR DEBUG - "Notification::deletePresubscription Starting."
[2019-07-16 01:15:04] 5d2d4f4686730 REGULAR DEBUG - "Notification::deletePresubscription Ending."
[2019-07-16 02:00:03] 5d2d59d19d84a REGULAR DEBUG - "Notification::sendPixelClick Starting."
[2019-07-16 02:00:03] 5d2d59d19d84a REGULAR DEBUG - "Notification::deletePresubscription Starting."
[2019-07-16 02:00:03] 5d2d59d19d84a REGULAR DEBUG - "Notification::deletePresubscription Ending."
[2019-07-16 02:15:03] 5d2d5d55c89cb REGULAR DEBUG - "Notification::sendPixelClick Starting."
[2019-07-16 02:15:03] 5d2d5d55c89cb REGULAR DEBUG - "Google::__construct Request to Google: Pixel: EAIaIQobChMI0_XGrdK44wIVCeRkCh3z_AHUEAEYASAAEgKb1vD_BwE@5ca789bda1686d2786acfbe2@5cc04a056f00a41f8cc803f3 | Pub: "
[2019-07-16 02:15:03] 5d2d5d55c89cb REGULAR DEBUG - "Hit Google Msisdn: 56965651429 | Pixel : EAIaIQobChMI0_XGrdK44wIVCeRkCh3z_AHUEAEYASAAEgKb1vD_BwE@5ca789bda1686d2786acfbe2@5cc04a056f00a41f8cc803f3 | Response: OK"
[2019-07-16 02:15:03] 5d2d5d55c89cb REGULAR DEBUG - "Notification::sendPixelClick Ending."
[2019-07-16 02:15:03] 5d2d5d55c89cb REGULAR DEBUG - "Notification::savePixel Starting."
[2019-07-16 02:15:03] 5d2d5d55c89cb REGULAR DEBUG - "Pixel Log saved for Msisdn:56965651429 | MedioId: 422 | PaqueteId: 805"
[2019-07-16 02:15:03] 5d2d5d55c89cb REGULAR DEBUG - "Notification::savePixel Ending."
[2019-07-16 02:15:03] 5d2d5d55c89cb REGULAR DEBUG - "Notification::deletePresubscription Starting."
[2019-07-16 02:15:03] 5d2d5d55c89cb REGULAR DEBUG - "Notification::deletePresubscription Ending."
[2019-07-16 02:15:03] 5d2d5d55c89cb REGULAR DEBUG - "Notification::sendPixelClick Starting."
[2019-07-16 02:15:03] 5d2d5d55c89cb REGULAR DEBUG - "Google::__construct Request to Google: Pixel: EAIaIQobChMI6betkdS44wIVsAKtBh1CvQaCEAEYASAAEgKRqvD_BwE@5ca789bda1686d2786acfbe2@5cc04a056f00a41f8cc803f3 | Pub: "
[2019-07-16 02:15:04] 5d2d5d55c89cb REGULAR DEBUG - "Hit Google Msisdn: 56997917157 | Pixel : EAIaIQobChMI6betkdS44wIVsAKtBh1CvQaCEAEYASAAEgKRqvD_BwE@5ca789bda1686d2786acfbe2@5cc04a056f00a41f8cc803f3 | Response: OK"
[2019-07-16 02:15:04] 5d2d5d55c89cb REGULAR DEBUG - "Notification::sendPixelClick Ending."
[2019-07-16 02:15:04] 5d2d5d55c89cb REGULAR DEBUG - "Notification::savePixel Starting."
[2019-07-16 02:15:04] 5d2d5d55c89cb REGULAR DEBUG - "Pixel Log saved for Msisdn:56997917157 | MedioId: 422 | PaqueteId: 805"
[2019-07-16 02:15:04] 5d2d5d55c89cb REGULAR DEBUG - "Notification::savePixel Ending."
[2019-07-16 02:15:04] 5d2d5d55c89cb REGULAR DEBUG - "Notification::deletePresubscription Starting."
[2019-07-16 02:15:04] 5d2d5d55c89cb REGULAR DEBUG - "Notification::deletePresubscription Ending."
[2019-07-16 02:15:04] 5d2d5d55c89cb REGULAR DEBUG - "Notification::sendPixelClick Starting."
[2019-07-16 02:15:04] 5d2d5d55c89cb REGULAR DEBUG - "Google::__construct Request to Google: Pixel: EAIaIQobChMIooiCodS44wIVjkYMCh3jpAzYEAEYASAAEgJYjPD_BwE@5ca789bda1686d2786acfbe2@5cc04a056f00a41f8cc803f3 | Pub: "
[2019-07-16 02:15:04] 5d2d5d55c89cb REGULAR DEBUG - "Hit Google Msisdn: 56978189209 | Pixel : EAIaIQobChMIooiCodS44wIVjkYMCh3jpAzYEAEYASAAEgJYjPD_BwE@5ca789bda1686d2786acfbe2@5cc04a056f00a41f8cc803f3 | Response: OK"
[2019-07-16 02:15:04] 5d2d5d55c89cb REGULAR DEBUG - "Notification::sendPixelClick Ending."
[2019-07-16 02:15:04] 5d2d5d55c89cb REGULAR DEBUG - "Notification::savePixel Starting."
[2019-07-16 02:15:04] 5d2d5d55c89cb REGULAR DEBUG - "Pixel Log saved for Msisdn:56978189209 | MedioId: 422 | PaqueteId: 805"
[2019-07-16 02:15:04] 5d2d5d55c89cb REGULAR DEBUG - "Notification::savePixel Ending."
[2019-07-16 02:15:04] 5d2d5d55c89cb REGULAR DEBUG - "Notification::deletePresubscription Starting."
[2019-07-16 02:15:04] 5d2d5d55c89cb REGULAR DEBUG - "Notification::deletePresubscription Ending."
[2019-07-16 02:30:02] 5d2d60d9442a6 REGULAR DEBUG - "Notification::sendPixelClick Starting."
[2019-07-16 02:30:02] 5d2d60d9442a6 REGULAR DEBUG - "Notification::deletePresubscription Starting."
[2019-07-16 02:30:02] 5d2d60d9442a6 REGULAR DEBUG - "Notification::deletePresubscription Ending."
[2019-07-16 02:45:03] 5d2d645e35f2a REGULAR DEBUG - "Notification::sendPixelClick Starting."
[2019-07-16 02:45:03] 5d2d645e35f2a REGULAR DEBUG - "Notification::deletePresubscription Starting."
[2019-07-16 02:45:03] 5d2d645e35f2a REGULAR DEBUG - "Notification::deletePresubscription Ending."
[2019-07-16 02:45:03] 5d2d645e35f2a REGULAR DEBUG - "Notification::sendPixelClick Starting."
[2019-07-16 02:45:03] 5d2d645e35f2a REGULAR DEBUG - "Google::__construct Request to Google: Pixel: EAIaIQobChMIy8bgj9u44wIVSlsMCh2H6AVYEAEYASAAEgKravD_BwE@5ca789bda1686d2786acfbe2@5ce448120d49cc0845931251 | Pub: "
[2019-07-16 02:45:04] 5d2d645e35f2a REGULAR DEBUG - "Hit Google Msisdn: 56977423858 | Pixel : EAIaIQobChMIy8bgj9u44wIVSlsMCh2H6AVYEAEYASAAEgKravD_BwE@5ca789bda1686d2786acfbe2@5ce448120d49cc0845931251 | Response: OK"
[2019-07-16 02:45:04] 5d2d645e35f2a REGULAR DEBUG - "Notification::sendPixelClick Ending."
[2019-07-16 02:45:04] 5d2d645e35f2a REGULAR DEBUG - "Notification::savePixel Starting."
[2019-07-16 02:45:04] 5d2d645e35f2a REGULAR DEBUG - "Pixel Log saved for Msisdn:56977423858 | MedioId: 422 | PaqueteId: 812"
[2019-07-16 02:45:04] 5d2d645e35f2a REGULAR DEBUG - "Notification::savePixel Ending."
[2019-07-16 02:45:04] 5d2d645e35f2a REGULAR DEBUG - "Notification::deletePresubscription Starting."
[2019-07-16 02:45:04] 5d2d645e35f2a REGULAR DEBUG - "Notification::deletePresubscription Ending."
[2019-07-16 03:45:03] 5d2d726e0194b REGULAR DEBUG - "Notification::sendPixelClick Starting."
[2019-07-16 03:45:03] 5d2d726e0194b REGULAR DEBUG - "Google::__construct Request to Google: Pixel: Cj0KCQjwyLDpBRCxARIsAEENsrIr_H4vhmsAKHnvTLOsgVnxb1EfN-J8soxky5F9Ca2RAc7H0K1LcBAaAgnFEALw_wcB@5ca789bda1686d2786acfbe2@5cc04a056f00a41f8cc803f3 | Pub: "
[2019-07-16 03:45:03] 5d2d726e0194b REGULAR DEBUG - "Hit Google Msisdn: 56979085216 | Pixel : Cj0KCQjwyLDpBRCxARIsAEENsrIr_H4vhmsAKHnvTLOsgVnxb1EfN-J8soxky5F9Ca2RAc7H0K1LcBAaAgnFEALw_wcB@5ca789bda1686d2786acfbe2@5cc04a056f00a41f8cc803f3 | Response: OK"
[2019-07-16 03:45:03] 5d2d726e0194b REGULAR DEBUG - "Notification::sendPixelClick Ending."
[2019-07-16 03:45:03] 5d2d726e0194b REGULAR DEBUG - "Notification::savePixel Starting."
[2019-07-16 03:45:03] 5d2d726e0194b REGULAR DEBUG - "Pixel Log saved for Msisdn:56979085216 | MedioId: 422 | PaqueteId: 805"
[2019-07-16 03:45:03] 5d2d726e0194b REGULAR DEBUG - "Notification::savePixel Ending."
[2019-07-16 03:45:03] 5d2d726e0194b REGULAR DEBUG - "Notification::deletePresubscription Starting."
[2019-07-16 03:45:03] 5d2d726e0194b REGULAR DEBUG - "Notification::deletePresubscription Ending."
[2019-07-16 04:00:02] 5d2d75f1768e6 REGULAR DEBUG - "Notification::sendPixelClick Starting."
[2019-07-16 04:00:02] 5d2d75f1768e6 REGULAR DEBUG - "Google::__construct Request to Google: Pixel: EAIaIQobChMIjLeOhuy44wIVUwo3Ch3aFwW6EAEYASAAEgJHzfD_BwE@5ca789bda1686d2786acfbe2@5cc04a056f00a41f8cc803f3 | Pub: "
[2019-07-16 04:00:03] 5d2d75f1768e6 REGULAR DEBUG - "Hit Google Msisdn: 56950301263 | Pixel : EAIaIQobChMIjLeOhuy44wIVUwo3Ch3aFwW6EAEYASAAEgJHzfD_BwE@5ca789bda1686d2786acfbe2@5cc04a056f00a41f8cc803f3 | Response: OK"
[2019-07-16 04:00:03] 5d2d75f1768e6 REGULAR DEBUG - "Notification::sendPixelClick Ending."
[2019-07-16 04:00:03] 5d2d75f1768e6 REGULAR DEBUG - "Notification::savePixel Starting."
[2019-07-16 04:00:03] 5d2d75f1768e6 REGULAR DEBUG - "Pixel Log saved for Msisdn:56950301263 | MedioId: 422 | PaqueteId: 805"
[2019-07-16 04:00:03] 5d2d75f1768e6 REGULAR DEBUG - "Notification::savePixel Ending."
[2019-07-16 04:00:03] 5d2d75f1768e6 REGULAR DEBUG - "Notification::deletePresubscription Starting."
[2019-07-16 04:00:03] 5d2d75f1768e6 REGULAR DEBUG - "Notification::deletePresubscription Ending."
[2019-07-16 04:00:03] 5d2d75f1768e6 REGULAR DEBUG - "Notification::sendPixelClick Starting."
[2019-07-16 04:00:03] 5d2d75f1768e6 REGULAR DEBUG - "Google::__construct Request to Google: Pixel: EAIaIQobChMIlb_xnOy44wIVwwcMCh2PNgC8EAEYASAAEgJ_CPD_BwE@5ca789bda1686d2786acfbe2@5cc04a056f00a41f8cc803f3 | Pub: "
[2019-07-16 04:00:03] 5d2d75f1768e6 REGULAR DEBUG - "Hit Google Msisdn: 56965322601 | Pixel : EAIaIQobChMIlb_xnOy44wIVwwcMCh2PNgC8EAEYASAAEgJ_CPD_BwE@5ca789bda1686d2786acfbe2@5cc04a056f00a41f8cc803f3 | Response: OK"
[2019-07-16 04:00:03] 5d2d75f1768e6 REGULAR DEBUG - "Notification::sendPixelClick Ending."
[2019-07-16 04:00:03] 5d2d75f1768e6 REGULAR DEBUG - "Notification::savePixel Starting."
[2019-07-16 04:00:03] 5d2d75f1768e6 REGULAR DEBUG - "Pixel Log saved for Msisdn:56965322601 | MedioId: 422 | PaqueteId: 805"
[2019-07-16 04:00:03] 5d2d75f1768e6 REGULAR DEBUG - "Notification::savePixel Ending."
[2019-07-16 04:00:03] 5d2d75f1768e6 REGULAR DEBUG - "Notification::deletePresubscription Starting."
[2019-07-16 04:00:03] 5d2d75f1768e6 REGULAR DEBUG - "Notification::deletePresubscription Ending."
[2019-07-16 04:15:02] 5d2d79756352e REGULAR DEBUG - "Notification::sendPixelClick Starting."
[2019-07-16 04:15:02] 5d2d79756352e REGULAR DEBUG - "Google::__construct Request to Google: Pixel: EAIaIQobChMI37vj_Oy44wIVAbjICh26RQZyEAEYASAAEgIzDPD_BwE@5ca789bda1686d2786acfbe2@5ce448120d49cc0845931251 | Pub: "
[2019-07-16 04:15:02] 5d2d79756352e REGULAR DEBUG - "Hit Google Msisdn: 56984502865 | Pixel : EAIaIQobChMI37vj_Oy44wIVAbjICh26RQZyEAEYASAAEgIzDPD_BwE@5ca789bda1686d2786acfbe2@5ce448120d49cc0845931251 | Response: OK"
[2019-07-16 04:15:02] 5d2d79756352e REGULAR DEBUG - "Notification::sendPixelClick Ending."
[2019-07-16 04:15:02] 5d2d79756352e REGULAR DEBUG - "Notification::savePixel Starting."
[2019-07-16 04:15:02] 5d2d79756352e REGULAR DEBUG - "Pixel Log saved for Msisdn:56984502865 | MedioId: 422 | PaqueteId: 812"
[2019-07-16 04:15:02] 5d2d79756352e REGULAR DEBUG - "Notification::savePixel Ending."
[2019-07-16 04:15:02] 5d2d79756352e REGULAR DEBUG - "Notification::deletePresubscription Starting."
[2019-07-16 04:15:02] 5d2d79756352e REGULAR DEBUG - "Notification::deletePresubscription Ending."
[2019-07-16 04:15:02] 5d2d79756352e REGULAR DEBUG - "Notification::sendPixelClick Starting."
[2019-07-16 04:15:02] 5d2d79756352e REGULAR DEBUG - "Google::__construct Request to Google: Pixel: EAIaIQobChMIg7iEle644wIVlKrICh0Rlw6vEAEYASAAEgJELfD_BwE@5ca789bda1686d2786acfbe2@5cc04a056f00a41f8cc803f3 | Pub: "
[2019-07-16 04:15:03] 5d2d79756352e REGULAR DEBUG - "Hit Google Msisdn: 56991776677 | Pixel : EAIaIQobChMIg7iEle644wIVlKrICh0Rlw6vEAEYASAAEgJELfD_BwE@5ca789bda1686d2786acfbe2@5cc04a056f00a41f8cc803f3 | Response: OK"
[2019-07-16 04:15:03] 5d2d79756352e REGULAR DEBUG - "Notification::sendPixelClick Ending."
[2019-07-16 04:15:03] 5d2d79756352e REGULAR DEBUG - "Notification::savePixel Starting."
[2019-07-16 04:15:03] 5d2d79756352e REGULAR DEBUG - "Pixel Log saved for Msisdn:56991776677 | MedioId: 422 | PaqueteId: 805"
[2019-07-16 04:15:03] 5d2d79756352e REGULAR DEBUG - "Notification::savePixel Ending."
[2019-07-16 04:15:03] 5d2d79756352e REGULAR DEBUG - "Notification::deletePresubscription Starting."
[2019-07-16 04:15:03] 5d2d79756352e REGULAR DEBUG - "Notification::deletePresubscription Ending."
[2019-07-16 04:15:03] 5d2d79756352e REGULAR DEBUG - "Notification::sendPixelClick Starting."
[2019-07-16 04:15:03] 5d2d79756352e REGULAR DEBUG - "Google::__construct Request to Google: Pixel: Cj0KCQjwyLDpBRCxARIsAEENsrIG9nI89Kwqu7TnIOKdN43dI-jyftjehDrjNRi9g1INzcanK4atXfkaAkKhEALw_wcB@5ca789bda1686d2786acfbe2@5ce448120d49cc0845931251 | Pub: "
[2019-07-16 04:15:03] 5d2d79756352e REGULAR DEBUG - "Hit Google Msisdn: 56967474915 | Pixel : Cj0KCQjwyLDpBRCxARIsAEENsrIG9nI89Kwqu7TnIOKdN43dI-jyftjehDrjNRi9g1INzcanK4atXfkaAkKhEALw_wcB@5ca789bda1686d2786acfbe2@5ce448120d49cc0845931251 | Response: OK"
[2019-07-16 04:15:03] 5d2d79756352e REGULAR DEBUG - "Notification::sendPixelClick Ending."
[2019-07-16 04:15:03] 5d2d79756352e REGULAR DEBUG - "Notification::savePixel Starting."
[2019-07-16 04:15:03] 5d2d79756352e REGULAR DEBUG - "Pixel Log saved for Msisdn:56967474915 | MedioId: 422 | PaqueteId: 812"
[2019-07-16 04:15:03] 5d2d79756352e REGULAR DEBUG - "Notification::savePixel Ending."
[2019-07-16 04:15:03] 5d2d79756352e REGULAR DEBUG - "Notification::deletePresubscription Starting."
[2019-07-16 04:15:03] 5d2d79756352e REGULAR DEBUG - "Notification::deletePresubscription Ending."
[2019-07-16 04:15:03] 5d2d79756352e REGULAR DEBUG - "Notification::sendPixelClick Starting."
[2019-07-16 04:15:03] 5d2d79756352e REGULAR DEBUG - "Google::__construct Request to Google: Pixel: CjwKCAjw67XpBRBqEiwA5RCocZt9QM4ZclIY_tFKchZ6TohJ0iE_QNBbPY4ZzKTH3_ttDuUcl14vIRoCYx4QAvD_BwE@5ca789bda1686d2786acfbe2@5ce448120d49cc0845931251 | Pub: "
[2019-07-16 04:15:03] 5d2d79756352e REGULAR DEBUG - "Hit Google Msisdn: 56965400816 | Pixel : CjwKCAjw67XpBRBqEiwA5RCocZt9QM4ZclIY_tFKchZ6TohJ0iE_QNBbPY4ZzKTH3_ttDuUcl14vIRoCYx4QAvD_BwE@5ca789bda1686d2786acfbe2@5ce448120d49cc0845931251 | Response: OK"
[2019-07-16 04:15:03] 5d2d79756352e REGULAR DEBUG - "Notification::sendPixelClick Ending."
[2019-07-16 04:15:03] 5d2d79756352e REGULAR DEBUG - "Notification::savePixel Starting."
[2019-07-16 04:15:03] 5d2d79756352e REGULAR DEBUG - "Pixel Log saved for Msisdn:56965400816 | MedioId: 422 | PaqueteId: 812"
[2019-07-16 04:15:03] 5d2d79756352e REGULAR DEBUG - "Notification::savePixel Ending."
[2019-07-16 04:15:03] 5d2d79756352e REGULAR DEBUG - "Notification::deletePresubscription Starting."
[2019-07-16 04:15:03] 5d2d79756352e REGULAR DEBUG - "Notification::deletePresubscription Ending."
[2019-07-16 04:30:04] 5d2d7cfa5c799 REGULAR DEBUG - "Notification::sendPixelClick Starting."
[2019-07-16 04:30:04] 5d2d7cfa5c799 REGULAR DEBUG - "Google::__construct Request to Google: Pixel: EAIaIQobChMI9fTO4_K44wIVDq3ICh0nvAy8EAEYASAAEgKPB_D_BwE@5ca789bda1686d2786acfbe2@5cc04a056f00a41f8cc803f3 | Pub: "
[2019-07-16 04:30:04] 5d2d7cfa5c799 REGULAR DEBUG - "Hit Google Msisdn: 56966972968 | Pixel : EAIaIQobChMI9fTO4_K44wIVDq3ICh0nvAy8EAEYASAAEgKPB_D_BwE@5ca789bda1686d2786acfbe2@5cc04a056f00a41f8cc803f3 | Response: OK"
[2019-07-16 04:30:04] 5d2d7cfa5c799 REGULAR DEBUG - "Notification::sendPixelClick Ending."
[2019-07-16 04:30:04] 5d2d7cfa5c799 REGULAR DEBUG - "Notification::savePixel Starting."
[2019-07-16 04:30:04] 5d2d7cfa5c799 REGULAR DEBUG - "Pixel Log saved for Msisdn:56966972968 | MedioId: 422 | PaqueteId: 805"
[2019-07-16 04:30:04] 5d2d7cfa5c799 REGULAR DEBUG - "Notification::savePixel Ending."
[2019-07-16 04:30:04] 5d2d7cfa5c799 REGULAR DEBUG - "Notification::deletePresubscription Starting."
[2019-07-16 04:30:04] 5d2d7cfa5c799 REGULAR DEBUG - "Notification::deletePresubscription Ending."
[2019-07-16 05:00:05] 5d2d840218b3c REGULAR DEBUG - "Notification::sendPixelClick Starting."
[2019-07-16 05:00:05] 5d2d840218b3c REGULAR DEBUG - "Google::__construct Request to Google: Pixel: EAIaIQobChMIierY5_a44wIVl0IMCh2PNQECEAEYASAAEgLlDPD_BwE@5ca789bda1686d2786acfbe2@5cc04a056f00a41f8cc803f3 | Pub: "
[2019-07-16 05:00:05] 5d2d840218b3c REGULAR DEBUG - "Hit Google Msisdn: 56979026380 | Pixel : EAIaIQobChMIierY5_a44wIVl0IMCh2PNQECEAEYASAAEgLlDPD_BwE@5ca789bda1686d2786acfbe2@5cc04a056f00a41f8cc803f3 | Response: OK"
[2019-07-16 05:00:05] 5d2d840218b3c REGULAR DEBUG - "Notification::sendPixelClick Ending."
[2019-07-16 05:00:05] 5d2d840218b3c REGULAR DEBUG - "Notification::savePixel Starting."
[2019-07-16 05:00:05] 5d2d840218b3c REGULAR DEBUG - "Pixel Log saved for Msisdn:56979026380 | MedioId: 422 | PaqueteId: 805"
[2019-07-16 05:00:05] 5d2d840218b3c REGULAR DEBUG - "Notification::savePixel Ending."
[2019-07-16 05:00:05] 5d2d840218b3c REGULAR DEBUG - "Notification::deletePresubscription Starting."
[2019-07-16 05:00:05] 5d2d840218b3c REGULAR DEBUG - "Notification::deletePresubscription Ending."
[2019-07-16 05:00:05] 5d2d840218b3c REGULAR DEBUG - "Notification::sendPixelClick Starting."
[2019-07-16 05:00:05] 5d2d840218b3c REGULAR DEBUG - "Google::__construct Request to Google: Pixel: EAIaIQobChMIyeCPr_i44wIVS0kMCh2P0QGQEAEYASAAEgLbKfD_BwE@5ca789bda1686d2786acfbe2@5cc04a056f00a41f8cc803f3 | Pub: "
[2019-07-16 05:00:05] 5d2d840218b3c REGULAR DEBUG - "Hit Google Msisdn: 56944674423 | Pixel : EAIaIQobChMIyeCPr_i44wIVS0kMCh2P0QGQEAEYASAAEgLbKfD_BwE@5ca789bda1686d2786acfbe2@5cc04a056f00a41f8cc803f3 | Response: OK"
[2019-07-16 05:00:05] 5d2d840218b3c REGULAR DEBUG - "Notification::sendPixelClick Ending."
[2019-07-16 05:00:05] 5d2d840218b3c REGULAR DEBUG - "Notification::savePixel Starting."
[2019-07-16 05:00:05] 5d2d840218b3c REGULAR DEBUG - "Pixel Log saved for Msisdn:56944674423 | MedioId: 422 | PaqueteId: 805"
[2019-07-16 05:00:05] 5d2d840218b3c REGULAR DEBUG - "Notification::savePixel Ending."
[2019-07-16 05:00:05] 5d2d840218b3c REGULAR DEBUG - "Notification::deletePresubscription Starting."
[2019-07-16 05:00:05] 5d2d840218b3c REGULAR DEBUG - "Notification::deletePresubscription Ending."
[2019-07-16 05:45:02] 5d2d8e8d8af04 REGULAR DEBUG - "Notification::sendPixelClick Starting."
[2019-07-16 05:45:02] 5d2d8e8d8af04 REGULAR DEBUG - "Google::__construct Request to Google: Pixel: CjwKCAjw67XpBRBqEiwA5RCocULcbnfippsNyNIgxnU3vDTmoNVcsEqB6jHR6BtrVnR-Gpund6clqxoCg_IQAvD_BwE@5ca789bda1686d2786acfbe2@5cc04a056f00a41f8cc803f3 | Pub: "
[2019-07-16 05:45:03] 5d2d8e8d8af04 REGULAR DEBUG - "Hit Google Msisdn: 56965208705 | Pixel : CjwKCAjw67XpBRBqEiwA5RCocULcbnfippsNyNIgxnU3vDTmoNVcsEqB6jHR6BtrVnR-Gpund6clqxoCg_IQAvD_BwE@5ca789bda1686d2786acfbe2@5cc04a056f00a41f8cc803f3 | Response: OK"
[2019-07-16 05:45:03] 5d2d8e8d8af04 REGULAR DEBUG - "Notification::sendPixelClick Ending."
[2019-07-16 05:45:03] 5d2d8e8d8af04 REGULAR DEBUG - "Notification::savePixel Starting."
[2019-07-16 05:45:03] 5d2d8e8d8af04 REGULAR DEBUG - "Pixel Log saved for Msisdn:56965208705 | MedioId: 422 | PaqueteId: 805"
[2019-07-16 05:45:03] 5d2d8e8d8af04 REGULAR DEBUG - "Notification::savePixel Ending."
[2019-07-16 05:45:03] 5d2d8e8d8af04 REGULAR DEBUG - "Notification::deletePresubscription Starting."
[2019-07-16 05:45:03] 5d2d8e8d8af04 REGULAR DEBUG - "Notification::deletePresubscription Ending."
[2019-07-16 06:08:03] 5d2d93f19e9f1 REGULAR DEBUG - "Notification::sendPixelClick Starting."
[2019-07-16 06:08:03] 5d2d93f19e9f1 REGULAR DEBUG - "Google::__construct Request to Google: Pixel: EAIaIQobChMIx5OS6Ii54wIV0AQMCh2ZKQa_EAEYASAAEgK1fvD_BwE@5ca789bda1686d2786acfbe2@5ce448120d49cc0845931251 | Pub: "
[2019-07-16 06:08:03] 5d2d93f19e9f1 REGULAR DEBUG - "Hit Google Msisdn: 56959869976 | Pixel : EAIaIQobChMIx5OS6Ii54wIV0AQMCh2ZKQa_EAEYASAAEgK1fvD_BwE@5ca789bda1686d2786acfbe2@5ce448120d49cc0845931251 | Response: OK"
[2019-07-16 06:08:03] 5d2d93f19e9f1 REGULAR DEBUG - "Notification::sendPixelClick Ending."
[2019-07-16 06:08:03] 5d2d93f19e9f1 REGULAR DEBUG - "Notification::savePixel Starting."
[2019-07-16 06:08:03] 5d2d93f19e9f1 REGULAR DEBUG - "Pixel Log saved for Msisdn:56959869976 | MedioId: 422 | PaqueteId: 812"
[2019-07-16 06:08:03] 5d2d93f19e9f1 REGULAR DEBUG - "Notification::savePixel Ending."
[2019-07-16 06:08:03] 5d2d93f19e9f1 REGULAR DEBUG - "Notification::deletePresubscription Starting."
[2019-07-16 06:08:03] 5d2d93f19e9f1 REGULAR DEBUG - "Notification::deletePresubscription Ending."
[2019-07-16 07:21:02] 5d2da50d479d5 REGULAR DEBUG - "Notification::sendPixelClick Starting."
[2019-07-16 07:21:02] 5d2da50d479d5 REGULAR DEBUG - "Google::__construct Request to Google: Pixel: EAIaIQobChMI_Yaco5m54wIVkwgMCh3ymgpSEAEYASAAEgKJFfD_BwE@5ca789bda1686d2786acfbe2@5ce448120d49cc0845931251 | Pub: "
[2019-07-16 07:21:02] 5d2da50d479d5 REGULAR DEBUG - "Hit Google Msisdn: 56982177860 | Pixel : EAIaIQobChMI_Yaco5m54wIVkwgMCh3ymgpSEAEYASAAEgKJFfD_BwE@5ca789bda1686d2786acfbe2@5ce448120d49cc0845931251 | Response: OK"
[2019-07-16 07:21:02] 5d2da50d479d5 REGULAR DEBUG - "Notification::sendPixelClick Ending."
[2019-07-16 07:21:02] 5d2da50d479d5 REGULAR DEBUG - "Notification::savePixel Starting."
[2019-07-16 07:21:02] 5d2da50d479d5 REGULAR DEBUG - "Pixel Log saved for Msisdn:56982177860 | MedioId: 422 | PaqueteId: 812"
[2019-07-16 07:21:02] 5d2da50d479d5 REGULAR DEBUG - "Notification::savePixel Ending."
[2019-07-16 07:21:02] 5d2da50d479d5 REGULAR DEBUG - "Notification::deletePresubscription Starting."
[2019-07-16 07:21:02] 5d2da50d479d5 REGULAR DEBUG - "Notification::deletePresubscription Ending."
[2019-07-16 08:22:02] 5d2db359c76b6 REGULAR DEBUG - "Notification::sendPixelClick Starting."
[2019-07-16 08:22:02] 5d2db359c76b6 REGULAR DEBUG - "Google::__construct Request to Google: Pixel: EAIaIQobChMImYuvz6a54wIVygAMCh1sXgFOEAEYASAAEgLxZPD_BwE@5ca789bda1686d2786acfbe2@5cc04a056f00a41f8cc803f3 | Pub: "
[2019-07-16 08:22:02] 5d2db359c76b6 REGULAR DEBUG - "Hit Google Msisdn: 56971928211 | Pixel : EAIaIQobChMImYuvz6a54wIVygAMCh1sXgFOEAEYASAAEgLxZPD_BwE@5ca789bda1686d2786acfbe2@5cc04a056f00a41f8cc803f3 | Response: OK"
[2019-07-16 08:22:02] 5d2db359c76b6 REGULAR DEBUG - "Notification::sendPixelClick Ending."
[2019-07-16 08:22:02] 5d2db359c76b6 REGULAR DEBUG - "Notification::savePixel Starting."
[2019-07-16 08:22:02] 5d2db359c76b6 REGULAR DEBUG - "Pixel Log saved for Msisdn:56971928211 | MedioId: 422 | PaqueteId: 805"
[2019-07-16 08:22:02] 5d2db359c76b6 REGULAR DEBUG - "Notification::savePixel Ending."
[2019-07-16 08:22:02] 5d2db359c76b6 REGULAR DEBUG - "Notification::deletePresubscription Starting."
[2019-07-16 08:22:02] 5d2db359c76b6 REGULAR DEBUG - "Notification::deletePresubscription Ending."
[2019-07-16 08:56:02] 5d2dbb516ff28 REGULAR DEBUG - "Notification::sendPixelClick Starting."
[2019-07-16 08:56:02] 5d2dbb516ff28 REGULAR DEBUG - "Google::__construct Request to Google: Pixel: EAIaIQobChMIuoO-u6654wIVkAGtBh1bcAU-EAEYASAAEgIcpPD_BwE@5ca789bda1686d2786acfbe2@5cc04a056f00a41f8cc803f3 | Pub: "
[2019-07-16 08:56:02] 5d2dbb516ff28 REGULAR DEBUG - "Hit Google Msisdn: 56983656450 | Pixel : EAIaIQobChMIuoO-u6654wIVkAGtBh1bcAU-EAEYASAAEgIcpPD_BwE@5ca789bda1686d2786acfbe2@5cc04a056f00a41f8cc803f3 | Response: OK"
[2019-07-16 08:56:02] 5d2dbb516ff28 REGULAR DEBUG - "Notification::sendPixelClick Ending."
[2019-07-16 08:56:02] 5d2dbb516ff28 REGULAR DEBUG - "Notification::savePixel Starting."
[2019-07-16 08:56:02] 5d2dbb516ff28 REGULAR DEBUG - "Pixel Log saved for Msisdn:56983656450 | MedioId: 422 | PaqueteId: 805"
[2019-07-16 08:56:02] 5d2dbb516ff28 REGULAR DEBUG - "Notification::savePixel Ending."
[2019-07-16 08:56:02] 5d2dbb516ff28 REGULAR DEBUG - "Notification::deletePresubscription Starting."
[2019-07-16 08:56:02] 5d2dbb516ff28 REGULAR DEBUG - "Notification::deletePresubscription Ending."
[2019-07-16 09:03:02] 5d2dbcf58ce01 REGULAR DEBUG - "Notification::sendPixelClick Starting."
[2019-07-16 09:03:02] 5d2dbcf58ce01 REGULAR DEBUG - "Google::__construct Request to Google: Pixel: EAIaIQobChMIq8i4l7C54wIVDtZkCh3uDQuqEAEYASAAEgLUKPD_BwE@5ca789bda1686d2786acfbe2@5cc04a056f00a41f8cc803f3 | Pub: "
[2019-07-16 09:03:02] 5d2dbcf58ce01 REGULAR DEBUG - "Hit Google Msisdn: 56986767742 | Pixel : EAIaIQobChMIq8i4l7C54wIVDtZkCh3uDQuqEAEYASAAEgLUKPD_BwE@5ca789bda1686d2786acfbe2@5cc04a056f00a41f8cc803f3 | Response: OK"
[2019-07-16 09:03:02] 5d2dbcf58ce01 REGULAR DEBUG - "Notification::sendPixelClick Ending."
[2019-07-16 09:03:02] 5d2dbcf58ce01 REGULAR DEBUG - "Notification::savePixel Starting."
[2019-07-16 09:03:02] 5d2dbcf58ce01 REGULAR DEBUG - "Pixel Log saved for Msisdn:56986767742 | MedioId: 422 | PaqueteId: 805"
[2019-07-16 09:03:02] 5d2dbcf58ce01 REGULAR DEBUG - "Notification::savePixel Ending."
[2019-07-16 09:03:02] 5d2dbcf58ce01 REGULAR DEBUG - "Notification::deletePresubscription Starting."
[2019-07-16 09:03:02] 5d2dbcf58ce01 REGULAR DEBUG - "Notification::deletePresubscription Ending."
[2019-07-16 09:10:03] 5d2dbe99e0596 REGULAR DEBUG - "Notification::sendPixelClick Starting."
[2019-07-16 09:10:03] 5d2dbe99e0596 REGULAR DEBUG - "Notification::deletePresubscription Starting."
[2019-07-16 09:10:03] 5d2dbe99e0596 REGULAR DEBUG - "Notification::deletePresubscription Ending."
[2019-07-16 09:12:03] 5d2dbf120ff11 REGULAR DEBUG - "Notification::sendPixelClick Starting."
[2019-07-16 09:12:03] 5d2dbf120ff11 REGULAR DEBUG - "Google::__construct Request to Google: Pixel: CjwKCAjw67XpBRBqEiwA5RCocRxyh54WgU1GMcKYYWuhNsUVWUmSuHkkoJutIedwJKA2eVupmmLbYBoCDi0QAvD_BwE@5ca789bda1686d2786acfbe2@5ce448120d49cc0845931251 | Pub: "
[2019-07-16 09:12:03] 5d2dbf120ff11 REGULAR DEBUG - "Hit Google Msisdn: 56978574026 | Pixel : CjwKCAjw67XpBRBqEiwA5RCocRxyh54WgU1GMcKYYWuhNsUVWUmSuHkkoJutIedwJKA2eVupmmLbYBoCDi0QAvD_BwE@5ca789bda1686d2786acfbe2@5ce448120d49cc0845931251 | Response: OK"
[2019-07-16 09:12:03] 5d2dbf120ff11 REGULAR DEBUG - "Notification::sendPixelClick Ending."
[2019-07-16 09:12:03] 5d2dbf120ff11 REGULAR DEBUG - "Notification::savePixel Starting."
[2019-07-16 09:12:03] 5d2dbf120ff11 REGULAR DEBUG - "Pixel Log saved for Msisdn:56978574026 | MedioId: 422 | PaqueteId: 812"
[2019-07-16 09:12:03] 5d2dbf120ff11 REGULAR DEBUG - "Notification::savePixel Ending."
[2019-07-16 09:12:03] 5d2dbf120ff11 REGULAR DEBUG - "Notification::deletePresubscription Starting."
[2019-07-16 09:12:03] 5d2dbf120ff11 REGULAR DEBUG - "Notification::deletePresubscription Ending."
[2019-07-16 09:27:02] 5d2dc295dd5cf REGULAR DEBUG - "Notification::sendPixelClick Starting."
[2019-07-16 09:27:02] 5d2dc295dd5cf REGULAR DEBUG - "Google::__construct Request to Google: Pixel: EAIaIQobChMIvrbstLW54wIVyAatBh2_awzBEAEYASAAEgIHZfD_BwE@5ca789bda1686d2786acfbe2@5cc04a056f00a41f8cc803f3 | Pub: "
[2019-07-16 09:27:03] 5d2dc295dd5cf REGULAR DEBUG - "Hit Google Msisdn: 56954944306 | Pixel : EAIaIQobChMIvrbstLW54wIVyAatBh2_awzBEAEYASAAEgIHZfD_BwE@5ca789bda1686d2786acfbe2@5cc04a056f00a41f8cc803f3 | Response: OK"
[2019-07-16 09:27:03] 5d2dc295dd5cf REGULAR DEBUG - "Notification::sendPixelClick Ending."
[2019-07-16 09:27:03] 5d2dc295dd5cf REGULAR DEBUG - "Notification::savePixel Starting."
[2019-07-16 09:27:03] 5d2dc295dd5cf REGULAR DEBUG - "Pixel Log saved for Msisdn:56954944306 | MedioId: 422 | PaqueteId: 805"
[2019-07-16 09:27:03] 5d2dc295dd5cf REGULAR DEBUG - "Notification::savePixel Ending."
[2019-07-16 09:27:03] 5d2dc295dd5cf REGULAR DEBUG - "Notification::deletePresubscription Starting."
[2019-07-16 09:27:03] 5d2dc295dd5cf REGULAR DEBUG - "Notification::deletePresubscription Ending."
[2019-07-16 09:45:02] 5d2dc6cda99e1 REGULAR DEBUG - "Notification::sendPixelClick Starting."
[2019-07-16 09:45:02] 5d2dc6cda99e1 REGULAR DEBUG - "Google::__construct Request to Google: Pixel: EAIaIQobChMIxuWlu7m54wIVDvhkCh3akwprEAEYASAAEgKBhvD_BwE@5ca789bda1686d2786acfbe2@5cc04a056f00a41f8cc803f3 | Pub: "
[2019-07-16 09:45:03] 5d2dc6cda99e1 REGULAR DEBUG - "Hit Google Msisdn: 56987715340 | Pixel : EAIaIQobChMIxuWlu7m54wIVDvhkCh3akwprEAEYASAAEgKBhvD_BwE@5ca789bda1686d2786acfbe2@5cc04a056f00a41f8cc803f3 | Response: OK"
[2019-07-16 09:45:03] 5d2dc6cda99e1 REGULAR DEBUG - "Notification::sendPixelClick Ending."
[2019-07-16 09:45:03] 5d2dc6cda99e1 REGULAR DEBUG - "Notification::savePixel Starting."
[2019-07-16 09:45:03] 5d2dc6cda99e1 REGULAR DEBUG - "Pixel Log saved for Msisdn:56987715340 | MedioId: 422 | PaqueteId: 805"
[2019-07-16 09:45:03] 5d2dc6cda99e1 REGULAR DEBUG - "Notification::savePixel Ending."
[2019-07-16 09:45:03] 5d2dc6cda99e1 REGULAR DEBUG - "Notification::deletePresubscription Starting."
[2019-07-16 09:45:03] 5d2dc6cda99e1 REGULAR DEBUG - "Notification::deletePresubscription Ending."
[2019-07-16 10:00:03] 5d2dca5202518 REGULAR DEBUG - "Notification::sendPixelClick Starting."
[2019-07-16 10:00:03] 5d2dca5202518 REGULAR DEBUG - "Google::__construct Request to Google: Pixel: EAIaIQobChMIlc3p57y54wIVUQznCh1CbQEpEAEYASAAEgKg-_D_BwE@5ca789bda1686d2786acfbe2@5cc04a056f00a41f8cc803f3 | Pub: "
[2019-07-16 10:00:03] 5d2dca5202518 REGULAR DEBUG - "Hit Google Msisdn: 56959671336 | Pixel : EAIaIQobChMIlc3p57y54wIVUQznCh1CbQEpEAEYASAAEgKg-_D_BwE@5ca789bda1686d2786acfbe2@5cc04a056f00a41f8cc803f3 | Response: OK"
[2019-07-16 10:00:03] 5d2dca5202518 REGULAR DEBUG - "Notification::sendPixelClick Ending."
[2019-07-16 10:00:03] 5d2dca5202518 REGULAR DEBUG - "Notification::savePixel Starting."
[2019-07-16 10:00:03] 5d2dca5202518 REGULAR DEBUG - "Pixel Log saved for Msisdn:56959671336 | MedioId: 422 | PaqueteId: 805"
[2019-07-16 10:00:03] 5d2dca5202518 REGULAR DEBUG - "Notification::savePixel Ending."
[2019-07-16 10:00:03] 5d2dca5202518 REGULAR DEBUG - "Notification::deletePresubscription Starting."
[2019-07-16 10:00:03] 5d2dca5202518 REGULAR DEBUG - "Notification::deletePresubscription Ending."
[2019-07-16 10:21:02] 5d2dcf3d73243 REGULAR DEBUG - "Notification::sendPixelClick Starting."
[2019-07-16 10:21:02] 5d2dcf3d73243 REGULAR DEBUG - "Google::__construct Request to Google: Pixel: EAIaIQobChMIscGDhL254wIV5AKtBh2NLQZaEAEYASAAEgK-ivD_BwE@5ca789bda1686d2786acfbe2@5ce448120d49cc0845931251 | Pub: "
[2019-07-16 10:21:03] 5d2dcf3d73243 REGULAR DEBUG - "Hit Google Msisdn: 56950850518 | Pixel : EAIaIQobChMIscGDhL254wIV5AKtBh2NLQZaEAEYASAAEgK-ivD_BwE@5ca789bda1686d2786acfbe2@5ce448120d49cc0845931251 | Response: OK"
[2019-07-16 10:21:03] 5d2dcf3d73243 REGULAR DEBUG - "Notification::sendPixelClick Ending."
[2019-07-16 10:21:03] 5d2dcf3d73243 REGULAR DEBUG - "Notification::savePixel Starting."
[2019-07-16 10:21:03] 5d2dcf3d73243 REGULAR DEBUG - "Pixel Log saved for Msisdn:56950850518 | MedioId: 422 | PaqueteId: 812"
[2019-07-16 10:21:03] 5d2dcf3d73243 REGULAR DEBUG - "Notification::savePixel Ending."
[2019-07-16 10:21:03] 5d2dcf3d73243 REGULAR DEBUG - "Notification::deletePresubscription Starting."
[2019-07-16 10:21:03] 5d2dcf3d73243 REGULAR DEBUG - "Notification::deletePresubscription Ending."
[2019-07-16 10:33:03] 5d2dd20e1eb6a REGULAR DEBUG - "Notification::sendPixelClick Starting."
[2019-07-16 10:33:03] 5d2dd20e1eb6a REGULAR DEBUG - "Google::__construct Request to Google: Pixel: EAIaIQobChMI2qnQkcS54wIV0NTeCh1Ryg_dEAEYASAAEgKH5PD_BwE@5ca789bda1686d2786acfbe2@5cc04a056f00a41f8cc803f3 | Pub: "
[2019-07-16 10:33:03] 5d2dd20e1eb6a REGULAR DEBUG - "Hit Google Msisdn: 56985852535 | Pixel : EAIaIQobChMI2qnQkcS54wIV0NTeCh1Ryg_dEAEYASAAEgKH5PD_BwE@5ca789bda1686d2786acfbe2@5cc04a056f00a41f8cc803f3 | Response: OK"
[2019-07-16 10:33:03] 5d2dd20e1eb6a REGULAR DEBUG - "Notification::sendPixelClick Ending."
[2019-07-16 10:33:03] 5d2dd20e1eb6a REGULAR DEBUG - "Notification::savePixel Starting."
[2019-07-16 10:33:03] 5d2dd20e1eb6a REGULAR DEBUG - "Pixel Log saved for Msisdn:56985852535 | MedioId: 422 | PaqueteId: 805"
[2019-07-16 10:33:03] 5d2dd20e1eb6a REGULAR DEBUG - "Notification::savePixel Ending."
[2019-07-16 10:33:03] 5d2dd20e1eb6a REGULAR DEBUG - "Notification::deletePresubscription Starting."
[2019-07-16 10:33:03] 5d2dd20e1eb6a REGULAR DEBUG - "Notification::deletePresubscription Ending."
[2019-07-16 10:37:02] 5d2dd2fdabf00 REGULAR DEBUG - "Notification::sendPixelClick Starting."
[2019-07-16 10:37:02] 5d2dd2fdabf00 REGULAR DEBUG - "Google::__construct Request to Google: Pixel: EAIaIQobChMI9ZrEkMW54wIVVjgbCh1Q9g20EAEYASAAEgJwdfD_BwE@5ca789bda1686d2786acfbe2@5cc04a056f00a41f8cc803f3 | Pub: "
[2019-07-16 10:37:03] 5d2dd2fdabf00 REGULAR DEBUG - "Hit Google Msisdn: 56979071397 | Pixel : EAIaIQobChMI9ZrEkMW54wIVVjgbCh1Q9g20EAEYASAAEgJwdfD_BwE@5ca789bda1686d2786acfbe2@5cc04a056f00a41f8cc803f3 | Response: OK"
[2019-07-16 10:37:03] 5d2dd2fdabf00 REGULAR DEBUG - "Notification::sendPixelClick Ending."
[2019-07-16 10:37:03] 5d2dd2fdabf00 REGULAR DEBUG - "Notification::savePixel Starting."
[2019-07-16 10:37:03] 5d2dd2fdabf00 REGULAR DEBUG - "Pixel Log saved for Msisdn:56979071397 | MedioId: 422 | PaqueteId: 805"
[2019-07-16 10:37:03] 5d2dd2fdabf00 REGULAR DEBUG - "Notification::savePixel Ending."
[2019-07-16 10:37:03] 5d2dd2fdabf00 REGULAR DEBUG - "Notification::deletePresubscription Starting."
[2019-07-16 10:37:03] 5d2dd2fdabf00 REGULAR DEBUG - "Notification::deletePresubscription Ending."
