[2019-07-16 00:30:06] 5d2d44ba2ad19 REGULAR DEBUG - "Notification::sendPixelClick Starting."
[2019-07-16 00:30:06] 5d2d44ba2ad19 REGULAR DEBUG - "Google::__construct Request to Google: Pixel: EAIaIQobChMI2L-IyLu44wIVxGx-Ch1c1QEJEAEYASAAEgL6pvD_BwE@5ca789bda1686d2786acfbe2@5ceb3906695fb00933cbed32 | Pub: "
[2019-07-16 00:30:06] 5d2d44ba2ad19 REGULAR DEBUG - "Hit Google Msisdn: 56936588391 | Pixel : EAIaIQobChMI2L-IyLu44wIVxGx-Ch1c1QEJEAEYASAAEgL6pvD_BwE@5ca789bda1686d2786acfbe2@5ceb3906695fb00933cbed32 | Response: OK"
[2019-07-16 00:30:06] 5d2d44ba2ad19 REGULAR DEBUG - "Notification::sendPixelClick Ending."
[2019-07-16 00:30:06] 5d2d44ba2ad19 REGULAR DEBUG - "Notification::savePixel Starting."
[2019-07-16 00:30:06] 5d2d44ba2ad19 REGULAR DEBUG - "Pixel Log saved for Msisdn:56936588391 | MedioId: 563 | PaqueteId: 787"
[2019-07-16 00:30:06] 5d2d44ba2ad19 REGULAR DEBUG - "Notification::savePixel Ending."
[2019-07-16 00:30:06] 5d2d44ba2ad19 REGULAR DEBUG - "Notification::deletePresubscription Starting."
[2019-07-16 00:30:06] 5d2d44ba2ad19 REGULAR DEBUG - "Notification::deletePresubscription Ending."
[2019-07-16 00:30:06] 5d2d44ba2ad19 REGULAR DEBUG - "Notification::sendPixelClick Starting."
[2019-07-16 00:30:06] 5d2d44ba2ad19 REGULAR DEBUG - "Google::__construct Request to Google: Pixel: EAIaIQobChMIy_Lrhr244wIVwgOtBh2JKg3IEAEYASAAEgIosfD_BwE@5ca789bda1686d2786acfbe2@5ce82da8a6a72201919b929d | Pub: "
[2019-07-16 00:30:06] 5d2d44ba2ad19 REGULAR DEBUG - "Hit Google Msisdn: 56935379620 | Pixel : EAIaIQobChMIy_Lrhr244wIVwgOtBh2JKg3IEAEYASAAEgIosfD_BwE@5ca789bda1686d2786acfbe2@5ce82da8a6a72201919b929d | Response: OK"
[2019-07-16 00:30:06] 5d2d44ba2ad19 REGULAR DEBUG - "Notification::sendPixelClick Ending."
[2019-07-16 00:30:06] 5d2d44ba2ad19 REGULAR DEBUG - "Notification::savePixel Starting."
[2019-07-16 00:30:06] 5d2d44ba2ad19 REGULAR DEBUG - "Pixel Log saved for Msisdn:56935379620 | MedioId: 600 | PaqueteId: 807"
[2019-07-16 00:30:06] 5d2d44ba2ad19 REGULAR DEBUG - "Notification::savePixel Ending."
[2019-07-16 00:30:06] 5d2d44ba2ad19 REGULAR DEBUG - "Notification::deletePresubscription Starting."
[2019-07-16 00:30:06] 5d2d44ba2ad19 REGULAR DEBUG - "Notification::deletePresubscription Ending."
[2019-07-16 00:30:06] 5d2d44ba2ad19 REGULAR DEBUG - "Notification::sendPixelClick Starting."
[2019-07-16 00:30:06] 5d2d44ba2ad19 REGULAR DEBUG - "Google::__construct Request to Google: Pixel: EAIaIQobChMIm_GDhb244wIV4CqtBh22XAFwEAEYASAAEgJ1TfD_BwE@5ca789bda1686d2786acfbe2@5ceb3906695fb00933cbed32 | Pub: "
[2019-07-16 00:30:07] 5d2d44ba2ad19 REGULAR DEBUG - "Hit Google Msisdn: 56974585505 | Pixel : EAIaIQobChMIm_GDhb244wIV4CqtBh22XAFwEAEYASAAEgJ1TfD_BwE@5ca789bda1686d2786acfbe2@5ceb3906695fb00933cbed32 | Response: OK"
[2019-07-16 00:30:07] 5d2d44ba2ad19 REGULAR DEBUG - "Notification::sendPixelClick Ending."
[2019-07-16 00:30:07] 5d2d44ba2ad19 REGULAR DEBUG - "Notification::savePixel Starting."
[2019-07-16 00:30:07] 5d2d44ba2ad19 REGULAR DEBUG - "Pixel Log saved for Msisdn:56974585505 | MedioId: 563 | PaqueteId: 787"
[2019-07-16 00:30:07] 5d2d44ba2ad19 REGULAR DEBUG - "Notification::savePixel Ending."
[2019-07-16 00:30:07] 5d2d44ba2ad19 REGULAR DEBUG - "Notification::deletePresubscription Starting."
[2019-07-16 00:30:07] 5d2d44ba2ad19 REGULAR DEBUG - "Notification::deletePresubscription Ending."
[2019-07-16 00:30:07] 5d2d44ba2ad19 REGULAR DEBUG - "Notification::sendPixelClick Starting."
[2019-07-16 00:30:07] 5d2d44ba2ad19 REGULAR DEBUG - "Google::__construct Request to Google: Pixel: EAIaIQobChMI_LLWkL244wIV2QytBh3k4wHHEAEYASAAEgIVD_D_BwE@5ca789bda1686d2786acfbe2@5cae2c824056e470ce628d35 | Pub: "
[2019-07-16 00:30:07] 5d2d44ba2ad19 REGULAR DEBUG - "Hit Google Msisdn: 56945753795 | Pixel : EAIaIQobChMI_LLWkL244wIV2QytBh3k4wHHEAEYASAAEgIVD_D_BwE@5ca789bda1686d2786acfbe2@5cae2c824056e470ce628d35 | Response: OK"
[2019-07-16 00:30:07] 5d2d44ba2ad19 REGULAR DEBUG - "Notification::sendPixelClick Ending."
[2019-07-16 00:30:07] 5d2d44ba2ad19 REGULAR DEBUG - "Notification::savePixel Starting."
[2019-07-16 00:30:07] 5d2d44ba2ad19 REGULAR DEBUG - "Pixel Log saved for Msisdn:56945753795 | MedioId: 589 | PaqueteId: 720"
[2019-07-16 00:30:07] 5d2d44ba2ad19 REGULAR DEBUG - "Notification::savePixel Ending."
[2019-07-16 00:30:07] 5d2d44ba2ad19 REGULAR DEBUG - "Notification::deletePresubscription Starting."
[2019-07-16 00:30:07] 5d2d44ba2ad19 REGULAR DEBUG - "Notification::deletePresubscription Ending."
[2019-07-16 00:30:07] 5d2d44ba2ad19 REGULAR DEBUG - "Notification::sendPixelClick Starting."
[2019-07-16 00:30:07] 5d2d44ba2ad19 REGULAR DEBUG - "Google::__construct Request to Google: Pixel: EAIaIQobChMIho33v7244wIV0AutBh3V7w89EAEYASAAEgJFSvD_BwE@5ca789bda1686d2786acfbe2@5ceb3906695fb00933cbed32 | Pub: "
[2019-07-16 00:30:07] 5d2d44ba2ad19 REGULAR DEBUG - "Hit Google Msisdn: 56936197202 | Pixel : EAIaIQobChMIho33v7244wIV0AutBh3V7w89EAEYASAAEgJFSvD_BwE@5ca789bda1686d2786acfbe2@5ceb3906695fb00933cbed32 | Response: OK"
[2019-07-16 00:30:07] 5d2d44ba2ad19 REGULAR DEBUG - "Notification::sendPixelClick Ending."
[2019-07-16 00:30:07] 5d2d44ba2ad19 REGULAR DEBUG - "Notification::savePixel Starting."
[2019-07-16 00:30:07] 5d2d44ba2ad19 REGULAR DEBUG - "Pixel Log saved for Msisdn:56936197202 | MedioId: 563 | PaqueteId: 787"
[2019-07-16 00:30:07] 5d2d44ba2ad19 REGULAR DEBUG - "Notification::savePixel Ending."
[2019-07-16 00:30:07] 5d2d44ba2ad19 REGULAR DEBUG - "Notification::deletePresubscription Starting."
[2019-07-16 00:30:07] 5d2d44ba2ad19 REGULAR DEBUG - "Notification::deletePresubscription Ending."
[2019-07-16 00:45:05] 5d2d483d922c7 REGULAR DEBUG - "Notification::sendPixelClick Starting."
[2019-07-16 00:45:05] 5d2d483d922c7 REGULAR DEBUG - "Google::__construct Request to Google: Pixel: EAIaIQobChMI2d3KhL-44wIVBtxbCh0fzgapEAEYASAAEgKiq_D_BwE@5ca789bda1686d2786acfbe2@5ce82da8a6a72201919b929d | Pub: "
[2019-07-16 00:45:05] 5d2d483d922c7 REGULAR DEBUG - "Hit Google Msisdn: 56930711256 | Pixel : EAIaIQobChMI2d3KhL-44wIVBtxbCh0fzgapEAEYASAAEgKiq_D_BwE@5ca789bda1686d2786acfbe2@5ce82da8a6a72201919b929d | Response: OK"
[2019-07-16 00:45:05] 5d2d483d922c7 REGULAR DEBUG - "Notification::sendPixelClick Ending."
[2019-07-16 00:45:05] 5d2d483d922c7 REGULAR DEBUG - "Notification::savePixel Starting."
[2019-07-16 00:45:05] 5d2d483d922c7 REGULAR DEBUG - "Pixel Log saved for Msisdn:56930711256 | MedioId: 600 | PaqueteId: 807"
[2019-07-16 00:45:05] 5d2d483d922c7 REGULAR DEBUG - "Notification::savePixel Ending."
[2019-07-16 00:45:05] 5d2d483d922c7 REGULAR DEBUG - "Notification::deletePresubscription Starting."
[2019-07-16 00:45:05] 5d2d483d922c7 REGULAR DEBUG - "Notification::deletePresubscription Ending."
[2019-07-16 00:45:05] 5d2d483d922c7 REGULAR DEBUG - "Notification::sendPixelClick Starting."
[2019-07-16 00:45:05] 5d2d483d922c7 REGULAR DEBUG - "Google::__construct Request to Google: Pixel: EAIaIQobChMI86DFrb-44wIVg-FbCh25ngc6EAEYASAAEgIzefD_BwE@5ca789bda1686d2786acfbe2@5ceb3906695fb00933cbed32 | Pub: "
[2019-07-16 00:45:05] 5d2d483d922c7 REGULAR DEBUG - "Hit Google Msisdn: 56933682588 | Pixel : EAIaIQobChMI86DFrb-44wIVg-FbCh25ngc6EAEYASAAEgIzefD_BwE@5ca789bda1686d2786acfbe2@5ceb3906695fb00933cbed32 | Response: OK"
[2019-07-16 00:45:05] 5d2d483d922c7 REGULAR DEBUG - "Notification::sendPixelClick Ending."
[2019-07-16 00:45:05] 5d2d483d922c7 REGULAR DEBUG - "Notification::savePixel Starting."
[2019-07-16 00:45:05] 5d2d483d922c7 REGULAR DEBUG - "Pixel Log saved for Msisdn:56933682588 | MedioId: 563 | PaqueteId: 787"
[2019-07-16 00:45:05] 5d2d483d922c7 REGULAR DEBUG - "Notification::savePixel Ending."
[2019-07-16 00:45:05] 5d2d483d922c7 REGULAR DEBUG - "Notification::deletePresubscription Starting."
[2019-07-16 00:45:05] 5d2d483d922c7 REGULAR DEBUG - "Notification::deletePresubscription Ending."
[2019-07-16 00:45:05] 5d2d483d922c7 REGULAR DEBUG - "Notification::sendPixelClick Starting."
[2019-07-16 00:45:05] 5d2d483d922c7 REGULAR DEBUG - "Google::__construct Request to Google: Pixel: EAIaIQobChMIpP-M2r-44wIViptkCh2tyAU-EAEYASAAEgIzn_D_BwE@5ca789bda1686d2786acfbe2@5ce82da8a6a72201919b929d | Pub: "
[2019-07-16 00:45:06] 5d2d483d922c7 REGULAR DEBUG - "Hit Google Msisdn: 56961197898 | Pixel : EAIaIQobChMIpP-M2r-44wIViptkCh2tyAU-EAEYASAAEgIzn_D_BwE@5ca789bda1686d2786acfbe2@5ce82da8a6a72201919b929d | Response: OK"
[2019-07-16 00:45:06] 5d2d483d922c7 REGULAR DEBUG - "Notification::sendPixelClick Ending."
[2019-07-16 00:45:06] 5d2d483d922c7 REGULAR DEBUG - "Notification::savePixel Starting."
[2019-07-16 00:45:06] 5d2d483d922c7 REGULAR DEBUG - "Pixel Log saved for Msisdn:56961197898 | MedioId: 600 | PaqueteId: 807"
[2019-07-16 00:45:06] 5d2d483d922c7 REGULAR DEBUG - "Notification::savePixel Ending."
[2019-07-16 00:45:06] 5d2d483d922c7 REGULAR DEBUG - "Notification::deletePresubscription Starting."
[2019-07-16 00:45:06] 5d2d483d922c7 REGULAR DEBUG - "Notification::deletePresubscription Ending."
[2019-07-16 00:45:06] 5d2d483d922c7 REGULAR DEBUG - "Notification::sendPixelClick Starting."
[2019-07-16 00:45:06] 5d2d483d922c7 REGULAR DEBUG - "Google::__construct Request to Google: Pixel: Cj0KCQjwyLDpBRCxARIsAEENsrIgKcguMs2CqTbnzs_camR2Fbl9_-16XD7b2izu83xvY99WxtjKE-AaAjXmEALw_wcB@5ca789bda1686d2786acfbe2@5ceb3906695fb00933cbed32 | Pub: "
[2019-07-16 00:45:06] 5d2d483d922c7 REGULAR DEBUG - "Hit Google Msisdn: 56971712738 | Pixel : Cj0KCQjwyLDpBRCxARIsAEENsrIgKcguMs2CqTbnzs_camR2Fbl9_-16XD7b2izu83xvY99WxtjKE-AaAjXmEALw_wcB@5ca789bda1686d2786acfbe2@5ceb3906695fb00933cbed32 | Response: OK"
[2019-07-16 00:45:06] 5d2d483d922c7 REGULAR DEBUG - "Notification::sendPixelClick Ending."
[2019-07-16 00:45:06] 5d2d483d922c7 REGULAR DEBUG - "Notification::savePixel Starting."
[2019-07-16 00:45:06] 5d2d483d922c7 REGULAR DEBUG - "Pixel Log saved for Msisdn:56971712738 | MedioId: 563 | PaqueteId: 787"
[2019-07-16 00:45:06] 5d2d483d922c7 REGULAR DEBUG - "Notification::savePixel Ending."
[2019-07-16 00:45:06] 5d2d483d922c7 REGULAR DEBUG - "Notification::deletePresubscription Starting."
[2019-07-16 00:45:06] 5d2d483d922c7 REGULAR DEBUG - "Notification::deletePresubscription Ending."
[2019-07-16 01:00:06] 5d2d4bc212e50 REGULAR DEBUG - "Notification::sendPixelClick Starting."
[2019-07-16 01:00:06] 5d2d4bc212e50 REGULAR DEBUG - "Google::__construct Request to Google: Pixel: Cj0KCQjwpPHoBRC3ARIsALfx-_JBpm1yDTEdN_tb8FAxGYXSmg0qD64Z9Skd0SVfjsoLlGpJ54dCPGcaAh5aEALw_wcB@5ca789bda1686d2786acfbe2@5cd70f2fb300f602ffd7eabb | Pub: "
[2019-07-16 01:00:06] 5d2d4bc212e50 REGULAR DEBUG - "Hit Google Msisdn: 56945439736 | Pixel : Cj0KCQjwpPHoBRC3ARIsALfx-_JBpm1yDTEdN_tb8FAxGYXSmg0qD64Z9Skd0SVfjsoLlGpJ54dCPGcaAh5aEALw_wcB@5ca789bda1686d2786acfbe2@5cd70f2fb300f602ffd7eabb | Response: OK"
[2019-07-16 01:00:06] 5d2d4bc212e50 REGULAR DEBUG - "Notification::sendPixelClick Ending."
[2019-07-16 01:00:06] 5d2d4bc212e50 REGULAR DEBUG - "Notification::savePixel Starting."
[2019-07-16 01:00:06] 5d2d4bc212e50 REGULAR DEBUG - "Pixel Log saved for Msisdn:56945439736 | MedioId: 598 | PaqueteId: 811"
[2019-07-16 01:00:06] 5d2d4bc212e50 REGULAR DEBUG - "Notification::savePixel Ending."
[2019-07-16 01:00:06] 5d2d4bc212e50 REGULAR DEBUG - "Notification::deletePresubscription Starting."
[2019-07-16 01:00:06] 5d2d4bc212e50 REGULAR DEBUG - "Notification::deletePresubscription Ending."
[2019-07-16 01:00:06] 5d2d4bc212e50 REGULAR DEBUG - "Notification::sendPixelClick Starting."
[2019-07-16 01:00:06] 5d2d4bc212e50 REGULAR DEBUG - "Google::__construct Request to Google: Pixel: EAIaIQobChMIh6in48C44wIVjcJbCh1maQCQEAEYASAAEgIiMvD_BwE@5ca789bda1686d2786acfbe2@5ceb3906695fb00933cbed32 | Pub: "
[2019-07-16 01:00:06] 5d2d4bc212e50 REGULAR DEBUG - "Hit Google Msisdn: 56945791088 | Pixel : EAIaIQobChMIh6in48C44wIVjcJbCh1maQCQEAEYASAAEgIiMvD_BwE@5ca789bda1686d2786acfbe2@5ceb3906695fb00933cbed32 | Response: OK"
[2019-07-16 01:00:06] 5d2d4bc212e50 REGULAR DEBUG - "Notification::sendPixelClick Ending."
[2019-07-16 01:00:06] 5d2d4bc212e50 REGULAR DEBUG - "Notification::savePixel Starting."
[2019-07-16 01:00:06] 5d2d4bc212e50 REGULAR DEBUG - "Pixel Log saved for Msisdn:56945791088 | MedioId: 563 | PaqueteId: 787"
[2019-07-16 01:00:06] 5d2d4bc212e50 REGULAR DEBUG - "Notification::savePixel Ending."
[2019-07-16 01:00:06] 5d2d4bc212e50 REGULAR DEBUG - "Notification::deletePresubscription Starting."
[2019-07-16 01:00:06] 5d2d4bc212e50 REGULAR DEBUG - "Notification::deletePresubscription Ending."
[2019-07-16 01:00:06] 5d2d4bc212e50 REGULAR DEBUG - "Notification::sendPixelClick Starting."
[2019-07-16 01:00:06] 5d2d4bc212e50 REGULAR DEBUG - "Google::__construct Request to Google: Pixel: EAIaIQobChMIi5XDlcO44wIVKQKtBh0VZQeHEAEYASAAEgIABvD_BwE@5ca789bda1686d2786acfbe2@5ce82da8a6a72201919b929d | Pub: "
[2019-07-16 01:00:06] 5d2d4bc212e50 REGULAR DEBUG - "Hit Google Msisdn: 56947310607 | Pixel : EAIaIQobChMIi5XDlcO44wIVKQKtBh0VZQeHEAEYASAAEgIABvD_BwE@5ca789bda1686d2786acfbe2@5ce82da8a6a72201919b929d | Response: OK"
[2019-07-16 01:00:06] 5d2d4bc212e50 REGULAR DEBUG - "Notification::sendPixelClick Ending."
[2019-07-16 01:00:06] 5d2d4bc212e50 REGULAR DEBUG - "Notification::savePixel Starting."
[2019-07-16 01:00:06] 5d2d4bc212e50 REGULAR DEBUG - "Pixel Log saved for Msisdn:56947310607 | MedioId: 600 | PaqueteId: 807"
[2019-07-16 01:00:06] 5d2d4bc212e50 REGULAR DEBUG - "Notification::savePixel Ending."
[2019-07-16 01:00:06] 5d2d4bc212e50 REGULAR DEBUG - "Notification::deletePresubscription Starting."
[2019-07-16 01:00:06] 5d2d4bc212e50 REGULAR DEBUG - "Notification::deletePresubscription Ending."
[2019-07-16 01:15:04] 5d2d4f4686730 REGULAR DEBUG - "Notification::sendPixelClick Starting."
[2019-07-16 01:15:04] 5d2d4f4686730 REGULAR DEBUG - "Google::__construct Request to Google: Pixel: Cj0KCQjwyLDpBRCxARIsAEENsrK8kYUNvaVkvmCrB9KFhaTLcMX3luaFY1EIxNQD6A5As-Bq56akW8QaAiFgEALw_wcB@5ca789bda1686d2786acfbe2@5ceb3906695fb00933cbed32 | Pub: "
[2019-07-16 01:15:04] 5d2d4f4686730 REGULAR DEBUG - "Hit Google Msisdn: 56965652555 | Pixel : Cj0KCQjwyLDpBRCxARIsAEENsrK8kYUNvaVkvmCrB9KFhaTLcMX3luaFY1EIxNQD6A5As-Bq56akW8QaAiFgEALw_wcB@5ca789bda1686d2786acfbe2@5ceb3906695fb00933cbed32 | Response: OK"
[2019-07-16 01:15:04] 5d2d4f4686730 REGULAR DEBUG - "Notification::sendPixelClick Ending."
[2019-07-16 01:15:04] 5d2d4f4686730 REGULAR DEBUG - "Notification::savePixel Starting."
[2019-07-16 01:15:04] 5d2d4f4686730 REGULAR DEBUG - "Pixel Log saved for Msisdn:56965652555 | MedioId: 563 | PaqueteId: 787"
[2019-07-16 01:15:04] 5d2d4f4686730 REGULAR DEBUG - "Notification::savePixel Ending."
[2019-07-16 01:15:04] 5d2d4f4686730 REGULAR DEBUG - "Notification::deletePresubscription Starting."
[2019-07-16 01:15:04] 5d2d4f4686730 REGULAR DEBUG - "Notification::deletePresubscription Ending."
[2019-07-16 01:30:04] 5d2d52c9c58b8 REGULAR DEBUG - "Notification::sendPixelClick Starting."
[2019-07-16 01:30:04] 5d2d52c9c58b8 REGULAR DEBUG - "Google::__construct Request to Google: Pixel: EAIaIQobChMIkLCd4cm44wIV9CWtBh0WuQUUEAEYASAAEgI_LfD_BwE@5ca789bda1686d2786acfbe2@5ceb3906695fb00933cbed32 | Pub: "
[2019-07-16 01:30:05] 5d2d52c9c58b8 REGULAR DEBUG - "Hit Google Msisdn: 56936253444 | Pixel : EAIaIQobChMIkLCd4cm44wIV9CWtBh0WuQUUEAEYASAAEgI_LfD_BwE@5ca789bda1686d2786acfbe2@5ceb3906695fb00933cbed32 | Response: OK"
[2019-07-16 01:30:05] 5d2d52c9c58b8 REGULAR DEBUG - "Notification::sendPixelClick Ending."
[2019-07-16 01:30:05] 5d2d52c9c58b8 REGULAR DEBUG - "Notification::savePixel Starting."
[2019-07-16 01:30:05] 5d2d52c9c58b8 REGULAR DEBUG - "Pixel Log saved for Msisdn:56936253444 | MedioId: 563 | PaqueteId: 787"
[2019-07-16 01:30:05] 5d2d52c9c58b8 REGULAR DEBUG - "Notification::savePixel Ending."
[2019-07-16 01:30:05] 5d2d52c9c58b8 REGULAR DEBUG - "Notification::deletePresubscription Starting."
[2019-07-16 01:30:05] 5d2d52c9c58b8 REGULAR DEBUG - "Notification::deletePresubscription Ending."
[2019-07-16 01:45:03] 5d2d564da5d57 REGULAR DEBUG - "Notification::sendPixelClick Starting."
[2019-07-16 01:45:03] 5d2d564da5d57 REGULAR DEBUG - "Google::__construct Request to Google: Pixel: EAIaIQobChMIx_iRpcW44wIVZQH5AB30RwODEAEYASAAEgILAvD_BwE@5ca789bda1686d2786acfbe2@5ce82da8a6a72201919b929d | Pub: "
[2019-07-16 01:45:04] 5d2d564da5d57 REGULAR DEBUG - "Hit Google Msisdn: 56949063052 | Pixel : EAIaIQobChMIx_iRpcW44wIVZQH5AB30RwODEAEYASAAEgILAvD_BwE@5ca789bda1686d2786acfbe2@5ce82da8a6a72201919b929d | Response: OK"
[2019-07-16 01:45:04] 5d2d564da5d57 REGULAR DEBUG - "Notification::sendPixelClick Ending."
[2019-07-16 01:45:04] 5d2d564da5d57 REGULAR DEBUG - "Notification::savePixel Starting."
[2019-07-16 01:45:04] 5d2d564da5d57 REGULAR DEBUG - "Pixel Log saved for Msisdn:56949063052 | MedioId: 600 | PaqueteId: 807"
[2019-07-16 01:45:04] 5d2d564da5d57 REGULAR DEBUG - "Notification::savePixel Ending."
[2019-07-16 01:45:04] 5d2d564da5d57 REGULAR DEBUG - "Notification::deletePresubscription Starting."
[2019-07-16 01:45:04] 5d2d564da5d57 REGULAR DEBUG - "Notification::deletePresubscription Ending."
[2019-07-16 02:00:04] 5d2d59d19d84a REGULAR DEBUG - "Notification::sendPixelClick Starting."
[2019-07-16 02:00:04] 5d2d59d19d84a REGULAR DEBUG - "Google::__construct Request to Google: Pixel: Cj0KCQjwyLDpBRCxARIsAEENsrIr9Peqi7qStUP4YanO7piZ6MScHoYxFyYa3yrnAvP2ULULIsAnB6EaAlYPEALw_wcB@5ca789bda1686d2786acfbe2@5ceb3906695fb00933cbed32 | Pub: "
[2019-07-16 02:00:04] 5d2d59d19d84a REGULAR DEBUG - "Hit Google Msisdn: 56936885813 | Pixel : Cj0KCQjwyLDpBRCxARIsAEENsrIr9Peqi7qStUP4YanO7piZ6MScHoYxFyYa3yrnAvP2ULULIsAnB6EaAlYPEALw_wcB@5ca789bda1686d2786acfbe2@5ceb3906695fb00933cbed32 | Response: OK"
[2019-07-16 02:00:04] 5d2d59d19d84a REGULAR DEBUG - "Notification::sendPixelClick Ending."
[2019-07-16 02:00:04] 5d2d59d19d84a REGULAR DEBUG - "Notification::savePixel Starting."
[2019-07-16 02:00:04] 5d2d59d19d84a REGULAR DEBUG - "Pixel Log saved for Msisdn:56936885813 | MedioId: 563 | PaqueteId: 787"
[2019-07-16 02:00:04] 5d2d59d19d84a REGULAR DEBUG - "Notification::savePixel Ending."
[2019-07-16 02:00:04] 5d2d59d19d84a REGULAR DEBUG - "Notification::deletePresubscription Starting."
[2019-07-16 02:00:04] 5d2d59d19d84a REGULAR DEBUG - "Notification::deletePresubscription Ending."
[2019-07-16 02:15:06] 5d2d5d55c89cb REGULAR DEBUG - "Notification::sendPixelClick Starting."
[2019-07-16 02:15:06] 5d2d5d55c89cb REGULAR DEBUG - "Google::__construct Request to Google: Pixel: Cj0KCQjwyLDpBRCxARIsAEENsrL6PSQ8CYZJHSM1j8TStG2a8SFcEL4ZceB0pyFfY3qWZAaNVfSyWwoaAopSEALw_wcB@5ca789bda1686d2786acfbe2@5ceb3906695fb00933cbed32 | Pub: "
[2019-07-16 02:15:06] 5d2d5d55c89cb REGULAR DEBUG - "Hit Google Msisdn: 56941481070 | Pixel : Cj0KCQjwyLDpBRCxARIsAEENsrL6PSQ8CYZJHSM1j8TStG2a8SFcEL4ZceB0pyFfY3qWZAaNVfSyWwoaAopSEALw_wcB@5ca789bda1686d2786acfbe2@5ceb3906695fb00933cbed32 | Response: OK"
[2019-07-16 02:15:06] 5d2d5d55c89cb REGULAR DEBUG - "Notification::sendPixelClick Ending."
[2019-07-16 02:15:06] 5d2d5d55c89cb REGULAR DEBUG - "Notification::savePixel Starting."
[2019-07-16 02:15:06] 5d2d5d55c89cb REGULAR DEBUG - "Pixel Log saved for Msisdn:56941481070 | MedioId: 563 | PaqueteId: 787"
[2019-07-16 02:15:06] 5d2d5d55c89cb REGULAR DEBUG - "Notification::savePixel Ending."
[2019-07-16 02:15:06] 5d2d5d55c89cb REGULAR DEBUG - "Notification::deletePresubscription Starting."
[2019-07-16 02:15:06] 5d2d5d55c89cb REGULAR DEBUG - "Notification::deletePresubscription Ending."
[2019-07-16 02:15:06] 5d2d5d55c89cb REGULAR DEBUG - "Notification::sendPixelClick Starting."
[2019-07-16 02:15:06] 5d2d5d55c89cb REGULAR DEBUG - "Google::__construct Request to Google: Pixel: EAIaIQobChMIwMbT9NK44wIVk7zsCh0ryAztEAEYASAAEgLAa_D_BwE@5ca789bda1686d2786acfbe2@5ce82da8a6a72201919b929d | Pub: "
[2019-07-16 02:15:06] 5d2d5d55c89cb REGULAR DEBUG - "Hit Google Msisdn: 56936398863 | Pixel : EAIaIQobChMIwMbT9NK44wIVk7zsCh0ryAztEAEYASAAEgLAa_D_BwE@5ca789bda1686d2786acfbe2@5ce82da8a6a72201919b929d | Response: OK"
[2019-07-16 02:15:06] 5d2d5d55c89cb REGULAR DEBUG - "Notification::sendPixelClick Ending."
[2019-07-16 02:15:06] 5d2d5d55c89cb REGULAR DEBUG - "Notification::savePixel Starting."
[2019-07-16 02:15:06] 5d2d5d55c89cb REGULAR DEBUG - "Pixel Log saved for Msisdn:56936398863 | MedioId: 600 | PaqueteId: 807"
[2019-07-16 02:15:06] 5d2d5d55c89cb REGULAR DEBUG - "Notification::savePixel Ending."
[2019-07-16 02:15:06] 5d2d5d55c89cb REGULAR DEBUG - "Notification::deletePresubscription Starting."
[2019-07-16 02:15:06] 5d2d5d55c89cb REGULAR DEBUG - "Notification::deletePresubscription Ending."
[2019-07-16 02:15:06] 5d2d5d55c89cb REGULAR DEBUG - "Notification::sendPixelClick Starting."
[2019-07-16 02:15:06] 5d2d5d55c89cb REGULAR DEBUG - "Google::__construct Request to Google: Pixel: Cj0KCQjwyLDpBRCxARIsAEENsrIiln6ly0P211g0X90i2ntScV_H6MRLGZ2eymXuopFSkAsU56ln9p0aAlS3EALw_wcB@5ca789bda1686d2786acfbe2@5ceb3906695fb00933cbed32 | Pub: "
[2019-07-16 02:15:06] 5d2d5d55c89cb REGULAR DEBUG - "Hit Google Msisdn: 56930743170 | Pixel : Cj0KCQjwyLDpBRCxARIsAEENsrIiln6ly0P211g0X90i2ntScV_H6MRLGZ2eymXuopFSkAsU56ln9p0aAlS3EALw_wcB@5ca789bda1686d2786acfbe2@5ceb3906695fb00933cbed32 | Response: OK"
[2019-07-16 02:15:06] 5d2d5d55c89cb REGULAR DEBUG - "Notification::sendPixelClick Ending."
[2019-07-16 02:15:06] 5d2d5d55c89cb REGULAR DEBUG - "Notification::savePixel Starting."
[2019-07-16 02:15:06] 5d2d5d55c89cb REGULAR DEBUG - "Pixel Log saved for Msisdn:56930743170 | MedioId: 563 | PaqueteId: 787"
[2019-07-16 02:15:06] 5d2d5d55c89cb REGULAR DEBUG - "Notification::savePixel Ending."
[2019-07-16 02:15:06] 5d2d5d55c89cb REGULAR DEBUG - "Notification::deletePresubscription Starting."
[2019-07-16 02:15:06] 5d2d5d55c89cb REGULAR DEBUG - "Notification::deletePresubscription Ending."
[2019-07-16 02:15:06] 5d2d5d55c89cb REGULAR DEBUG - "Notification::sendPixelClick Starting."
[2019-07-16 02:15:06] 5d2d5d55c89cb REGULAR DEBUG - "Google::__construct Request to Google: Pixel: EAIaIQobChMIo8jGuNS44wIVxOpkCh1b4Q60EAEYASAAEgLp__D_BwE@5ca789bda1686d2786acfbe2@5cae2c824056e470ce628d35 | Pub: "
[2019-07-16 02:15:07] 5d2d5d55c89cb REGULAR DEBUG - "Hit Google Msisdn: 56949291822 | Pixel : EAIaIQobChMIo8jGuNS44wIVxOpkCh1b4Q60EAEYASAAEgLp__D_BwE@5ca789bda1686d2786acfbe2@5cae2c824056e470ce628d35 | Response: OK"
[2019-07-16 02:15:07] 5d2d5d55c89cb REGULAR DEBUG - "Notification::sendPixelClick Ending."
[2019-07-16 02:15:07] 5d2d5d55c89cb REGULAR DEBUG - "Notification::savePixel Starting."
[2019-07-16 02:15:07] 5d2d5d55c89cb REGULAR DEBUG - "Pixel Log saved for Msisdn:56949291822 | MedioId: 589 | PaqueteId: 720"
[2019-07-16 02:15:07] 5d2d5d55c89cb REGULAR DEBUG - "Notification::savePixel Ending."
[2019-07-16 02:15:07] 5d2d5d55c89cb REGULAR DEBUG - "Notification::deletePresubscription Starting."
[2019-07-16 02:15:07] 5d2d5d55c89cb REGULAR DEBUG - "Notification::deletePresubscription Ending."
[2019-07-16 02:15:07] 5d2d5d55c89cb REGULAR DEBUG - "Notification::sendPixelClick Starting."
[2019-07-16 02:15:07] 5d2d5d55c89cb REGULAR DEBUG - "Google::__construct Request to Google: Pixel: EAIaIQobChMIh5_ntdS44wIVFkAMCh3Swg3-EAEYASAAEgLzwPD_BwE@5ca789bda1686d2786acfbe2@5ce82da8a6a72201919b929d | Pub: "
[2019-07-16 02:15:07] 5d2d5d55c89cb REGULAR DEBUG - "Hit Google Msisdn: 56930100189 | Pixel : EAIaIQobChMIh5_ntdS44wIVFkAMCh3Swg3-EAEYASAAEgLzwPD_BwE@5ca789bda1686d2786acfbe2@5ce82da8a6a72201919b929d | Response: OK"
[2019-07-16 02:15:07] 5d2d5d55c89cb REGULAR DEBUG - "Notification::sendPixelClick Ending."
[2019-07-16 02:15:07] 5d2d5d55c89cb REGULAR DEBUG - "Notification::savePixel Starting."
[2019-07-16 02:15:07] 5d2d5d55c89cb REGULAR DEBUG - "Pixel Log saved for Msisdn:56930100189 | MedioId: 600 | PaqueteId: 807"
[2019-07-16 02:15:07] 5d2d5d55c89cb REGULAR DEBUG - "Notification::savePixel Ending."
[2019-07-16 02:15:07] 5d2d5d55c89cb REGULAR DEBUG - "Notification::deletePresubscription Starting."
[2019-07-16 02:15:07] 5d2d5d55c89cb REGULAR DEBUG - "Notification::deletePresubscription Ending."
[2019-07-16 02:15:07] 5d2d5d55c89cb REGULAR DEBUG - "Notification::sendPixelClick Starting."
[2019-07-16 02:15:07] 5d2d5d55c89cb REGULAR DEBUG - "Google::__construct Request to Google: Pixel: EAIaIQobChMIkL6ertS44wIVk1wMCh2VlgU_EAEYASAAEgKWX_D_BwE@5ca789bda1686d2786acfbe2@5ceb3906695fb00933cbed32 | Pub: "
[2019-07-16 02:15:07] 5d2d5d55c89cb REGULAR DEBUG - "Hit Google Msisdn: 56930154726 | Pixel : EAIaIQobChMIkL6ertS44wIVk1wMCh2VlgU_EAEYASAAEgKWX_D_BwE@5ca789bda1686d2786acfbe2@5ceb3906695fb00933cbed32 | Response: OK"
[2019-07-16 02:15:07] 5d2d5d55c89cb REGULAR DEBUG - "Notification::sendPixelClick Ending."
[2019-07-16 02:15:07] 5d2d5d55c89cb REGULAR DEBUG - "Notification::savePixel Starting."
[2019-07-16 02:15:07] 5d2d5d55c89cb REGULAR DEBUG - "Pixel Log saved for Msisdn:56930154726 | MedioId: 563 | PaqueteId: 787"
[2019-07-16 02:15:07] 5d2d5d55c89cb REGULAR DEBUG - "Notification::savePixel Ending."
[2019-07-16 02:15:07] 5d2d5d55c89cb REGULAR DEBUG - "Notification::deletePresubscription Starting."
[2019-07-16 02:15:07] 5d2d5d55c89cb REGULAR DEBUG - "Notification::deletePresubscription Ending."
[2019-07-16 02:30:04] 5d2d60d9442a6 REGULAR DEBUG - "Notification::sendPixelClick Starting."
[2019-07-16 02:30:04] 5d2d60d9442a6 REGULAR DEBUG - "Google::__construct Request to Google: Pixel: Cj0KCQjwyLDpBRCxARIsAEENsrKI5GkM3HSNDy2gBXUbUTDedQWVj0gP6XyZI3uw0A3Adjmihurm0gUaAi1UEALw_wcB@5ca789bda1686d2786acfbe2@5cae2c824056e470ce628d35 | Pub: "
[2019-07-16 02:30:04] 5d2d60d9442a6 REGULAR DEBUG - "Hit Google Msisdn: 56962639893 | Pixel : Cj0KCQjwyLDpBRCxARIsAEENsrKI5GkM3HSNDy2gBXUbUTDedQWVj0gP6XyZI3uw0A3Adjmihurm0gUaAi1UEALw_wcB@5ca789bda1686d2786acfbe2@5cae2c824056e470ce628d35 | Response: OK"
[2019-07-16 02:30:04] 5d2d60d9442a6 REGULAR DEBUG - "Notification::sendPixelClick Ending."
[2019-07-16 02:30:04] 5d2d60d9442a6 REGULAR DEBUG - "Notification::savePixel Starting."
[2019-07-16 02:30:04] 5d2d60d9442a6 REGULAR DEBUG - "Pixel Log saved for Msisdn:56962639893 | MedioId: 589 | PaqueteId: 720"
[2019-07-16 02:30:04] 5d2d60d9442a6 REGULAR DEBUG - "Notification::savePixel Ending."
[2019-07-16 02:30:04] 5d2d60d9442a6 REGULAR DEBUG - "Notification::deletePresubscription Starting."
[2019-07-16 02:30:04] 5d2d60d9442a6 REGULAR DEBUG - "Notification::deletePresubscription Ending."
[2019-07-16 02:45:04] 5d2d645e35f2a REGULAR DEBUG - "Notification::sendPixelClick Starting."
[2019-07-16 02:45:04] 5d2d645e35f2a REGULAR DEBUG - "Google::__construct Request to Google: Pixel: EAIaIQobChMIwJ6OsNu44wIVmKfICh2WbAgAEAEYASAAEgJmm_D_BwE@5ca789bda1686d2786acfbe2@5ceb3906695fb00933cbed32 | Pub: "
[2019-07-16 02:45:04] 5d2d645e35f2a REGULAR DEBUG - "Hit Google Msisdn: 56936806608 | Pixel : EAIaIQobChMIwJ6OsNu44wIVmKfICh2WbAgAEAEYASAAEgJmm_D_BwE@5ca789bda1686d2786acfbe2@5ceb3906695fb00933cbed32 | Response: OK"
[2019-07-16 02:45:04] 5d2d645e35f2a REGULAR DEBUG - "Notification::sendPixelClick Ending."
[2019-07-16 02:45:04] 5d2d645e35f2a REGULAR DEBUG - "Notification::savePixel Starting."
[2019-07-16 02:45:04] 5d2d645e35f2a REGULAR DEBUG - "Pixel Log saved for Msisdn:56936806608 | MedioId: 563 | PaqueteId: 787"
[2019-07-16 02:45:04] 5d2d645e35f2a REGULAR DEBUG - "Notification::savePixel Ending."
[2019-07-16 02:45:04] 5d2d645e35f2a REGULAR DEBUG - "Notification::deletePresubscription Starting."
[2019-07-16 02:45:04] 5d2d645e35f2a REGULAR DEBUG - "Notification::deletePresubscription Ending."
[2019-07-16 03:15:03] 5d2d6b65a974f REGULAR DEBUG - "Notification::sendPixelClick Starting."
[2019-07-16 03:15:03] 5d2d6b65a974f REGULAR DEBUG - "Google::__construct Request to Google: Pixel: Cj0KCQjwyLDpBRCxARIsAEENsrLh-AK3XC-r5qPoyDoTv5UWWgWkksOrKjqkYQrzgzgxnllBbqOnuZ8aApyoEALw_wcB@5ca789bda1686d2786acfbe2@5cae2c824056e470ce628d35 | Pub: "
[2019-07-16 03:15:04] 5d2d6b65a974f REGULAR DEBUG - "Hit Google Msisdn: 56979272771 | Pixel : Cj0KCQjwyLDpBRCxARIsAEENsrLh-AK3XC-r5qPoyDoTv5UWWgWkksOrKjqkYQrzgzgxnllBbqOnuZ8aApyoEALw_wcB@5ca789bda1686d2786acfbe2@5cae2c824056e470ce628d35 | Response: OK"
[2019-07-16 03:15:04] 5d2d6b65a974f REGULAR DEBUG - "Notification::sendPixelClick Ending."
[2019-07-16 03:15:04] 5d2d6b65a974f REGULAR DEBUG - "Notification::savePixel Starting."
[2019-07-16 03:15:04] 5d2d6b65a974f REGULAR DEBUG - "Pixel Log saved for Msisdn:56979272771 | MedioId: 589 | PaqueteId: 720"
[2019-07-16 03:15:04] 5d2d6b65a974f REGULAR DEBUG - "Notification::savePixel Ending."
[2019-07-16 03:15:04] 5d2d6b65a974f REGULAR DEBUG - "Notification::deletePresubscription Starting."
[2019-07-16 03:15:04] 5d2d6b65a974f REGULAR DEBUG - "Notification::deletePresubscription Ending."
[2019-07-16 03:15:04] 5d2d6b65a974f REGULAR DEBUG - "Notification::sendPixelClick Starting."
[2019-07-16 03:15:04] 5d2d6b65a974f REGULAR DEBUG - "Google::__construct Request to Google: Pixel: EAIaIQobChMIoeaaoeG44wIVGbfICh0uJACyEAEYASAAEgKvaPD_BwE@5ca789bda1686d2786acfbe2@5ceb3906695fb00933cbed32 | Pub: "
[2019-07-16 03:15:04] 5d2d6b65a974f REGULAR DEBUG - "Hit Google Msisdn: 56953524587 | Pixel : EAIaIQobChMIoeaaoeG44wIVGbfICh0uJACyEAEYASAAEgKvaPD_BwE@5ca789bda1686d2786acfbe2@5ceb3906695fb00933cbed32 | Response: OK"
[2019-07-16 03:15:04] 5d2d6b65a974f REGULAR DEBUG - "Notification::sendPixelClick Ending."
[2019-07-16 03:15:04] 5d2d6b65a974f REGULAR DEBUG - "Notification::savePixel Starting."
[2019-07-16 03:15:04] 5d2d6b65a974f REGULAR DEBUG - "Pixel Log saved for Msisdn:56953524587 | MedioId: 563 | PaqueteId: 787"
[2019-07-16 03:15:04] 5d2d6b65a974f REGULAR DEBUG - "Notification::savePixel Ending."
[2019-07-16 03:15:04] 5d2d6b65a974f REGULAR DEBUG - "Notification::deletePresubscription Starting."
[2019-07-16 03:15:04] 5d2d6b65a974f REGULAR DEBUG - "Notification::deletePresubscription Ending."
[2019-07-16 03:30:03] 5d2d6ee998adf REGULAR DEBUG - "Notification::sendPixelClick Starting."
[2019-07-16 03:30:03] 5d2d6ee998adf REGULAR DEBUG - "Google::__construct Request to Google: Pixel: Cj0KCQjwyLDpBRCxARIsAEENsrJknfQomwpEc95s2UeTISWyEXoE5dKRuCZXwLHXyl0DtvVfKgDMf0EaAmgPEALw_wcB@5ca789bda1686d2786acfbe2@5ceb3906695fb00933cbed32 | Pub: "
[2019-07-16 03:30:03] 5d2d6ee998adf REGULAR DEBUG - "Hit Google Msisdn: 56955230491 | Pixel : Cj0KCQjwyLDpBRCxARIsAEENsrJknfQomwpEc95s2UeTISWyEXoE5dKRuCZXwLHXyl0DtvVfKgDMf0EaAmgPEALw_wcB@5ca789bda1686d2786acfbe2@5ceb3906695fb00933cbed32 | Response: OK"
[2019-07-16 03:30:03] 5d2d6ee998adf REGULAR DEBUG - "Notification::sendPixelClick Ending."
[2019-07-16 03:30:03] 5d2d6ee998adf REGULAR DEBUG - "Notification::savePixel Starting."
[2019-07-16 03:30:03] 5d2d6ee998adf REGULAR DEBUG - "Pixel Log saved for Msisdn:56955230491 | MedioId: 563 | PaqueteId: 787"
[2019-07-16 03:30:03] 5d2d6ee998adf REGULAR DEBUG - "Notification::savePixel Ending."
[2019-07-16 03:30:03] 5d2d6ee998adf REGULAR DEBUG - "Notification::deletePresubscription Starting."
[2019-07-16 03:30:03] 5d2d6ee998adf REGULAR DEBUG - "Notification::deletePresubscription Ending."
[2019-07-16 03:45:04] 5d2d726e0194b REGULAR DEBUG - "Notification::sendPixelClick Starting."
[2019-07-16 03:45:04] 5d2d726e0194b REGULAR DEBUG - "Google::__construct Request to Google: Pixel: Cj0KCQjwyLDpBRCxARIsAEENsrJXCJPJiA2_cYHyU1ftFwOxG0ZTNT0JRboI8MnQ6QcZ605xCffj9VkaAu4bEALw_wcB@5ca789bda1686d2786acfbe2@5ceb3906695fb00933cbed32 | Pub: "
[2019-07-16 03:45:04] 5d2d726e0194b REGULAR DEBUG - "Hit Google Msisdn: 56936866160 | Pixel : Cj0KCQjwyLDpBRCxARIsAEENsrJXCJPJiA2_cYHyU1ftFwOxG0ZTNT0JRboI8MnQ6QcZ605xCffj9VkaAu4bEALw_wcB@5ca789bda1686d2786acfbe2@5ceb3906695fb00933cbed32 | Response: OK"
[2019-07-16 03:45:04] 5d2d726e0194b REGULAR DEBUG - "Notification::sendPixelClick Ending."
[2019-07-16 03:45:04] 5d2d726e0194b REGULAR DEBUG - "Notification::savePixel Starting."
[2019-07-16 03:45:04] 5d2d726e0194b REGULAR DEBUG - "Pixel Log saved for Msisdn:56936866160 | MedioId: 563 | PaqueteId: 787"
[2019-07-16 03:45:04] 5d2d726e0194b REGULAR DEBUG - "Notification::savePixel Ending."
[2019-07-16 03:45:04] 5d2d726e0194b REGULAR DEBUG - "Notification::deletePresubscription Starting."
[2019-07-16 03:45:04] 5d2d726e0194b REGULAR DEBUG - "Notification::deletePresubscription Ending."
[2019-07-16 05:15:03] 5d2d8785ba3f1 REGULAR DEBUG - "Notification::sendPixelClick Starting."
[2019-07-16 05:15:03] 5d2d8785ba3f1 REGULAR DEBUG - "Google::__construct Request to Google: Pixel: CjwKCAjw67XpBRBqEiwA5RCoccUrA0a3EdX-1zjLuFPIK3JKTeiHDBmB86BPAWIPi1YpAIIlKhgnGhoCqqIQAvD_BwE@5ca789bda1686d2786acfbe2@5cae2c824056e470ce628d35 | Pub: "
[2019-07-16 05:15:04] 5d2d8785ba3f1 REGULAR DEBUG - "Hit Google Msisdn: 56949957949 | Pixel : CjwKCAjw67XpBRBqEiwA5RCoccUrA0a3EdX-1zjLuFPIK3JKTeiHDBmB86BPAWIPi1YpAIIlKhgnGhoCqqIQAvD_BwE@5ca789bda1686d2786acfbe2@5cae2c824056e470ce628d35 | Response: OK"
[2019-07-16 05:15:04] 5d2d8785ba3f1 REGULAR DEBUG - "Notification::sendPixelClick Ending."
[2019-07-16 05:15:04] 5d2d8785ba3f1 REGULAR DEBUG - "Notification::savePixel Starting."
[2019-07-16 05:15:04] 5d2d8785ba3f1 REGULAR DEBUG - "Pixel Log saved for Msisdn:56949957949 | MedioId: 589 | PaqueteId: 720"
[2019-07-16 05:15:04] 5d2d8785ba3f1 REGULAR DEBUG - "Notification::savePixel Ending."
[2019-07-16 05:15:04] 5d2d8785ba3f1 REGULAR DEBUG - "Notification::deletePresubscription Starting."
[2019-07-16 05:15:04] 5d2d8785ba3f1 REGULAR DEBUG - "Notification::deletePresubscription Ending."
[2019-07-16 05:15:04] 5d2d8785ba3f1 REGULAR DEBUG - "Notification::sendPixelClick Starting."
[2019-07-16 05:15:04] 5d2d8785ba3f1 REGULAR DEBUG - "Google::__construct Request to Google: Pixel: EAIaIQobChMIy7CEnvy44wIVBkgMCh2_DQ7zEAEYASAAEgKRLPD_BwE@5ca789bda1686d2786acfbe2@5cae2c824056e470ce628d35 | Pub: "
[2019-07-16 05:15:04] 5d2d8785ba3f1 REGULAR DEBUG - "Hit Google Msisdn: 56931154296 | Pixel : EAIaIQobChMIy7CEnvy44wIVBkgMCh2_DQ7zEAEYASAAEgKRLPD_BwE@5ca789bda1686d2786acfbe2@5cae2c824056e470ce628d35 | Response: OK"
[2019-07-16 05:15:04] 5d2d8785ba3f1 REGULAR DEBUG - "Notification::sendPixelClick Ending."
[2019-07-16 05:15:04] 5d2d8785ba3f1 REGULAR DEBUG - "Notification::savePixel Starting."
[2019-07-16 05:15:04] 5d2d8785ba3f1 REGULAR DEBUG - "Pixel Log saved for Msisdn:56931154296 | MedioId: 589 | PaqueteId: 720"
[2019-07-16 05:15:04] 5d2d8785ba3f1 REGULAR DEBUG - "Notification::savePixel Ending."
[2019-07-16 05:15:04] 5d2d8785ba3f1 REGULAR DEBUG - "Notification::deletePresubscription Starting."
[2019-07-16 05:15:04] 5d2d8785ba3f1 REGULAR DEBUG - "Notification::deletePresubscription Ending."
[2019-07-16 05:15:04] 5d2d8785ba3f1 REGULAR DEBUG - "Notification::sendPixelClick Starting."
[2019-07-16 05:15:04] 5d2d8785ba3f1 REGULAR DEBUG - "Google::__construct Request to Google: Pixel: CjwKCAjw67XpBRBqEiwA5RCocQ2fZ1qXRJpJ78ixmWMy2-434ngQKutSyZTfjhmoUoFHG3DhgDamGRoCrvgQAvD_BwE@5ca789bda1686d2786acfbe2@5cae2c824056e470ce628d35 | Pub: "
[2019-07-16 05:15:04] 5d2d8785ba3f1 REGULAR DEBUG - "Hit Google Msisdn: 56930323911 | Pixel : CjwKCAjw67XpBRBqEiwA5RCocQ2fZ1qXRJpJ78ixmWMy2-434ngQKutSyZTfjhmoUoFHG3DhgDamGRoCrvgQAvD_BwE@5ca789bda1686d2786acfbe2@5cae2c824056e470ce628d35 | Response: OK"
[2019-07-16 05:15:04] 5d2d8785ba3f1 REGULAR DEBUG - "Notification::sendPixelClick Ending."
[2019-07-16 05:15:04] 5d2d8785ba3f1 REGULAR DEBUG - "Notification::savePixel Starting."
[2019-07-16 05:15:04] 5d2d8785ba3f1 REGULAR DEBUG - "Pixel Log saved for Msisdn:56930323911 | MedioId: 589 | PaqueteId: 720"
[2019-07-16 05:15:04] 5d2d8785ba3f1 REGULAR DEBUG - "Notification::savePixel Ending."
[2019-07-16 05:15:04] 5d2d8785ba3f1 REGULAR DEBUG - "Notification::deletePresubscription Starting."
[2019-07-16 05:15:04] 5d2d8785ba3f1 REGULAR DEBUG - "Notification::deletePresubscription Ending."
[2019-07-16 05:45:03] 5d2d8e8d8af04 REGULAR DEBUG - "Notification::sendPixelClick Starting."
[2019-07-16 05:45:03] 5d2d8e8d8af04 REGULAR DEBUG - "Google::__construct Request to Google: Pixel: EAIaIQobChMIv46ruIK54wIVAanICh1nrwwAEAEYASAAEgL89vD_BwE@5ca789bda1686d2786acfbe2@5ceb3906695fb00933cbed32 | Pub: "
[2019-07-16 05:45:04] 5d2d8e8d8af04 REGULAR DEBUG - "Hit Google Msisdn: 56949724453 | Pixel : EAIaIQobChMIv46ruIK54wIVAanICh1nrwwAEAEYASAAEgL89vD_BwE@5ca789bda1686d2786acfbe2@5ceb3906695fb00933cbed32 | Response: OK"
[2019-07-16 05:45:04] 5d2d8e8d8af04 REGULAR DEBUG - "Notification::sendPixelClick Ending."
[2019-07-16 05:45:04] 5d2d8e8d8af04 REGULAR DEBUG - "Notification::savePixel Starting."
[2019-07-16 05:45:04] 5d2d8e8d8af04 REGULAR DEBUG - "Pixel Log saved for Msisdn:56949724453 | MedioId: 563 | PaqueteId: 787"
[2019-07-16 05:45:04] 5d2d8e8d8af04 REGULAR DEBUG - "Notification::savePixel Ending."
[2019-07-16 05:45:04] 5d2d8e8d8af04 REGULAR DEBUG - "Notification::deletePresubscription Starting."
[2019-07-16 05:45:04] 5d2d8e8d8af04 REGULAR DEBUG - "Notification::deletePresubscription Ending."
[2019-07-16 06:37:02] 5d2d9abdd83a8 REGULAR DEBUG - "Notification::sendPixelClick Starting."
[2019-07-16 06:37:02] 5d2d9abdd83a8 REGULAR DEBUG - "Google::__construct Request to Google: Pixel: EAIaIQobChMI87WeuI-54wIVGp3ICh1UvQ_CEAEYASAAEgKhWvD_BwE@5ca789bda1686d2786acfbe2@5ceb3906695fb00933cbed32 | Pub: "
[2019-07-16 06:37:03] 5d2d9abdd83a8 REGULAR DEBUG - "Hit Google Msisdn: 56974151876 | Pixel : EAIaIQobChMI87WeuI-54wIVGp3ICh1UvQ_CEAEYASAAEgKhWvD_BwE@5ca789bda1686d2786acfbe2@5ceb3906695fb00933cbed32 | Response: OK"
[2019-07-16 06:37:03] 5d2d9abdd83a8 REGULAR DEBUG - "Notification::sendPixelClick Ending."
[2019-07-16 06:37:03] 5d2d9abdd83a8 REGULAR DEBUG - "Notification::savePixel Starting."
[2019-07-16 06:37:03] 5d2d9abdd83a8 REGULAR DEBUG - "Pixel Log saved for Msisdn:56974151876 | MedioId: 563 | PaqueteId: 787"
[2019-07-16 06:37:03] 5d2d9abdd83a8 REGULAR DEBUG - "Notification::savePixel Ending."
[2019-07-16 06:37:03] 5d2d9abdd83a8 REGULAR DEBUG - "Notification::deletePresubscription Starting."
[2019-07-16 06:37:03] 5d2d9abdd83a8 REGULAR DEBUG - "Notification::deletePresubscription Ending."
[2019-07-16 07:41:02] 5d2da9bdd9942 REGULAR DEBUG - "Notification::sendPixelClick Starting."
[2019-07-16 07:41:02] 5d2da9bdd9942 REGULAR DEBUG - "Google::__construct Request to Google: Pixel: CjwKCAjw67XpBRBqEiwA5RCocXFgFA06hcmsHkWfSrQ79rbqjpqVw0AKh_iXik1E6fzJ8iyWCAW0phoCao8QAvD_BwE@5ca789bda1686d2786acfbe2@5cae2c824056e470ce628d35 | Pub: "
[2019-07-16 07:41:03] 5d2da9bdd9942 REGULAR DEBUG - "Hit Google Msisdn: 56937567093 | Pixel : CjwKCAjw67XpBRBqEiwA5RCocXFgFA06hcmsHkWfSrQ79rbqjpqVw0AKh_iXik1E6fzJ8iyWCAW0phoCao8QAvD_BwE@5ca789bda1686d2786acfbe2@5cae2c824056e470ce628d35 | Response: OK"
[2019-07-16 07:41:03] 5d2da9bdd9942 REGULAR DEBUG - "Notification::sendPixelClick Ending."
[2019-07-16 07:41:03] 5d2da9bdd9942 REGULAR DEBUG - "Notification::savePixel Starting."
[2019-07-16 07:41:03] 5d2da9bdd9942 REGULAR DEBUG - "Pixel Log saved for Msisdn:56937567093 | MedioId: 589 | PaqueteId: 720"
[2019-07-16 07:41:03] 5d2da9bdd9942 REGULAR DEBUG - "Notification::savePixel Ending."
[2019-07-16 07:41:03] 5d2da9bdd9942 REGULAR DEBUG - "Notification::deletePresubscription Starting."
[2019-07-16 07:41:03] 5d2da9bdd9942 REGULAR DEBUG - "Notification::deletePresubscription Ending."
[2019-07-16 08:49:02] 5d2db9ad8dd28 REGULAR DEBUG - "Notification::sendPixelClick Starting."
[2019-07-16 08:49:02] 5d2db9ad8dd28 REGULAR DEBUG - "Google::__construct Request to Google: Pixel: EAIaIQobChMI4YO466y54wIVyIhkCh165A3KEAEYASAAEgLmE_D_BwE@5ca789bda1686d2786acfbe2@5ce82da8a6a72201919b929d | Pub: "
[2019-07-16 08:49:02] 5d2db9ad8dd28 REGULAR DEBUG - "Hit Google Msisdn: 56981212996 | Pixel : EAIaIQobChMI4YO466y54wIVyIhkCh165A3KEAEYASAAEgLmE_D_BwE@5ca789bda1686d2786acfbe2@5ce82da8a6a72201919b929d | Response: OK"
[2019-07-16 08:49:02] 5d2db9ad8dd28 REGULAR DEBUG - "Notification::sendPixelClick Ending."
[2019-07-16 08:49:02] 5d2db9ad8dd28 REGULAR DEBUG - "Notification::savePixel Starting."
[2019-07-16 08:49:02] 5d2db9ad8dd28 REGULAR DEBUG - "Pixel Log saved for Msisdn:56981212996 | MedioId: 600 | PaqueteId: 807"
[2019-07-16 08:49:02] 5d2db9ad8dd28 REGULAR DEBUG - "Notification::savePixel Ending."
[2019-07-16 08:49:02] 5d2db9ad8dd28 REGULAR DEBUG - "Notification::deletePresubscription Starting."
[2019-07-16 08:49:02] 5d2db9ad8dd28 REGULAR DEBUG - "Notification::deletePresubscription Ending."
[2019-07-16 09:41:02] 5d2dc5de0d5c1 REGULAR DEBUG - "Notification::sendPixelClick Starting."
[2019-07-16 09:41:02] 5d2dc5de0d5c1 REGULAR DEBUG - "Google::__construct Request to Google: Pixel: EAIaIQobChMIr_H2wLi54wIVFc5bCh1vAQzTEAEYASAAEgJdpPD_BwE@5ca789bda1686d2786acfbe2@5ce82da8a6a72201919b929d | Pub: "
[2019-07-16 09:41:03] 5d2dc5de0d5c1 REGULAR DEBUG - "Hit Google Msisdn: 56945348807 | Pixel : EAIaIQobChMIr_H2wLi54wIVFc5bCh1vAQzTEAEYASAAEgJdpPD_BwE@5ca789bda1686d2786acfbe2@5ce82da8a6a72201919b929d | Response: OK"
[2019-07-16 09:41:03] 5d2dc5de0d5c1 REGULAR DEBUG - "Notification::sendPixelClick Ending."
[2019-07-16 09:41:03] 5d2dc5de0d5c1 REGULAR DEBUG - "Notification::savePixel Starting."
[2019-07-16 09:41:03] 5d2dc5de0d5c1 REGULAR DEBUG - "Pixel Log saved for Msisdn:56945348807 | MedioId: 600 | PaqueteId: 807"
[2019-07-16 09:41:03] 5d2dc5de0d5c1 REGULAR DEBUG - "Notification::savePixel Ending."
[2019-07-16 09:41:03] 5d2dc5de0d5c1 REGULAR DEBUG - "Notification::deletePresubscription Starting."
[2019-07-16 09:41:03] 5d2dc5de0d5c1 REGULAR DEBUG - "Notification::deletePresubscription Ending."
[2019-07-16 10:31:02] 5d2dd195d4a8f REGULAR DEBUG - "Notification::sendPixelClick Starting."
[2019-07-16 10:31:02] 5d2dd195d4a8f REGULAR DEBUG - "Google::__construct Request to Google: Pixel: EAIaIQobChMI0L2Y2cO54wIVCRWGCh0p7wsREAEYASAAEgL_EvD_BwE@5ca789bda1686d2786acfbe2@5ce82da8a6a72201919b929d | Pub: "
[2019-07-16 10:31:03] 5d2dd195d4a8f REGULAR DEBUG - "Hit Google Msisdn: 56936266761 | Pixel : EAIaIQobChMI0L2Y2cO54wIVCRWGCh0p7wsREAEYASAAEgL_EvD_BwE@5ca789bda1686d2786acfbe2@5ce82da8a6a72201919b929d | Response: OK"
[2019-07-16 10:31:03] 5d2dd195d4a8f REGULAR DEBUG - "Notification::sendPixelClick Ending."
[2019-07-16 10:31:03] 5d2dd195d4a8f REGULAR DEBUG - "Notification::savePixel Starting."
[2019-07-16 10:31:03] 5d2dd195d4a8f REGULAR DEBUG - "Pixel Log saved for Msisdn:56936266761 | MedioId: 600 | PaqueteId: 807"
[2019-07-16 10:31:03] 5d2dd195d4a8f REGULAR DEBUG - "Notification::savePixel Ending."
[2019-07-16 10:31:03] 5d2dd195d4a8f REGULAR DEBUG - "Notification::deletePresubscription Starting."
[2019-07-16 10:31:03] 5d2dd195d4a8f REGULAR DEBUG - "Notification::deletePresubscription Ending."
