[2019-07-16 01:30:04] 5d2d52c9c58b8 REGULAR DEBUG - "Notification::sendPixelClick Starting."
[2019-07-16 01:30:04] 5d2d52c9c58b8 REGULAR DEBUG - "Google::__construct Request to Google: Pixel: EAIaIQobChMIyYnAtsm44wIVBGN-Ch0IcgM1EAEYAiAAEgI7K_D_BwE@5ca789bda1686d2786acfbe2@5cc3a9bd6f00a41f8cc80efb | Pub: "
[2019-07-16 01:30:04] 5d2d52c9c58b8 REGULAR DEBUG - "Hit Google Msisdn: 595992371618 | Pixel : EAIaIQobChMIyYnAtsm44wIVBGN-Ch0IcgM1EAEYAiAAEgI7K_D_BwE@5ca789bda1686d2786acfbe2@5cc3a9bd6f00a41f8cc80efb | Response: OK"
[2019-07-16 01:30:04] 5d2d52c9c58b8 REGULAR DEBUG - "Notification::sendPixelClick Ending."
[2019-07-16 01:30:04] 5d2d52c9c58b8 REGULAR DEBUG - "Notification::savePixel Starting."
[2019-07-16 01:30:04] 5d2d52c9c58b8 REGULAR DEBUG - "Pixel Log saved for Msisdn:595992371618 | MedioId: 591 | PaqueteId: 787"
[2019-07-16 01:30:04] 5d2d52c9c58b8 REGULAR DEBUG - "Notification::savePixel Ending."
[2019-07-16 01:30:04] 5d2d52c9c58b8 REGULAR DEBUG - "Notification::deletePresubscription Starting."
[2019-07-16 01:30:04] 5d2d52c9c58b8 REGULAR DEBUG - "Notification::deletePresubscription Ending."
[2019-07-16 01:30:04] 5d2d52c9c58b8 REGULAR DEBUG - "Notification::sendPixelClick Starting."
[2019-07-16 01:30:04] 5d2d52c9c58b8 REGULAR DEBUG - "Google::__construct Request to Google: Pixel: cancel | Pub: "
[2019-07-16 01:30:04] 5d2d52c9c58b8 REGULAR DEBUG - "Notification::sendPixelClick Ending."
[2019-07-16 01:30:04] 5d2d52c9c58b8 REGULAR DEBUG - "Notification::savePixel Starting."
[2019-07-16 01:30:04] 5d2d52c9c58b8 REGULAR DEBUG - "Pixel Log saved for Msisdn:595992217845 | MedioId: 591 | PaqueteId: 787"
[2019-07-16 01:30:04] 5d2d52c9c58b8 REGULAR DEBUG - "Notification::savePixel Ending."
[2019-07-16 01:30:04] 5d2d52c9c58b8 REGULAR DEBUG - "Notification::deletePresubscription Starting."
[2019-07-16 01:30:04] 5d2d52c9c58b8 REGULAR DEBUG - "Notification::deletePresubscription Ending."
[2019-07-16 03:15:03] 5d2d6b65a974f REGULAR DEBUG - "Notification::sendPixelClick Starting."
[2019-07-16 03:15:03] 5d2d6b65a974f REGULAR DEBUG - "Google::__construct Request to Google: Pixel: EAIaIQobChMIuoiJn-C44wIVLcnhCh1I0AijEAEYASAAEgLJafD_BwE@5ca789bda1686d2786acfbe2@5cc3a9bd6f00a41f8cc80efb | Pub:  "
[2019-07-16 03:15:03] 5d2d6b65a974f REGULAR DEBUG - "Hit Google Msisdn: 595991299595 | Pixel : EAIaIQobChMIuoiJn-C44wIVLcnhCh1I0AijEAEYASAAEgLJafD_BwE@5ca789bda1686d2786acfbe2@5cc3a9bd6f00a41f8cc80efb | Response: OK"
[2019-07-16 03:15:03] 5d2d6b65a974f REGULAR DEBUG - "Notification::sendPixelClick Ending."
[2019-07-16 03:15:03] 5d2d6b65a974f REGULAR DEBUG - "Notification::savePixel Starting."
[2019-07-16 03:15:03] 5d2d6b65a974f REGULAR DEBUG - "Pixel Log saved for Msisdn:595991299595 | MedioId: 591 | PaqueteId: 787"
[2019-07-16 03:15:03] 5d2d6b65a974f REGULAR DEBUG - "Notification::savePixel Ending."
[2019-07-16 03:15:03] 5d2d6b65a974f REGULAR DEBUG - "Notification::deletePresubscription Starting."
[2019-07-16 03:15:03] 5d2d6b65a974f REGULAR DEBUG - "Notification::deletePresubscription Ending."
[2019-07-16 07:09:02] 5d2da23d67932 REGULAR DEBUG - "Notification::sendPixelClick Starting."
[2019-07-16 07:09:02] 5d2da23d67932 REGULAR DEBUG - "Google::__construct Request to Google: Pixel: EAIaIQobChMInLrWzZa54wIVBBuGCh0b0gIMEAEYASAAEgIGovD_BwE@5ca789bda1686d2786acfbe2@5cc3a9bd6f00a41f8cc80efb | Pub: "
[2019-07-16 07:09:02] 5d2da23d67932 REGULAR DEBUG - "Hit Google Msisdn: 595994290585 | Pixel : EAIaIQobChMInLrWzZa54wIVBBuGCh0b0gIMEAEYASAAEgIGovD_BwE@5ca789bda1686d2786acfbe2@5cc3a9bd6f00a41f8cc80efb | Response: OK"
[2019-07-16 07:09:02] 5d2da23d67932 REGULAR DEBUG - "Notification::sendPixelClick Ending."
[2019-07-16 07:09:02] 5d2da23d67932 REGULAR DEBUG - "Notification::savePixel Starting."
[2019-07-16 07:09:02] 5d2da23d67932 REGULAR DEBUG - "Pixel Log saved for Msisdn:595994290585 | MedioId: 591 | PaqueteId: 787"
[2019-07-16 07:09:02] 5d2da23d67932 REGULAR DEBUG - "Notification::savePixel Ending."
[2019-07-16 07:09:02] 5d2da23d67932 REGULAR DEBUG - "Notification::deletePresubscription Starting."
[2019-07-16 07:09:02] 5d2da23d67932 REGULAR DEBUG - "Notification::deletePresubscription Ending."
