[2019-07-02 00:30:03] 5d1acfb962d3f REGULAR DEBUG - "Notification::sendPixelClick Starting."
[2019-07-02 00:30:03] 5d1acfb962d3f REGULAR DEBUG - "Google::__construct Request to Google: Pixel: EAIaIQobChMIqOuvgKGV4wIViI0bCh1jogTuEAEYASAAEgLGwPD_BwE@5ca789bda1686d2786acfbe2@5cf98ebf695fb00933d2a0da | Pub: "
[2019-07-02 00:30:03] 5d1acfb962d3f REGULAR DEBUG - "Hit Google Msisdn: 593959905335 | Pixel : EAIaIQobChMIqOuvgKGV4wIViI0bCh1jogTuEAEYASAAEgLGwPD_BwE@5ca789bda1686d2786acfbe2@5cf98ebf695fb00933d2a0da | Response: OK"
[2019-07-02 00:30:03] 5d1acfb962d3f REGULAR DEBUG - "Notification::sendPixelClick Ending."
[2019-07-02 00:30:03] 5d1acfb962d3f REGULAR DEBUG - "Notification::savePixel Starting."
[2019-07-02 00:30:03] 5d1acfb962d3f REGULAR DEBUG - "Pixel Log saved for Msisdn:593959905335 | MedioId: 573 | PaqueteId: 787"
[2019-07-02 00:30:03] 5d1acfb962d3f REGULAR DEBUG - "Notification::savePixel Ending."
[2019-07-02 00:30:03] 5d1acfb962d3f REGULAR DEBUG - "Notification::deletePresubscription Starting."
[2019-07-02 00:30:03] 5d1acfb962d3f REGULAR DEBUG - "Notification::deletePresubscription Ending."
[2019-07-02 00:30:03] 5d1acfb962d3f REGULAR DEBUG - "Notification::sendPixelClick Starting."
[2019-07-02 00:30:03] 5d1acfb962d3f REGULAR DEBUG - "Google::__construct Request to Google: Pixel: EAIaIQobChMI28WJh6KV4wIVRB-HCh0EVgnXEAEYASAAEgJAOPD_BwE@5ca789bda1686d2786acfbe2@5cf98ebf695fb00933d2a0da | Pub: "
[2019-07-02 00:30:03] 5d1acfb962d3f REGULAR DEBUG - "Hit Google Msisdn: 593982903372 | Pixel : EAIaIQobChMI28WJh6KV4wIVRB-HCh0EVgnXEAEYASAAEgJAOPD_BwE@5ca789bda1686d2786acfbe2@5cf98ebf695fb00933d2a0da | Response: OK"
[2019-07-02 00:30:03] 5d1acfb962d3f REGULAR DEBUG - "Notification::sendPixelClick Ending."
[2019-07-02 00:30:03] 5d1acfb962d3f REGULAR DEBUG - "Notification::savePixel Starting."
[2019-07-02 00:30:03] 5d1acfb962d3f REGULAR DEBUG - "Pixel Log saved for Msisdn:593982903372 | MedioId: 573 | PaqueteId: 787"
[2019-07-02 00:30:03] 5d1acfb962d3f REGULAR DEBUG - "Notification::savePixel Ending."
[2019-07-02 00:30:03] 5d1acfb962d3f REGULAR DEBUG - "Notification::deletePresubscription Starting."
[2019-07-02 00:30:03] 5d1acfb962d3f REGULAR DEBUG - "Notification::deletePresubscription Ending."
[2019-07-02 00:45:03] 5d1ad33dbcb5d REGULAR DEBUG - "Notification::sendPixelClick Starting."
[2019-07-02 00:45:03] 5d1ad33dbcb5d REGULAR DEBUG - "Google::__construct Request to Google: Pixel: Cj0KCQjw3uboBRDCARIsAO2XcYAeLPjSYSPlMD5xGgLv8Kj4LdusIPQvXPPeyYppHYOMyTihvLD3O3kaAps_EALw_wcB@5ca789bda1686d2786acfbe2@5cf98ebf695fb00933d2a0da | Pub: "
[2019-07-02 00:45:03] 5d1ad33dbcb5d REGULAR DEBUG - "Hit Google Msisdn: 593959156090 | Pixel : Cj0KCQjw3uboBRDCARIsAO2XcYAeLPjSYSPlMD5xGgLv8Kj4LdusIPQvXPPeyYppHYOMyTihvLD3O3kaAps_EALw_wcB@5ca789bda1686d2786acfbe2@5cf98ebf695fb00933d2a0da | Response: OK"
[2019-07-02 00:45:03] 5d1ad33dbcb5d REGULAR DEBUG - "Notification::sendPixelClick Ending."
[2019-07-02 00:45:03] 5d1ad33dbcb5d REGULAR DEBUG - "Notification::savePixel Starting."
[2019-07-02 00:45:03] 5d1ad33dbcb5d REGULAR DEBUG - "Pixel Log saved for Msisdn:593959156090 | MedioId: 573 | PaqueteId: 787"
[2019-07-02 00:45:03] 5d1ad33dbcb5d REGULAR DEBUG - "Notification::savePixel Ending."
[2019-07-02 00:45:03] 5d1ad33dbcb5d REGULAR DEBUG - "Notification::deletePresubscription Starting."
[2019-07-02 00:45:03] 5d1ad33dbcb5d REGULAR DEBUG - "Notification::deletePresubscription Ending."
[2019-07-02 01:00:03] 5d1ad6c21a79c REGULAR DEBUG - "Notification::sendPixelClick Starting."
[2019-07-02 01:00:03] 5d1ad6c21a79c REGULAR DEBUG - "Google::__construct Request to Google: Pixel: EAIaIQobChMI0JmYmKeV4wIVVkYMCh3L8Q1wEAEYASAAEgK0O_D_BwE@5ca789bda1686d2786acfbe2@5cf98ebf695fb00933d2a0da | Pub: "
[2019-07-02 01:00:04] 5d1ad6c21a79c REGULAR DEBUG - "Hit Google Msisdn: 593969561846 | Pixel : EAIaIQobChMI0JmYmKeV4wIVVkYMCh3L8Q1wEAEYASAAEgK0O_D_BwE@5ca789bda1686d2786acfbe2@5cf98ebf695fb00933d2a0da | Response: OK"
[2019-07-02 01:00:04] 5d1ad6c21a79c REGULAR DEBUG - "Notification::sendPixelClick Ending."
[2019-07-02 01:00:04] 5d1ad6c21a79c REGULAR DEBUG - "Notification::savePixel Starting."
[2019-07-02 01:00:04] 5d1ad6c21a79c REGULAR DEBUG - "Pixel Log saved for Msisdn:593969561846 | MedioId: 573 | PaqueteId: 787"
[2019-07-02 01:00:04] 5d1ad6c21a79c REGULAR DEBUG - "Notification::savePixel Ending."
[2019-07-02 01:00:04] 5d1ad6c21a79c REGULAR DEBUG - "Notification::deletePresubscription Starting."
[2019-07-02 01:00:04] 5d1ad6c21a79c REGULAR DEBUG - "Notification::deletePresubscription Ending."
[2019-07-02 01:15:03] 5d1ada45d0bf0 REGULAR DEBUG - "Notification::sendPixelClick Starting."
[2019-07-02 01:15:03] 5d1ada45d0bf0 REGULAR DEBUG - "Google::__construct Request to Google: Pixel: Cj0KCQjw3uboBRDCARIsAO2XcYBQfsI88ZLyxk3iWOyUKlVszfaXJbpNJU9UKA6NjDdAwyiesHB4uSgaAgR2EALw_wcB@5ca789bda1686d2786acfbe2@5cf98ebf695fb00933d2a0da | Pub: "
[2019-07-02 01:15:03] 5d1ada45d0bf0 REGULAR DEBUG - "Hit Google Msisdn: 593997580732 | Pixel : Cj0KCQjw3uboBRDCARIsAO2XcYBQfsI88ZLyxk3iWOyUKlVszfaXJbpNJU9UKA6NjDdAwyiesHB4uSgaAgR2EALw_wcB@5ca789bda1686d2786acfbe2@5cf98ebf695fb00933d2a0da | Response: OK"
[2019-07-02 01:15:03] 5d1ada45d0bf0 REGULAR DEBUG - "Notification::sendPixelClick Ending."
[2019-07-02 01:15:03] 5d1ada45d0bf0 REGULAR DEBUG - "Notification::savePixel Starting."
[2019-07-02 01:15:03] 5d1ada45d0bf0 REGULAR DEBUG - "Pixel Log saved for Msisdn:593997580732 | MedioId: 573 | PaqueteId: 787"
[2019-07-02 01:15:03] 5d1ada45d0bf0 REGULAR DEBUG - "Notification::savePixel Ending."
[2019-07-02 01:15:03] 5d1ada45d0bf0 REGULAR DEBUG - "Notification::deletePresubscription Starting."
[2019-07-02 01:15:03] 5d1ada45d0bf0 REGULAR DEBUG - "Notification::deletePresubscription Ending."
[2019-07-02 01:15:03] 5d1ada45d0bf0 REGULAR DEBUG - "Notification::sendPixelClick Starting."
[2019-07-02 01:15:03] 5d1ada45d0bf0 REGULAR DEBUG - "Google::__construct Request to Google: Pixel: Cj0KCQjw3uboBRDCARIsAO2XcYBSGQVlYU46_x_ptF8sqmo8xc_SzaSlQBpCv30F4FH7pS9qegVdww0aAnCdEALw_wcB@5ca789bda1686d2786acfbe2@5cf98ebf695fb00933d2a0da | Pub: "
[2019-07-02 01:15:04] 5d1ada45d0bf0 REGULAR DEBUG - "Hit Google Msisdn: 593990263812 | Pixel : Cj0KCQjw3uboBRDCARIsAO2XcYBSGQVlYU46_x_ptF8sqmo8xc_SzaSlQBpCv30F4FH7pS9qegVdww0aAnCdEALw_wcB@5ca789bda1686d2786acfbe2@5cf98ebf695fb00933d2a0da | Response: OK"
[2019-07-02 01:15:04] 5d1ada45d0bf0 REGULAR DEBUG - "Notification::sendPixelClick Ending."
[2019-07-02 01:15:04] 5d1ada45d0bf0 REGULAR DEBUG - "Notification::savePixel Starting."
[2019-07-02 01:15:04] 5d1ada45d0bf0 REGULAR DEBUG - "Pixel Log saved for Msisdn:593990263812 | MedioId: 573 | PaqueteId: 787"
[2019-07-02 01:15:04] 5d1ada45d0bf0 REGULAR DEBUG - "Notification::savePixel Ending."
[2019-07-02 01:15:04] 5d1ada45d0bf0 REGULAR DEBUG - "Notification::deletePresubscription Starting."
[2019-07-02 01:15:04] 5d1ada45d0bf0 REGULAR DEBUG - "Notification::deletePresubscription Ending."
[2019-07-02 01:30:03] 5d1addc969a62 REGULAR DEBUG - "Notification::sendPixelClick Starting."
[2019-07-02 01:30:03] 5d1addc969a62 REGULAR DEBUG - "Google::__construct Request to Google: Pixel: EAIaIQobChMIpYfZs7CV4wIVL-HhCh0KWA_VEAEYASAAEgLtVvD_BwE@5ca789bda1686d2786acfbe2@5cf98ebf695fb00933d2a0da | Pub: "
[2019-07-02 01:30:04] 5d1addc969a62 REGULAR DEBUG - "Hit Google Msisdn: 593989002166 | Pixel : EAIaIQobChMIpYfZs7CV4wIVL-HhCh0KWA_VEAEYASAAEgLtVvD_BwE@5ca789bda1686d2786acfbe2@5cf98ebf695fb00933d2a0da | Response: OK"
[2019-07-02 01:30:04] 5d1addc969a62 REGULAR DEBUG - "Notification::sendPixelClick Ending."
[2019-07-02 01:30:04] 5d1addc969a62 REGULAR DEBUG - "Notification::savePixel Starting."
[2019-07-02 01:30:04] 5d1addc969a62 REGULAR DEBUG - "Pixel Log saved for Msisdn:593989002166 | MedioId: 573 | PaqueteId: 787"
[2019-07-02 01:30:04] 5d1addc969a62 REGULAR DEBUG - "Notification::savePixel Ending."
[2019-07-02 01:30:04] 5d1addc969a62 REGULAR DEBUG - "Notification::deletePresubscription Starting."
[2019-07-02 01:30:04] 5d1addc969a62 REGULAR DEBUG - "Notification::deletePresubscription Ending."
[2019-07-02 01:45:03] 5d1ae14dc08f7 REGULAR DEBUG - "Notification::sendPixelClick Starting."
[2019-07-02 01:45:03] 5d1ae14dc08f7 REGULAR DEBUG - "Google::__construct Request to Google: Pixel: EAIaIQobChMIvbOhg7GV4wIVYIGDCB3C7gkWEAEYASAAEgL7IfD_BwE@5ca789bda1686d2786acfbe2@5cf98ebf695fb00933d2a0da | Pub: "
[2019-07-02 01:45:04] 5d1ae14dc08f7 REGULAR DEBUG - "Hit Google Msisdn: 593981624604 | Pixel : EAIaIQobChMIvbOhg7GV4wIVYIGDCB3C7gkWEAEYASAAEgL7IfD_BwE@5ca789bda1686d2786acfbe2@5cf98ebf695fb00933d2a0da | Response: OK"
[2019-07-02 01:45:04] 5d1ae14dc08f7 REGULAR DEBUG - "Notification::sendPixelClick Ending."
[2019-07-02 01:45:04] 5d1ae14dc08f7 REGULAR DEBUG - "Notification::savePixel Starting."
[2019-07-02 01:45:04] 5d1ae14dc08f7 REGULAR DEBUG - "Pixel Log saved for Msisdn:593981624604 | MedioId: 573 | PaqueteId: 787"
[2019-07-02 01:45:04] 5d1ae14dc08f7 REGULAR DEBUG - "Notification::savePixel Ending."
[2019-07-02 01:45:04] 5d1ae14dc08f7 REGULAR DEBUG - "Notification::deletePresubscription Starting."
[2019-07-02 01:45:04] 5d1ae14dc08f7 REGULAR DEBUG - "Notification::deletePresubscription Ending."
[2019-07-02 01:45:04] 5d1ae14dc08f7 REGULAR DEBUG - "Notification::sendPixelClick Starting."
[2019-07-02 01:45:04] 5d1ae14dc08f7 REGULAR DEBUG - "Google::__construct Request to Google: Pixel: EAIaIQobChMI1KXt-LKV4wIVjMXhCh3xswz_EAEYASAAEgIfnvD_BwE@5ca789bda1686d2786acfbe2@5cf997d1695fb00933d2aa55 | Pub: "
[2019-07-02 01:45:04] 5d1ae14dc08f7 REGULAR DEBUG - "Hit Google Msisdn: 593982664994 | Pixel : EAIaIQobChMI1KXt-LKV4wIVjMXhCh3xswz_EAEYASAAEgIfnvD_BwE@5ca789bda1686d2786acfbe2@5cf997d1695fb00933d2aa55 | Response: OK"
[2019-07-02 01:45:04] 5d1ae14dc08f7 REGULAR DEBUG - "Notification::sendPixelClick Ending."
[2019-07-02 01:45:04] 5d1ae14dc08f7 REGULAR DEBUG - "Notification::savePixel Starting."
[2019-07-02 01:45:04] 5d1ae14dc08f7 REGULAR DEBUG - "Pixel Log saved for Msisdn:593982664994 | MedioId: 473 | PaqueteId: 677"
[2019-07-02 01:45:04] 5d1ae14dc08f7 REGULAR DEBUG - "Notification::savePixel Ending."
[2019-07-02 01:45:04] 5d1ae14dc08f7 REGULAR DEBUG - "Notification::deletePresubscription Starting."
[2019-07-02 01:45:04] 5d1ae14dc08f7 REGULAR DEBUG - "Notification::deletePresubscription Ending."
[2019-07-02 01:45:04] 5d1ae14dc08f7 REGULAR DEBUG - "Notification::sendPixelClick Starting."
[2019-07-02 01:45:04] 5d1ae14dc08f7 REGULAR DEBUG - "Google::__construct Request to Google: Pixel: EAIaIQobChMIsc6vj7SV4wIViRGHCh3OBQDZEAEYASAAEgLnKvD_BwE@5ca789bda1686d2786acfbe2@5cf98ebf695fb00933d2a0da | Pub: "
[2019-07-02 01:45:04] 5d1ae14dc08f7 REGULAR DEBUG - "Hit Google Msisdn: 593979452961 | Pixel : EAIaIQobChMIsc6vj7SV4wIViRGHCh3OBQDZEAEYASAAEgLnKvD_BwE@5ca789bda1686d2786acfbe2@5cf98ebf695fb00933d2a0da | Response: OK"
[2019-07-02 01:45:04] 5d1ae14dc08f7 REGULAR DEBUG - "Notification::sendPixelClick Ending."
[2019-07-02 01:45:04] 5d1ae14dc08f7 REGULAR DEBUG - "Notification::savePixel Starting."
[2019-07-02 01:45:04] 5d1ae14dc08f7 REGULAR DEBUG - "Pixel Log saved for Msisdn:593979452961 | MedioId: 573 | PaqueteId: 787"
[2019-07-02 01:45:04] 5d1ae14dc08f7 REGULAR DEBUG - "Notification::savePixel Ending."
[2019-07-02 01:45:04] 5d1ae14dc08f7 REGULAR DEBUG - "Notification::deletePresubscription Starting."
[2019-07-02 01:45:04] 5d1ae14dc08f7 REGULAR DEBUG - "Notification::deletePresubscription Ending."
[2019-07-02 03:30:03] 5d1af9e9775d8 REGULAR DEBUG - "Notification::sendPixelClick Starting."
[2019-07-02 03:30:03] 5d1af9e9775d8 REGULAR DEBUG - "Google::__construct Request to Google: Pixel: EAIaIQobChMIj8LZr8uV4wIVbYTHCh3D1g9jEAEYASAAEgJZdfD_BwE@5ca789bda1686d2786acfbe2@5cf997d1695fb00933d2aa55 | Pub: "
[2019-07-02 03:30:03] 5d1af9e9775d8 REGULAR DEBUG - "Hit Google Msisdn: 593993406197 | Pixel : EAIaIQobChMIj8LZr8uV4wIVbYTHCh3D1g9jEAEYASAAEgJZdfD_BwE@5ca789bda1686d2786acfbe2@5cf997d1695fb00933d2aa55 | Response: OK"
[2019-07-02 03:30:03] 5d1af9e9775d8 REGULAR DEBUG - "Notification::sendPixelClick Ending."
[2019-07-02 03:30:03] 5d1af9e9775d8 REGULAR DEBUG - "Notification::savePixel Starting."
[2019-07-02 03:30:03] 5d1af9e9775d8 REGULAR DEBUG - "Pixel Log saved for Msisdn:593993406197 | MedioId: 473 | PaqueteId: 677"
[2019-07-02 03:30:03] 5d1af9e9775d8 REGULAR DEBUG - "Notification::savePixel Ending."
[2019-07-02 03:30:03] 5d1af9e9775d8 REGULAR DEBUG - "Notification::deletePresubscription Starting."
[2019-07-02 03:30:03] 5d1af9e9775d8 REGULAR DEBUG - "Notification::deletePresubscription Ending."
[2019-07-02 06:09:05] 5d1b1f2e00301 REGULAR DEBUG - "Notification::sendPixelClick Starting."
[2019-07-02 06:09:05] 5d1b1f2e00301 REGULAR DEBUG - "Google::__construct Request to Google: Pixel: EAIaIQobChMIntytiu-V4wIVxxWHCh3RBwvIEAEYASAAEgJ1jfD_BwE@5ca789bda1686d2786acfbe2@5cf98ebf695fb00933d2a0da | Pub: "
[2019-07-02 06:09:05] 5d1b1f2e00301 REGULAR DEBUG - "Hit Google Msisdn: 593988779490 | Pixel : EAIaIQobChMIntytiu-V4wIVxxWHCh3RBwvIEAEYASAAEgJ1jfD_BwE@5ca789bda1686d2786acfbe2@5cf98ebf695fb00933d2a0da | Response: OK"
[2019-07-02 06:09:05] 5d1b1f2e00301 REGULAR DEBUG - "Notification::sendPixelClick Ending."
[2019-07-02 06:09:05] 5d1b1f2e00301 REGULAR DEBUG - "Notification::savePixel Starting."
[2019-07-02 06:09:05] 5d1b1f2e00301 REGULAR DEBUG - "Pixel Log saved for Msisdn:593988779490 | MedioId: 573 | PaqueteId: 787"
[2019-07-02 06:09:05] 5d1b1f2e00301 REGULAR DEBUG - "Notification::savePixel Ending."
[2019-07-02 06:09:05] 5d1b1f2e00301 REGULAR DEBUG - "Notification::deletePresubscription Starting."
[2019-07-02 06:09:05] 5d1b1f2e00301 REGULAR DEBUG - "Notification::deletePresubscription Ending."
[2019-07-02 06:37:03] 5d1b25bd91afc REGULAR DEBUG - "Notification::sendPixelClick Starting."
[2019-07-02 06:37:03] 5d1b25bd91afc REGULAR DEBUG - "Google::__construct Request to Google: Pixel: EAIaIQobChMIroOftPWV4wIVjIWHCh3PEQ9kEAEYASAAEgKZxfD_BwE@5ca789bda1686d2786acfbe2@5cf98ebf695fb00933d2a0da | Pub: "
[2019-07-02 06:37:03] 5d1b25bd91afc REGULAR DEBUG - "Hit Google Msisdn: 593969819576 | Pixel : EAIaIQobChMIroOftPWV4wIVjIWHCh3PEQ9kEAEYASAAEgKZxfD_BwE@5ca789bda1686d2786acfbe2@5cf98ebf695fb00933d2a0da | Response: OK"
[2019-07-02 06:37:03] 5d1b25bd91afc REGULAR DEBUG - "Notification::sendPixelClick Ending."
[2019-07-02 06:37:03] 5d1b25bd91afc REGULAR DEBUG - "Notification::savePixel Starting."
[2019-07-02 06:37:03] 5d1b25bd91afc REGULAR DEBUG - "Pixel Log saved for Msisdn:593969819576 | MedioId: 573 | PaqueteId: 787"
[2019-07-02 06:37:03] 5d1b25bd91afc REGULAR DEBUG - "Notification::savePixel Ending."
[2019-07-02 06:37:03] 5d1b25bd91afc REGULAR DEBUG - "Notification::deletePresubscription Starting."
[2019-07-02 06:37:03] 5d1b25bd91afc REGULAR DEBUG - "Notification::deletePresubscription Ending."
[2019-07-02 07:33:02] 5d1b32dd3223b REGULAR DEBUG - "Notification::sendPixelClick Starting."
[2019-07-02 07:33:02] 5d1b32dd3223b REGULAR DEBUG - "Google::__construct Request to Google: Pixel: EAIaIQobChMIyqaTy4GW4wIV08LhCh3Mag-PEAEYASAAEgIvHvD_BwE@5ca789bda1686d2786acfbe2@5cf98ebf695fb00933d2a0da | Pub: "
[2019-07-02 07:33:02] 5d1b32dd3223b REGULAR DEBUG - "Hit Google Msisdn: 593990333174 | Pixel : EAIaIQobChMIyqaTy4GW4wIV08LhCh3Mag-PEAEYASAAEgIvHvD_BwE@5ca789bda1686d2786acfbe2@5cf98ebf695fb00933d2a0da | Response: OK"
[2019-07-02 07:33:02] 5d1b32dd3223b REGULAR DEBUG - "Notification::sendPixelClick Ending."
[2019-07-02 07:33:02] 5d1b32dd3223b REGULAR DEBUG - "Notification::savePixel Starting."
[2019-07-02 07:33:02] 5d1b32dd3223b REGULAR DEBUG - "Pixel Log saved for Msisdn:593990333174 | MedioId: 573 | PaqueteId: 787"
[2019-07-02 07:33:02] 5d1b32dd3223b REGULAR DEBUG - "Notification::savePixel Ending."
[2019-07-02 07:33:02] 5d1b32dd3223b REGULAR DEBUG - "Notification::deletePresubscription Starting."
[2019-07-02 07:33:02] 5d1b32dd3223b REGULAR DEBUG - "Notification::deletePresubscription Ending."
[2019-07-02 07:45:03] 5d1b35ad6f522 REGULAR DEBUG - "Notification::sendPixelClick Starting."
[2019-07-02 07:45:03] 5d1b35ad6f522 REGULAR DEBUG - "Google::__construct Request to Google: Pixel: EAIaIQobChMI7PCj2YSW4wIVLNThCh2ReQ9REAEYASAAEgL0MvD_BwE@5ca789bda1686d2786acfbe2@5cf98ebf695fb00933d2a0da | Pub: "
[2019-07-02 07:45:03] 5d1b35ad6f522 REGULAR DEBUG - "Hit Google Msisdn: 593968928584 | Pixel : EAIaIQobChMI7PCj2YSW4wIVLNThCh2ReQ9REAEYASAAEgL0MvD_BwE@5ca789bda1686d2786acfbe2@5cf98ebf695fb00933d2a0da | Response: OK"
[2019-07-02 07:45:03] 5d1b35ad6f522 REGULAR DEBUG - "Notification::sendPixelClick Ending."
[2019-07-02 07:45:03] 5d1b35ad6f522 REGULAR DEBUG - "Notification::savePixel Starting."
[2019-07-02 07:45:03] 5d1b35ad6f522 REGULAR DEBUG - "Pixel Log saved for Msisdn:593968928584 | MedioId: 573 | PaqueteId: 787"
[2019-07-02 07:45:03] 5d1b35ad6f522 REGULAR DEBUG - "Notification::savePixel Ending."
[2019-07-02 07:45:03] 5d1b35ad6f522 REGULAR DEBUG - "Notification::deletePresubscription Starting."
[2019-07-02 07:45:03] 5d1b35ad6f522 REGULAR DEBUG - "Notification::deletePresubscription Ending."
[2019-07-02 07:54:03] 5d1b37c9cf367 REGULAR DEBUG - "Notification::sendPixelClick Starting."
[2019-07-02 07:54:03] 5d1b37c9cf367 REGULAR DEBUG - "Google::__construct Request to Google: Pixel: EAIaIQobChMI3JaSp4aW4wIVBVnBCh2h_gpYEAEYASAAEgJ4FPD_BwE@5ca789bda1686d2786acfbe2@5cf98ebf695fb00933d2a0da | Pub: "
[2019-07-02 07:54:03] 5d1b37c9cf367 REGULAR DEBUG - "Hit Google Msisdn: 593968307045 | Pixel : EAIaIQobChMI3JaSp4aW4wIVBVnBCh2h_gpYEAEYASAAEgJ4FPD_BwE@5ca789bda1686d2786acfbe2@5cf98ebf695fb00933d2a0da | Response: OK"
[2019-07-02 07:54:03] 5d1b37c9cf367 REGULAR DEBUG - "Notification::sendPixelClick Ending."
[2019-07-02 07:54:03] 5d1b37c9cf367 REGULAR DEBUG - "Notification::savePixel Starting."
[2019-07-02 07:54:03] 5d1b37c9cf367 REGULAR DEBUG - "Pixel Log saved for Msisdn:593968307045 | MedioId: 573 | PaqueteId: 787"
[2019-07-02 07:54:03] 5d1b37c9cf367 REGULAR DEBUG - "Notification::savePixel Ending."
[2019-07-02 07:54:03] 5d1b37c9cf367 REGULAR DEBUG - "Notification::deletePresubscription Starting."
[2019-07-02 07:54:03] 5d1b37c9cf367 REGULAR DEBUG - "Notification::deletePresubscription Ending."
[2019-07-02 08:04:03] 5d1b3a21d71f2 REGULAR DEBUG - "Notification::sendPixelClick Starting."
[2019-07-02 08:04:03] 5d1b3a21d71f2 REGULAR DEBUG - "Google::__construct Request to Google: Pixel: EAIaIQobChMIg4j434iW4wIVkuGGCh0-Hg8-EAEYASAAEgI8xvD_BwE@5ca789bda1686d2786acfbe2@5cf98ebf695fb00933d2a0da | Pub: "
[2019-07-02 08:04:03] 5d1b3a21d71f2 REGULAR DEBUG - "Hit Google Msisdn: 593969821578 | Pixel : EAIaIQobChMIg4j434iW4wIVkuGGCh0-Hg8-EAEYASAAEgI8xvD_BwE@5ca789bda1686d2786acfbe2@5cf98ebf695fb00933d2a0da | Response: OK"
[2019-07-02 08:04:03] 5d1b3a21d71f2 REGULAR DEBUG - "Notification::sendPixelClick Ending."
[2019-07-02 08:04:03] 5d1b3a21d71f2 REGULAR DEBUG - "Notification::savePixel Starting."
[2019-07-02 08:04:03] 5d1b3a21d71f2 REGULAR DEBUG - "Pixel Log saved for Msisdn:593969821578 | MedioId: 573 | PaqueteId: 787"
[2019-07-02 08:04:03] 5d1b3a21d71f2 REGULAR DEBUG - "Notification::savePixel Ending."
[2019-07-02 08:04:03] 5d1b3a21d71f2 REGULAR DEBUG - "Notification::deletePresubscription Starting."
[2019-07-02 08:04:03] 5d1b3a21d71f2 REGULAR DEBUG - "Notification::deletePresubscription Ending."
[2019-07-02 08:08:03] 5d1b3b11a44c7 REGULAR DEBUG - "Notification::sendPixelClick Starting."
[2019-07-02 08:08:03] 5d1b3b11a44c7 REGULAR DEBUG - "Google::__construct Request to Google: Pixel: EAIaIQobChMIhq_t2ImW4wIV7u3hCh1sKApjEAEYASAAEgJ7b_D_BwE@5ca789bda1686d2786acfbe2@5cf98ebf695fb00933d2a0da | Pub: "
[2019-07-02 08:08:03] 5d1b3b11a44c7 REGULAR DEBUG - "Hit Google Msisdn: 593968062602 | Pixel : EAIaIQobChMIhq_t2ImW4wIV7u3hCh1sKApjEAEYASAAEgJ7b_D_BwE@5ca789bda1686d2786acfbe2@5cf98ebf695fb00933d2a0da | Response: OK"
[2019-07-02 08:08:03] 5d1b3b11a44c7 REGULAR DEBUG - "Notification::sendPixelClick Ending."
[2019-07-02 08:08:03] 5d1b3b11a44c7 REGULAR DEBUG - "Notification::savePixel Starting."
[2019-07-02 08:08:03] 5d1b3b11a44c7 REGULAR DEBUG - "Pixel Log saved for Msisdn:593968062602 | MedioId: 573 | PaqueteId: 787"
[2019-07-02 08:08:03] 5d1b3b11a44c7 REGULAR DEBUG - "Notification::savePixel Ending."
[2019-07-02 08:08:03] 5d1b3b11a44c7 REGULAR DEBUG - "Notification::deletePresubscription Starting."
[2019-07-02 08:08:03] 5d1b3b11a44c7 REGULAR DEBUG - "Notification::deletePresubscription Ending."
[2019-07-02 08:44:03] 5d1b4381b4ddc REGULAR DEBUG - "Notification::sendPixelClick Starting."
[2019-07-02 08:44:03] 5d1b4381b4ddc REGULAR DEBUG - "Google::__construct Request to Google: Pixel: Cj0KCQjwgezoBRDNARIsAGzEfe7jltSEP0GO7GxODWLuCYV9uYaDthZ3b2-jkV8WpDsfecP47oRC0g0aAtaPEALw_wcB@5ca789bda1686d2786acfbe2@5cf98ebf695fb00933d2a0da | Pub: "
[2019-07-02 08:44:03] 5d1b4381b4ddc REGULAR DEBUG - "Hit Google Msisdn: 593991634253 | Pixel : Cj0KCQjwgezoBRDNARIsAGzEfe7jltSEP0GO7GxODWLuCYV9uYaDthZ3b2-jkV8WpDsfecP47oRC0g0aAtaPEALw_wcB@5ca789bda1686d2786acfbe2@5cf98ebf695fb00933d2a0da | Response: OK"
[2019-07-02 08:44:03] 5d1b4381b4ddc REGULAR DEBUG - "Notification::sendPixelClick Ending."
[2019-07-02 08:44:03] 5d1b4381b4ddc REGULAR DEBUG - "Notification::savePixel Starting."
[2019-07-02 08:44:03] 5d1b4381b4ddc REGULAR DEBUG - "Pixel Log saved for Msisdn:593991634253 | MedioId: 573 | PaqueteId: 787"
[2019-07-02 08:44:03] 5d1b4381b4ddc REGULAR DEBUG - "Notification::savePixel Ending."
[2019-07-02 08:44:03] 5d1b4381b4ddc REGULAR DEBUG - "Notification::deletePresubscription Starting."
[2019-07-02 08:44:03] 5d1b4381b4ddc REGULAR DEBUG - "Notification::deletePresubscription Ending."
[2019-07-02 08:53:03] 5d1b459da3bd0 REGULAR DEBUG - "Notification::sendPixelClick Starting."
[2019-07-02 08:53:03] 5d1b459da3bd0 REGULAR DEBUG - "Google::__construct Request to Google: Pixel: Cj0KCQjwgezoBRDNARIsAGzEfe5oGNHMVPIaj6eIcETrPFHJowqgfpdn37O92O1Popi4Eb7mKVyu1AsaAhFTEALw_wcB@5ca789bda1686d2786acfbe2@5cf98ebf695fb00933d2a0da | Pub: "
[2019-07-02 08:53:03] 5d1b459da3bd0 REGULAR DEBUG - "Hit Google Msisdn: 593989975442 | Pixel : Cj0KCQjwgezoBRDNARIsAGzEfe5oGNHMVPIaj6eIcETrPFHJowqgfpdn37O92O1Popi4Eb7mKVyu1AsaAhFTEALw_wcB@5ca789bda1686d2786acfbe2@5cf98ebf695fb00933d2a0da | Response: OK"
[2019-07-02 08:53:03] 5d1b459da3bd0 REGULAR DEBUG - "Notification::sendPixelClick Ending."
[2019-07-02 08:53:03] 5d1b459da3bd0 REGULAR DEBUG - "Notification::savePixel Starting."
[2019-07-02 08:53:03] 5d1b459da3bd0 REGULAR DEBUG - "Pixel Log saved for Msisdn:593989975442 | MedioId: 573 | PaqueteId: 787"
[2019-07-02 08:53:03] 5d1b459da3bd0 REGULAR DEBUG - "Notification::savePixel Ending."
[2019-07-02 08:53:03] 5d1b459da3bd0 REGULAR DEBUG - "Notification::deletePresubscription Starting."
[2019-07-02 08:53:03] 5d1b459da3bd0 REGULAR DEBUG - "Notification::deletePresubscription Ending."
[2019-07-02 09:12:03] 5d1b4a1178c8e REGULAR DEBUG - "Notification::sendPixelClick Starting."
[2019-07-02 09:12:03] 5d1b4a1178c8e REGULAR DEBUG - "Google::__construct Request to Google: Pixel: EAIaIQobChMI37mC-peW4wIVgsLhCh3FtgXHEAEYASAAEgIRffD_BwE@5ca789bda1686d2786acfbe2@5cf997d1695fb00933d2aa55 | Pub: "
[2019-07-02 09:12:03] 5d1b4a1178c8e REGULAR DEBUG - "Hit Google Msisdn: 593979662497 | Pixel : EAIaIQobChMI37mC-peW4wIVgsLhCh3FtgXHEAEYASAAEgIRffD_BwE@5ca789bda1686d2786acfbe2@5cf997d1695fb00933d2aa55 | Response: OK"
[2019-07-02 09:12:03] 5d1b4a1178c8e REGULAR DEBUG - "Notification::sendPixelClick Ending."
[2019-07-02 09:12:03] 5d1b4a1178c8e REGULAR DEBUG - "Notification::savePixel Starting."
[2019-07-02 09:12:03] 5d1b4a1178c8e REGULAR DEBUG - "Pixel Log saved for Msisdn:593979662497 | MedioId: 473 | PaqueteId: 677"
[2019-07-02 09:12:03] 5d1b4a1178c8e REGULAR DEBUG - "Notification::savePixel Ending."
[2019-07-02 09:12:03] 5d1b4a1178c8e REGULAR DEBUG - "Notification::deletePresubscription Starting."
[2019-07-02 09:12:03] 5d1b4a1178c8e REGULAR DEBUG - "Notification::deletePresubscription Ending."
[2019-07-02 09:29:02] 5d1b4e0d50323 REGULAR DEBUG - "Notification::sendPixelClick Starting."
[2019-07-02 09:29:02] 5d1b4e0d50323 REGULAR DEBUG - "Google::__construct Request to Google: Pixel: EAIaIQobChMIvoj34ZuW4wIVmcjjBx2HNAR_EAEYASAAEgJclfD_BwE@5ca789bda1686d2786acfbe2@5cf98ebf695fb00933d2a0da | Pub: "
[2019-07-02 09:29:03] 5d1b4e0d50323 REGULAR DEBUG - "Hit Google Msisdn: 593997327733 | Pixel : EAIaIQobChMIvoj34ZuW4wIVmcjjBx2HNAR_EAEYASAAEgJclfD_BwE@5ca789bda1686d2786acfbe2@5cf98ebf695fb00933d2a0da | Response: OK"
[2019-07-02 09:29:03] 5d1b4e0d50323 REGULAR DEBUG - "Notification::sendPixelClick Ending."
[2019-07-02 09:29:03] 5d1b4e0d50323 REGULAR DEBUG - "Notification::savePixel Starting."
[2019-07-02 09:29:03] 5d1b4e0d50323 REGULAR DEBUG - "Pixel Log saved for Msisdn:593997327733 | MedioId: 573 | PaqueteId: 787"
[2019-07-02 09:29:03] 5d1b4e0d50323 REGULAR DEBUG - "Notification::savePixel Ending."
[2019-07-02 09:29:03] 5d1b4e0d50323 REGULAR DEBUG - "Notification::deletePresubscription Starting."
[2019-07-02 09:29:03] 5d1b4e0d50323 REGULAR DEBUG - "Notification::deletePresubscription Ending."
[2019-07-02 09:42:03] 5d1b51197a76e REGULAR DEBUG - "Notification::sendPixelClick Starting."
[2019-07-02 09:42:03] 5d1b51197a76e REGULAR DEBUG - "Google::__construct Request to Google: Pixel: EAIaIQobChMIm8XA7J6W4wIVCmLTCh0NVwHDEAEYASAAEgLqTvD_BwE@5ca789bda1686d2786acfbe2@5cf98ebf695fb00933d2a0da | Pub: "
[2019-07-02 09:42:03] 5d1b51197a76e REGULAR DEBUG - "Hit Google Msisdn: 593981506378 | Pixel : EAIaIQobChMIm8XA7J6W4wIVCmLTCh0NVwHDEAEYASAAEgLqTvD_BwE@5ca789bda1686d2786acfbe2@5cf98ebf695fb00933d2a0da | Response: OK"
[2019-07-02 09:42:03] 5d1b51197a76e REGULAR DEBUG - "Notification::sendPixelClick Ending."
[2019-07-02 09:42:03] 5d1b51197a76e REGULAR DEBUG - "Notification::savePixel Starting."
[2019-07-02 09:42:03] 5d1b51197a76e REGULAR DEBUG - "Pixel Log saved for Msisdn:593981506378 | MedioId: 573 | PaqueteId: 787"
[2019-07-02 09:42:03] 5d1b51197a76e REGULAR DEBUG - "Notification::savePixel Ending."
[2019-07-02 09:42:03] 5d1b51197a76e REGULAR DEBUG - "Notification::deletePresubscription Starting."
[2019-07-02 09:42:03] 5d1b51197a76e REGULAR DEBUG - "Notification::deletePresubscription Ending."
[2019-07-02 10:07:03] 5d1b56f5c31fb REGULAR DEBUG - "Notification::sendPixelClick Starting."
[2019-07-02 10:07:03] 5d1b56f5c31fb REGULAR DEBUG - "Google::__construct Request to Google: Pixel: EAIaIQobChMI3c62lKSW4wIVjNfeCh2hpQBfEAEYASAAEgKFI_D_BwE@5ca789bda1686d2786acfbe2@5cf98ebf695fb00933d2a0da | Pub: "
[2019-07-02 10:07:03] 5d1b56f5c31fb REGULAR DEBUG - "Hit Google Msisdn: 593986511395 | Pixel : EAIaIQobChMI3c62lKSW4wIVjNfeCh2hpQBfEAEYASAAEgKFI_D_BwE@5ca789bda1686d2786acfbe2@5cf98ebf695fb00933d2a0da | Response: OK"
[2019-07-02 10:07:03] 5d1b56f5c31fb REGULAR DEBUG - "Notification::sendPixelClick Ending."
[2019-07-02 10:07:03] 5d1b56f5c31fb REGULAR DEBUG - "Notification::savePixel Starting."
[2019-07-02 10:07:03] 5d1b56f5c31fb REGULAR DEBUG - "Pixel Log saved for Msisdn:593986511395 | MedioId: 573 | PaqueteId: 787"
[2019-07-02 10:07:03] 5d1b56f5c31fb REGULAR DEBUG - "Notification::savePixel Ending."
[2019-07-02 10:07:03] 5d1b56f5c31fb REGULAR DEBUG - "Notification::deletePresubscription Starting."
[2019-07-02 10:07:03] 5d1b56f5c31fb REGULAR DEBUG - "Notification::deletePresubscription Ending."
[2019-07-02 10:10:03] 5d1b57a9ecec7 REGULAR DEBUG - "Notification::sendPixelClick Starting."
[2019-07-02 10:10:03] 5d1b57a9ecec7 REGULAR DEBUG - "Google::__construct Request to Google: Pixel: EAIaIQobChMIg8KU9qSW4wIVCNPhCh2g9QznEAEYASAAEgIrhfD_BwE@5ca789bda1686d2786acfbe2@5cf98ebf695fb00933d2a0da | Pub: "
[2019-07-02 10:10:03] 5d1b57a9ecec7 REGULAR DEBUG - "Hit Google Msisdn: 593997126012 | Pixel : EAIaIQobChMIg8KU9qSW4wIVCNPhCh2g9QznEAEYASAAEgIrhfD_BwE@5ca789bda1686d2786acfbe2@5cf98ebf695fb00933d2a0da | Response: OK"
[2019-07-02 10:10:03] 5d1b57a9ecec7 REGULAR DEBUG - "Notification::sendPixelClick Ending."
[2019-07-02 10:10:03] 5d1b57a9ecec7 REGULAR DEBUG - "Notification::savePixel Starting."
[2019-07-02 10:10:03] 5d1b57a9ecec7 REGULAR DEBUG - "Pixel Log saved for Msisdn:593997126012 | MedioId: 573 | PaqueteId: 787"
[2019-07-02 10:10:03] 5d1b57a9ecec7 REGULAR DEBUG - "Notification::savePixel Ending."
[2019-07-02 10:10:03] 5d1b57a9ecec7 REGULAR DEBUG - "Notification::deletePresubscription Starting."
[2019-07-02 10:10:03] 5d1b57a9ecec7 REGULAR DEBUG - "Notification::deletePresubscription Ending."
[2019-07-02 10:20:03] 5d1b5a021d81b REGULAR DEBUG - "Notification::sendPixelClick Starting."
[2019-07-02 10:20:03] 5d1b5a021d81b REGULAR DEBUG - "Google::__construct Request to Google: Pixel: EAIaIQobChMIxO62iKeW4wIVhBiGCh2LvQJ6EAEYASAAEgIr_vD_BwE@5ca789bda1686d2786acfbe2@5cf98ebf695fb00933d2a0da | Pub: "
[2019-07-02 10:20:04] 5d1b5a021d81b REGULAR DEBUG - "Hit Google Msisdn: 593983593559 | Pixel : EAIaIQobChMIxO62iKeW4wIVhBiGCh2LvQJ6EAEYASAAEgIr_vD_BwE@5ca789bda1686d2786acfbe2@5cf98ebf695fb00933d2a0da | Response: OK"
[2019-07-02 10:20:04] 5d1b5a021d81b REGULAR DEBUG - "Notification::sendPixelClick Ending."
[2019-07-02 10:20:04] 5d1b5a021d81b REGULAR DEBUG - "Notification::savePixel Starting."
[2019-07-02 10:20:04] 5d1b5a021d81b REGULAR DEBUG - "Pixel Log saved for Msisdn:593983593559 | MedioId: 573 | PaqueteId: 787"
[2019-07-02 10:20:04] 5d1b5a021d81b REGULAR DEBUG - "Notification::savePixel Ending."
[2019-07-02 10:20:04] 5d1b5a021d81b REGULAR DEBUG - "Notification::deletePresubscription Starting."
[2019-07-02 10:20:04] 5d1b5a021d81b REGULAR DEBUG - "Notification::deletePresubscription Ending."
[2019-07-02 10:24:03] 5d1b5af1f34ce REGULAR DEBUG - "Notification::sendPixelClick Starting."
[2019-07-02 10:24:03] 5d1b5af1f34ce REGULAR DEBUG - "Google::__construct Request to Google: Pixel: EAIaIQobChMI8dqZj6iW4wIVidHVCh2iFQjfEAEYASAAEgLQKfD_BwE@5ca789bda1686d2786acfbe2@5cf98ebf695fb00933d2a0da | Pub: "
[2019-07-02 10:24:03] 5d1b5af1f34ce REGULAR DEBUG - "Hit Google Msisdn: 593985281757 | Pixel : EAIaIQobChMI8dqZj6iW4wIVidHVCh2iFQjfEAEYASAAEgLQKfD_BwE@5ca789bda1686d2786acfbe2@5cf98ebf695fb00933d2a0da | Response: OK"
[2019-07-02 10:24:03] 5d1b5af1f34ce REGULAR DEBUG - "Notification::sendPixelClick Ending."
[2019-07-02 10:24:03] 5d1b5af1f34ce REGULAR DEBUG - "Notification::savePixel Starting."
[2019-07-02 10:24:03] 5d1b5af1f34ce REGULAR DEBUG - "Pixel Log saved for Msisdn:593985281757 | MedioId: 573 | PaqueteId: 787"
[2019-07-02 10:24:03] 5d1b5af1f34ce REGULAR DEBUG - "Notification::savePixel Ending."
[2019-07-02 10:24:03] 5d1b5af1f34ce REGULAR DEBUG - "Notification::deletePresubscription Starting."
[2019-07-02 10:24:03] 5d1b5af1f34ce REGULAR DEBUG - "Notification::deletePresubscription Ending."
[2019-07-02 10:56:02] 5d1b627173eff REGULAR DEBUG - "Notification::sendPixelClick Starting."
[2019-07-02 10:56:02] 5d1b627173eff REGULAR DEBUG - "Google::__construct Request to Google: Pixel: EAIaIQobChMIh7eloK-W4wIVL-HhCh0KWA_VEAEYASAAEgJjzfD_BwE@5ca789bda1686d2786acfbe2@5cf997d1695fb00933d2aa55 | Pub: "
[2019-07-02 10:56:03] 5d1b627173eff REGULAR DEBUG - "Hit Google Msisdn: 593989371158 | Pixel : EAIaIQobChMIh7eloK-W4wIVL-HhCh0KWA_VEAEYASAAEgJjzfD_BwE@5ca789bda1686d2786acfbe2@5cf997d1695fb00933d2aa55 | Response: OK"
[2019-07-02 10:56:03] 5d1b627173eff REGULAR DEBUG - "Notification::sendPixelClick Ending."
[2019-07-02 10:56:03] 5d1b627173eff REGULAR DEBUG - "Notification::savePixel Starting."
[2019-07-02 10:56:03] 5d1b627173eff REGULAR DEBUG - "Pixel Log saved for Msisdn:593989371158 | MedioId: 473 | PaqueteId: 677"
[2019-07-02 10:56:03] 5d1b627173eff REGULAR DEBUG - "Notification::savePixel Ending."
[2019-07-02 10:56:03] 5d1b627173eff REGULAR DEBUG - "Notification::deletePresubscription Starting."
[2019-07-02 10:56:03] 5d1b627173eff REGULAR DEBUG - "Notification::deletePresubscription Ending."
[2019-07-02 11:00:03] 5d1b636208f7c REGULAR DEBUG - "Notification::sendPixelClick Starting."
[2019-07-02 11:00:03] 5d1b636208f7c REGULAR DEBUG - "Google::__construct Request to Google: Pixel: Cj0KCQjwgezoBRDNARIsAGzEfe4-d9qiF1e36Vg6G62AwEYSq2NH9MMCiCnsXfZwSwmM8_jh26z00gUaAlVZEALw_wcB@5ca789bda1686d2786acfbe2@5cf98ebf695fb00933d2a0da | Pub: "
[2019-07-02 11:00:04] 5d1b636208f7c REGULAR DEBUG - "Hit Google Msisdn: 593999541479 | Pixel : Cj0KCQjwgezoBRDNARIsAGzEfe4-d9qiF1e36Vg6G62AwEYSq2NH9MMCiCnsXfZwSwmM8_jh26z00gUaAlVZEALw_wcB@5ca789bda1686d2786acfbe2@5cf98ebf695fb00933d2a0da | Response: OK"
[2019-07-02 11:00:04] 5d1b636208f7c REGULAR DEBUG - "Notification::sendPixelClick Ending."
[2019-07-02 11:00:04] 5d1b636208f7c REGULAR DEBUG - "Notification::savePixel Starting."
[2019-07-02 11:00:04] 5d1b636208f7c REGULAR DEBUG - "Pixel Log saved for Msisdn:593999541479 | MedioId: 573 | PaqueteId: 787"
[2019-07-02 11:00:04] 5d1b636208f7c REGULAR DEBUG - "Notification::savePixel Ending."
[2019-07-02 11:00:04] 5d1b636208f7c REGULAR DEBUG - "Notification::deletePresubscription Starting."
[2019-07-02 11:00:04] 5d1b636208f7c REGULAR DEBUG - "Notification::deletePresubscription Ending."
[2019-07-02 11:19:03] 5d1b67d590f34 REGULAR DEBUG - "Notification::sendPixelClick Starting."
[2019-07-02 11:19:03] 5d1b67d590f34 REGULAR DEBUG - "Google::__construct Request to Google: Pixel: EAIaIQobChMI4sbutLSW4wIV2JEbCh26yg5LEAEYASAAEgLx3fD_BwE@5ca789bda1686d2786acfbe2@5cf98ebf695fb00933d2a0da | Pub: "
[2019-07-02 11:19:03] 5d1b67d590f34 REGULAR DEBUG - "Hit Google Msisdn: 593969803147 | Pixel : EAIaIQobChMI4sbutLSW4wIV2JEbCh26yg5LEAEYASAAEgLx3fD_BwE@5ca789bda1686d2786acfbe2@5cf98ebf695fb00933d2a0da | Response: OK"
[2019-07-02 11:19:03] 5d1b67d590f34 REGULAR DEBUG - "Notification::sendPixelClick Ending."
[2019-07-02 11:19:03] 5d1b67d590f34 REGULAR DEBUG - "Notification::savePixel Starting."
[2019-07-02 11:19:03] 5d1b67d590f34 REGULAR DEBUG - "Pixel Log saved for Msisdn:593969803147 | MedioId: 573 | PaqueteId: 787"
[2019-07-02 11:19:03] 5d1b67d590f34 REGULAR DEBUG - "Notification::savePixel Ending."
[2019-07-02 11:19:03] 5d1b67d590f34 REGULAR DEBUG - "Notification::deletePresubscription Starting."
[2019-07-02 11:19:03] 5d1b67d590f34 REGULAR DEBUG - "Notification::deletePresubscription Ending."
[2019-07-02 11:27:03] 5d1b69b615a9f REGULAR DEBUG - "Notification::sendPixelClick Starting."
[2019-07-02 11:27:03] 5d1b69b615a9f REGULAR DEBUG - "Google::__construct Request to Google: Pixel: EAIaIQobChMInMukl7aW4wIVEYrtCh0xzglhEAEYASAAEgLcifD_BwE@5ca789bda1686d2786acfbe2@5cf98ebf695fb00933d2a0da | Pub: "
[2019-07-02 11:27:03] 5d1b69b615a9f REGULAR DEBUG - "Hit Google Msisdn: 593989144214 | Pixel : EAIaIQobChMInMukl7aW4wIVEYrtCh0xzglhEAEYASAAEgLcifD_BwE@5ca789bda1686d2786acfbe2@5cf98ebf695fb00933d2a0da | Response: OK"
[2019-07-02 11:27:03] 5d1b69b615a9f REGULAR DEBUG - "Notification::sendPixelClick Ending."
[2019-07-02 11:27:03] 5d1b69b615a9f REGULAR DEBUG - "Notification::savePixel Starting."
[2019-07-02 11:27:03] 5d1b69b615a9f REGULAR DEBUG - "Pixel Log saved for Msisdn:593989144214 | MedioId: 573 | PaqueteId: 787"
[2019-07-02 11:27:03] 5d1b69b615a9f REGULAR DEBUG - "Notification::savePixel Ending."
[2019-07-02 11:27:03] 5d1b69b615a9f REGULAR DEBUG - "Notification::deletePresubscription Starting."
[2019-07-02 11:27:03] 5d1b69b615a9f REGULAR DEBUG - "Notification::deletePresubscription Ending."
[2019-07-02 11:29:04] 5d1b6a2dd70a8 REGULAR DEBUG - "Notification::sendPixelClick Starting."
[2019-07-02 11:29:04] 5d1b6a2dd70a8 REGULAR DEBUG - "Google::__construct Request to Google: Pixel: EAIaIQobChMI24bWzbaW4wIVJaftCh16QQ4sEAEYASAAEgKrKPD_BwE@5ca789bda1686d2786acfbe2@5cf997d1695fb00933d2aa55 | Pub: "
[2019-07-02 11:29:04] 5d1b6a2dd70a8 REGULAR DEBUG - "Hit Google Msisdn: 593996511951 | Pixel : EAIaIQobChMI24bWzbaW4wIVJaftCh16QQ4sEAEYASAAEgKrKPD_BwE@5ca789bda1686d2786acfbe2@5cf997d1695fb00933d2aa55 | Response: OK"
[2019-07-02 11:29:04] 5d1b6a2dd70a8 REGULAR DEBUG - "Notification::sendPixelClick Ending."
[2019-07-02 11:29:04] 5d1b6a2dd70a8 REGULAR DEBUG - "Notification::savePixel Starting."
[2019-07-02 11:29:04] 5d1b6a2dd70a8 REGULAR DEBUG - "Pixel Log saved for Msisdn:593996511951 | MedioId: 473 | PaqueteId: 677"
[2019-07-02 11:29:04] 5d1b6a2dd70a8 REGULAR DEBUG - "Notification::savePixel Ending."
[2019-07-02 11:29:04] 5d1b6a2dd70a8 REGULAR DEBUG - "Notification::deletePresubscription Starting."
[2019-07-02 11:29:04] 5d1b6a2dd70a8 REGULAR DEBUG - "Notification::deletePresubscription Ending."
[2019-07-02 11:40:03] 5d1b6cc2299ff REGULAR DEBUG - "Notification::sendPixelClick Starting."
[2019-07-02 11:40:03] 5d1b6cc2299ff REGULAR DEBUG - "Google::__construct Request to Google: Pixel: EAIaIQobChMIwomXlrmW4wIViRGHCh3OBQDZEAEYASAAEgJWKvD_BwE@5ca789bda1686d2786acfbe2@5cf98ebf695fb00933d2a0da | Pub: "
[2019-07-02 11:40:04] 5d1b6cc2299ff REGULAR DEBUG - "Hit Google Msisdn: 593991840090 | Pixel : EAIaIQobChMIwomXlrmW4wIViRGHCh3OBQDZEAEYASAAEgJWKvD_BwE@5ca789bda1686d2786acfbe2@5cf98ebf695fb00933d2a0da | Response: OK"
[2019-07-02 11:40:04] 5d1b6cc2299ff REGULAR DEBUG - "Notification::sendPixelClick Ending."
[2019-07-02 11:40:04] 5d1b6cc2299ff REGULAR DEBUG - "Notification::savePixel Starting."
[2019-07-02 11:40:04] 5d1b6cc2299ff REGULAR DEBUG - "Pixel Log saved for Msisdn:593991840090 | MedioId: 573 | PaqueteId: 787"
[2019-07-02 11:40:04] 5d1b6cc2299ff REGULAR DEBUG - "Notification::savePixel Ending."
[2019-07-02 11:40:04] 5d1b6cc2299ff REGULAR DEBUG - "Notification::deletePresubscription Starting."
[2019-07-02 11:40:04] 5d1b6cc2299ff REGULAR DEBUG - "Notification::deletePresubscription Ending."
[2019-07-02 11:41:03] 5d1b6cfdd31af REGULAR DEBUG - "Notification::sendPixelClick Starting."
[2019-07-02 11:41:03] 5d1b6cfdd31af REGULAR DEBUG - "Google::__construct Request to Google: Pixel: EAIaIQobChMIhrrbq7mW4wIVxhSHCh2wlAxTEAEYASAAEgK8wvD_BwE@5ca789bda1686d2786acfbe2@5cf98ebf695fb00933d2a0da | Pub: "
[2019-07-02 11:41:03] 5d1b6cfdd31af REGULAR DEBUG - "Hit Google Msisdn: 593994289605 | Pixel : EAIaIQobChMIhrrbq7mW4wIVxhSHCh2wlAxTEAEYASAAEgK8wvD_BwE@5ca789bda1686d2786acfbe2@5cf98ebf695fb00933d2a0da | Response: OK"
[2019-07-02 11:41:03] 5d1b6cfdd31af REGULAR DEBUG - "Notification::sendPixelClick Ending."
[2019-07-02 11:41:03] 5d1b6cfdd31af REGULAR DEBUG - "Notification::savePixel Starting."
[2019-07-02 11:41:03] 5d1b6cfdd31af REGULAR DEBUG - "Pixel Log saved for Msisdn:593994289605 | MedioId: 573 | PaqueteId: 787"
[2019-07-02 11:41:03] 5d1b6cfdd31af REGULAR DEBUG - "Notification::savePixel Ending."
[2019-07-02 11:41:03] 5d1b6cfdd31af REGULAR DEBUG - "Notification::deletePresubscription Starting."
[2019-07-02 11:41:03] 5d1b6cfdd31af REGULAR DEBUG - "Notification::deletePresubscription Ending."
[2019-07-02 15:38:03] 5d1ba489d8362 REGULAR DEBUG - "Notification::sendPixelClick Starting."
[2019-07-02 15:38:03] 5d1ba489d8362 REGULAR DEBUG - "Google::__construct Request to Google: Pixel: EAIaIQobChMIovjTl-6W4wIV2wytBh2EygNBEAEYASAAEgKmD_D_BwE@5ca789bda1686d2786acfbe2@5cf997d1695fb00933d2aa55 | Pub: "
[2019-07-02 15:38:03] 5d1ba489d8362 REGULAR DEBUG - "Hit Google Msisdn: 593981279006 | Pixel : EAIaIQobChMIovjTl-6W4wIV2wytBh2EygNBEAEYASAAEgKmD_D_BwE@5ca789bda1686d2786acfbe2@5cf997d1695fb00933d2aa55 | Response: OK"
[2019-07-02 15:38:03] 5d1ba489d8362 REGULAR DEBUG - "Notification::sendPixelClick Ending."
[2019-07-02 15:38:03] 5d1ba489d8362 REGULAR DEBUG - "Notification::savePixel Starting."
[2019-07-02 15:38:03] 5d1ba489d8362 REGULAR DEBUG - "Pixel Log saved for Msisdn:593981279006 | MedioId: 473 | PaqueteId: 677"
[2019-07-02 15:38:03] 5d1ba489d8362 REGULAR DEBUG - "Notification::savePixel Ending."
[2019-07-02 15:38:03] 5d1ba489d8362 REGULAR DEBUG - "Notification::deletePresubscription Starting."
[2019-07-02 15:38:03] 5d1ba489d8362 REGULAR DEBUG - "Notification::deletePresubscription Ending."
[2019-07-02 15:47:03] 5d1ba6a5b5425 REGULAR DEBUG - "Notification::sendPixelClick Starting."
[2019-07-02 15:47:03] 5d1ba6a5b5425 REGULAR DEBUG - "Google::__construct Request to Google: Pixel: Cj0KCQjwgezoBRDNARIsAGzEfe6hndZTJOMaFlvVvS36fUiHa1tugtll3yMsndrKWtdUAbyq4_C-U-UaAsoUEALw_wcB@5ca789bda1686d2786acfbe2@5cf98ebf695fb00933d2a0da | Pub: "
[2019-07-02 15:47:03] 5d1ba6a5b5425 REGULAR DEBUG - "Hit Google Msisdn: 593959406838 | Pixel : Cj0KCQjwgezoBRDNARIsAGzEfe6hndZTJOMaFlvVvS36fUiHa1tugtll3yMsndrKWtdUAbyq4_C-U-UaAsoUEALw_wcB@5ca789bda1686d2786acfbe2@5cf98ebf695fb00933d2a0da | Response: OK"
[2019-07-02 15:47:03] 5d1ba6a5b5425 REGULAR DEBUG - "Notification::sendPixelClick Ending."
[2019-07-02 15:47:03] 5d1ba6a5b5425 REGULAR DEBUG - "Notification::savePixel Starting."
[2019-07-02 15:47:03] 5d1ba6a5b5425 REGULAR DEBUG - "Pixel Log saved for Msisdn:593959406838 | MedioId: 573 | PaqueteId: 787"
[2019-07-02 15:47:03] 5d1ba6a5b5425 REGULAR DEBUG - "Notification::savePixel Ending."
[2019-07-02 15:47:03] 5d1ba6a5b5425 REGULAR DEBUG - "Notification::deletePresubscription Starting."
[2019-07-02 15:47:03] 5d1ba6a5b5425 REGULAR DEBUG - "Notification::deletePresubscription Ending."
